2026-02-22 23:10:08,573 [INFO] ============================================================
2026-02-22 23:10:08,573 [INFO] PINN-FEM Generic Solver Log
2026-02-22 23:10:08,573 [INFO] Timestamp: 2026-02-22 23:10:08
2026-02-22 23:10:08,573 [INFO] Problem file: example9.json
2026-02-22 23:10:08,573 [INFO] Log file: example9.log
2026-02-22 23:10:08,574 [INFO] ============================================================
2026-02-22 23:10:08,574 [INFO] Output file will be: example9.res.json
2026-02-22 23:10:08,574 [INFO] ============================================================
2026-02-22 23:10:08,574 [INFO] 
[STEP 1] Parsing problem file...
2026-02-22 23:10:08,574 [DEBUG] 
[DEBUG] Starting parse_problem...
2026-02-22 23:10:08,575 [DEBUG] [DEBUG] Nodes: 4, DOFs: 8
2026-02-22 23:10:08,575 [DEBUG] [DEBUG] Node coordinates:
[[0. 0.]
 [1. 0.]
 [2. 0.]
 [3. 0.]]
2026-02-22 23:10:08,575 [DEBUG] [DEBUG] Elements: 3
2026-02-22 23:10:08,575 [DEBUG] [DEBUG] Element connectivity:
[[0 1]
 [1 2]
 [2 3]]
2026-02-22 23:10:08,575 [DEBUG] [DEBUG] Fixed DOFs: [0 1 3 5 7]
2026-02-22 23:10:08,575 [DEBUG] [DEBUG] External loads: [0. 0. 0. 0. 0. 0. 1. 0.]
2026-02-22 23:10:08,575 [DEBUG] [DEBUG] Base material: E=1.0, A=1.0, rho=1.0
2026-02-22 23:10:08,576 [DEBUG] [DEBUG] Young: NNProperty (scale=1.0, input_dim=3)
2026-02-22 23:10:08,576 [DEBUG] [DEBUG] Area: Scalar (1.0)
2026-02-22 23:10:08,576 [DEBUG] [DEBUG] Density: Scalar (1.0)
2026-02-22 23:10:08,576 [DEBUG] [DEBUG] Material created successfully
2026-02-22 23:10:08,576 [DEBUG] [DEBUG] Detected problem dimension: 2D
2026-02-22 23:10:08,576 [DEBUG] [DEBUG] Solver config: method=full-nr, tol=1e-06, max_iter=1000
2026-02-22 23:10:08,576 [DEBUG] [DEBUG] Alpha weights: physics=1.0, data=100.0
2026-02-22 23:10:08,576 [DEBUG] [DEBUG] parse_problem completed successfully
2026-02-22 23:10:08,576 [INFO] [OK] Problem parsed successfully
2026-02-22 23:10:08,576 [INFO] 
[STEP 2] Solving problem...
2026-02-22 23:10:08,577 [INFO] 
============================================================
2026-02-22 23:10:08,577 [INFO] UNIFIED SOLVER
2026-02-22 23:10:08,577 [INFO] ============================================================
2026-02-22 23:10:08,577 [INFO] Nodes: 4
2026-02-22 23:10:08,577 [INFO] Elements: 3
2026-02-22 23:10:08,577 [INFO] Fixed DOFs: 5
2026-02-22 23:10:08,577 [INFO] Has NN: True
2026-02-22 23:10:08,577 [INFO] Has measurements: False
2026-02-22 23:10:08,577 [INFO] Solver method: full-nr

 Inc |  Load Factor |     Status
----------------------------------------
   1 |       0.1000 | COLD_START
=== FULL NEWTON-RAPHSON WITH HESSIAN ===
Target load factor: 0.1
NN parameters: 6 tensors
Measured DOFs: None
   0 |    1.579e+01 |    1.579e+01 |    0.000e+00 |    0.000e+00 |  0.000e+00 |  1.082e+00
  [0] Computing full Hessian 3×3 + 161×161...
  [WARNING] Hessian computation failed: element 0 of tensors does not require grad and does not have a grad_fn
  [FALLBACK] Using gradient descent step...
   1 |    1.572e+01 |    1.572e+01 |    0.000e+00 |    0.000e+00 |  0.000e+00 |  1.082e+00
  [1] Computing full Hessian 3×3 + 161×161...
  [WARNING] Hessian computation failed: element 0 of tensors does not require grad and does not have a grad_fn
  [FALLBACK] Using gradient descent step...
   2 |    1.564e+01 |    1.564e+01 |    0.000e+00 |    0.000e+00 |  0.000e+00 |  1.082e+00
  [2] Computing full Hessian 3×3 + 161×161...
  [WARNING] Hessian computation failed: element 0 of tensors does not require grad and does not have a grad_fn
  [FALLBACK] Using gradient descent step...
   3 |    1.557e+01 |    1.557e+01 |    0.000e+00 |    0.000e+00 |  0.000e+00 |  1.081e+00
  [3] Computing full Hessian 3×3 + 161×161...
  [WARNING] Hessian computation failed: element 0 of tensors does not require grad and does not have a grad_fn
  [FALLBACK] Using gradient descent step...
   4 |    1.549e+01 |    1.549e+01 |    0.000e+00 |    0.000e+00 |  0.000e+00 |  1.081e+00
  [4] Computing full Hessian 3×3 + 161×161...
  [WARNING] Hessian computation failed: element 0 of tensors does not require grad and does not have a grad_fn
  [FALLBACK] Using gradient descent step...
  [5] Computing full Hessian 3×3 + 161×161...
  [WARNING] Hessian computation failed: element 0 of tensors does not require grad and does not have a grad_fn
  [FALLBACK] Using gradient descent step...
  [6] Computing full Hessian 3×3 + 161×161...
  [WARNING] Hessian computation failed: element 0 of tensors does not require grad and does not have a grad_fn
  [FALLBACK] Using gradient descent step...
  [7] Computing full Hessian 3×3 + 161×161...
  [WARNING] Hessian computation failed: element 0 of tensors does not require grad and does not have a grad_fn
  [FALLBACK] Using gradient descent step...
  [8] Computing full Hessian 3×3 + 161×161...
  [WARNING] Hessian computation failed: element 0 of tensors does not require grad and does not have a grad_fn
  [FALLBACK] Using gradient descent step...
  [9] Computing full Hessian 3×3 + 161×161...
  [WARNING] Hessian computation failed: element 0 of tensors does not require grad and does not have a grad_fn
  [FALLBACK] Using gradient descent step...
  10 |    1.506e+01 |    1.506e+01 |    0.000e+00 |    0.000e+00 |  0.000e+00 |  1.078e+00
  [10] Computing full Hessian 3×3 + 161×161...
  [WARNING] Hessian computation failed: element 0 of tensors does not require grad and does not have a grad_fn
  [FALLBACK] Using gradient descent step...
  [11] Computing full Hessian 3×3 + 161×161...
  [WARNING] Hessian computation failed: element 0 of tensors does not require grad and does not have a grad_fn
  [FALLBACK] Using gradient descent step...
  [12] Computing full Hessian 3×3 + 161×161...
  [WARNING] Hessian computation failed: element 0 of tensors does not require grad and does not have a grad_fn
  [FALLBACK] Using gradient descent step...
  [13] Computing full Hessian 3×3 + 161×161...
  [WARNING] Hessian computation failed: element 0 of tensors does not require grad and does not have a grad_fn
  [FALLBACK] Using gradient descent step...
  [14] Computing full Hessian 3×3 + 161×161...
  [WARNING] Hessian computation failed: element 0 of tensors does not require grad and does not have a grad_fn
  [FALLBACK] Using gradient descent step...
  [15] Computing full Hessian 3×3 + 161×161...
  [WARNING] Hessian computation failed: element 0 of tensors does not require grad and does not have a grad_fn
  [FALLBACK] Using gradient descent step...
  [16] Computing full Hessian 3×3 + 161×161...
  [WARNING] Hessian computation failed: element 0 of tensors does not require grad and does not have a grad_fn
  [FALLBACK] Using gradient descent step...
  [17] Computing full Hessian 3×3 + 161×161...
  [WARNING] Hessian computation failed: element 0 of tensors does not require grad and does not have a grad_fn
  [FALLBACK] Using gradient descent step...
  [18] Computing full Hessian 3×3 + 161×161...
  [WARNING] Hessian computation failed: element 0 of tensors does not require grad and does not have a grad_fn
  [FALLBACK] Using gradient descent step...
  [19] Computing full Hessian 3×3 + 161×161...
  [WARNING] Hessian computation failed: element 0 of tensors does not require grad and does not have a grad_fn
  [FALLBACK] Using gradient descent step...
  20 |    1.438e+01 |    1.438e+01 |    0.000e+00 |    0.000e+00 |  0.000e+00 |  1.075e+00
  [20] Computing full Hessian 3×3 + 161×161...
  [WARNING] Hessian computation failed: element 0 of tensors does not require grad and does not have a grad_fn
  [FALLBACK] Using gradient descent step...
  [21] Computing full Hessian 3×3 + 161×161...
  [WARNING] Hessian computation failed: element 0 of tensors does not require grad and does not have a grad_fn
  [FALLBACK] Using gradient descent step...
  [22] Computing full Hessian 3×3 + 161×161...
  [WARNING] Hessian computation failed: element 0 of tensors does not require grad and does not have a grad_fn
  [FALLBACK] Using gradient descent step...
  [23] Computing full Hessian 3×3 + 161×161...
  [WARNING] Hessian computation failed: element 0 of tensors does not require grad and does not have a grad_fn
  [FALLBACK] Using gradient descent step...
  [24] Computing full Hessian 3×3 + 161×161...
  [WARNING] Hessian computation failed: element 0 of tensors does not require grad and does not have a grad_fn
  [FALLBACK] Using gradient descent step...
  [25] Computing full Hessian 3×3 + 161×161...
  [WARNING] Hessian computation failed: element 0 of tensors does not require grad and does not have a grad_fn
  [FALLBACK] Using gradient descent step...
  [26] Computing full Hessian 3×3 + 161×161...
  [WARNING] Hessian computation failed: element 0 of tensors does not require grad and does not have a grad_fn
  [FALLBACK] Using gradient descent step...
  [27] Computing full Hessian 3×3 + 161×161...
  [WARNING] Hessian computation failed: element 0 of tensors does not require grad and does not have a grad_fn
  [FALLBACK] Using gradient descent step...
  [28] Computing full Hessian 3×3 + 161×161...
  [WARNING] Hessian computation failed: element 0 of tensors does not require grad and does not have a grad_fn
  [FALLBACK] Using gradient descent step...
  [29] Computing full Hessian 3×3 + 161×161...
  [WARNING] Hessian computation failed: element 0 of tensors does not require grad and does not have a grad_fn
  [FALLBACK] Using gradient descent step...
  30 |    1.375e+01 |    1.375e+01 |    0.000e+00 |    0.000e+00 |  0.000e+00 |  1.072e+00
  [30] Computing full Hessian 3×3 + 161×161...
  [WARNING] Hessian computation failed: element 0 of tensors does not require grad and does not have a grad_fn
  [FALLBACK] Using gradient descent step...
  [31] Computing full Hessian 3×3 + 161×161...
  [WARNING] Hessian computation failed: element 0 of tensors does not require grad and does not have a grad_fn
  [FALLBACK] Using gradient descent step...
  [32] Computing full Hessian 3×3 + 161×161...
  [WARNING] Hessian computation failed: element 0 of tensors does not require grad and does not have a grad_fn
  [FALLBACK] Using gradient descent step...
  [33] Computing full Hessian 3×3 + 161×161...
  [WARNING] Hessian computation failed: element 0 of tensors does not require grad and does not have a grad_fn
  [FALLBACK] Using gradient descent step...
  [34] Computing full Hessian 3×3 + 161×161...
  [WARNING] Hessian computation failed: element 0 of tensors does not require grad and does not have a grad_fn
  [FALLBACK] Using gradient descent step...
  [35] Computing full Hessian 3×3 + 161×161...
  [WARNING] Hessian computation failed: element 0 of tensors does not require grad and does not have a grad_fn
  [FALLBACK] Using gradient descent step...
  [36] Computing full Hessian 3×3 + 161×161...
  [WARNING] Hessian computation failed: element 0 of tensors does not require grad and does not have a grad_fn
  [FALLBACK] Using gradient descent step...
  [37] Computing full Hessian 3×3 + 161×161...
  [WARNING] Hessian computation failed: element 0 of tensors does not require grad and does not have a grad_fn
  [FALLBACK] Using gradient descent step...
  [38] Computing full Hessian 3×3 + 161×161...
  [WARNING] Hessian computation failed: element 0 of tensors does not require grad and does not have a grad_fn
  [FALLBACK] Using gradient descent step...
  [39] Computing full Hessian 3×3 + 161×161...
  [WARNING] Hessian computation failed: element 0 of tensors does not require grad and does not have a grad_fn
  [FALLBACK] Using gradient descent step...
  40 |    1.317e+01 |    1.317e+01 |    0.000e+00 |    0.000e+00 |  0.000e+00 |  1.069e+00
  [40] Computing full Hessian 3×3 + 161×161...
  [WARNING] Hessian computation failed: element 0 of tensors does not require grad and does not have a grad_fn
  [FALLBACK] Using gradient descent step...
  [41] Computing full Hessian 3×3 + 161×161...
  [WARNING] Hessian computation failed: element 0 of tensors does not require grad and does not have a grad_fn
  [FALLBACK] Using gradient descent step...
  [42] Computing full Hessian 3×3 + 161×161...
  [WARNING] Hessian computation failed: element 0 of tensors does not require grad and does not have a grad_fn
  [FALLBACK] Using gradient descent step...
  [43] Computing full Hessian 3×3 + 161×161...
  [WARNING] Hessian computation failed: element 0 of tensors does not require grad and does not have a grad_fn
  [FALLBACK] Using gradient descent step...
  [44] Computing full Hessian 3×3 + 161×161...
  [WARNING] Hessian computation failed: element 0 of tensors does not require grad and does not have a grad_fn
  [FALLBACK] Using gradient descent step...
  [45] Computing full Hessian 3×3 + 161×161...
  [WARNING] Hessian computation failed: element 0 of tensors does not require grad and does not have a grad_fn
  [FALLBACK] Using gradient descent step...
  [46] Computing full Hessian 3×3 + 161×161...
  [WARNING] Hessian computation failed: element 0 of tensors does not require grad and does not have a grad_fn
  [FALLBACK] Using gradient descent step...
  [47] Computing full Hessian 3×3 + 161×161...
  [WARNING] Hessian computation failed: element 0 of tensors does not require grad and does not have a grad_fn
  [FALLBACK] Using gradient descent step...
  [48] Computing full Hessian 3×3 + 161×161...
  [WARNING] Hessian computation failed: element 0 of tensors does not require grad and does not have a grad_fn
  [FALLBACK] Using gradient descent step...
  [49] Computing full Hessian 3×3 + 161×161...
  [WARNING] Hessian computation failed: element 0 of tensors does not require grad and does not have a grad_fn
  [FALLBACK] Using gradient descent step...
  50 |    1.262e+01 |    1.262e+01 |    0.000e+00 |    0.000e+00 |  0.000e+00 |  1.067e+00
  [50] Computing full Hessian 3×3 + 161×161...
  [WARNING] Hessian computation failed: element 0 of tensors does not require grad and does not have a grad_fn
  [FALLBACK] Using gradient descent step...
  [51] Computing full Hessian 3×3 + 161×161...
  [WARNING] Hessian computation failed: element 0 of tensors does not require grad and does not have a grad_fn
  [FALLBACK] Using gradient descent step...
  [52] Computing full Hessian 3×3 + 161×161...
  [WARNING] Hessian computation failed: element 0 of tensors does not require grad and does not have a grad_fn
  [FALLBACK] Using gradient descent step...
  [53] Computing full Hessian 3×3 + 161×161...
  [WARNING] Hessian computation failed: element 0 of tensors does not require grad and does not have a grad_fn
  [FALLBACK] Using gradient descent step...
  [54] Computing full Hessian 3×3 + 161×161...
  [WARNING] Hessian computation failed: element 0 of tensors does not require grad and does not have a grad_fn
  [FALLBACK] Using gradient descent step...
  [55] Computing full Hessian 3×3 + 161×161...
  [WARNING] Hessian computation failed: element 0 of tensors does not require grad and does not have a grad_fn
  [FALLBACK] Using gradient descent step...
  [56] Computing full Hessian 3×3 + 161×161...
  [WARNING] Hessian computation failed: element 0 of tensors does not require grad and does not have a grad_fn
  [FALLBACK] Using gradient descent step...
  [57] Computing full Hessian 3×3 + 161×161...
  [WARNING] Hessian computation failed: element 0 of tensors does not require grad and does not have a grad_fn
  [FALLBACK] Using gradient descent step...
  [58] Computing full Hessian 3×3 + 161×161...
  [WARNING] Hessian computation failed: element 0 of tensors does not require grad and does not have a grad_fn
  [FALLBACK] Using gradient descent step...
  [59] Computing full Hessian 3×3 + 161×161...
  [WARNING] Hessian computation failed: element 0 of tensors does not require grad and does not have a grad_fn
  [FALLBACK] Using gradient descent step...
  60 |    1.211e+01 |    1.211e+01 |    0.000e+00 |    0.000e+00 |  0.000e+00 |  1.065e+00
  [60] Computing full Hessian 3×3 + 161×161...
  [WARNING] Hessian computation failed: element 0 of tensors does not require grad and does not have a grad_fn
  [FALLBACK] Using gradient descent step...
  [61] Computing full Hessian 3×3 + 161×161...
  [WARNING] Hessian computation failed: element 0 of tensors does not require grad and does not have a grad_fn
  [FALLBACK] Using gradient descent step...
  [62] Computing full Hessian 3×3 + 161×161...
  [WARNING] Hessian computation failed: element 0 of tensors does not require grad and does not have a grad_fn
  [FALLBACK] Using gradient descent step...
  [63] Computing full Hessian 3×3 + 161×161...
  [WARNING] Hessian computation failed: element 0 of tensors does not require grad and does not have a grad_fn
  [FALLBACK] Using gradient descent step...
  [64] Computing full Hessian 3×3 + 161×161...
  [WARNING] Hessian computation failed: element 0 of tensors does not require grad and does not have a grad_fn
  [FALLBACK] Using gradient descent step...
  [65] Computing full Hessian 3×3 + 161×161...
  [WARNING] Hessian computation failed: element 0 of tensors does not require grad and does not have a grad_fn
  [FALLBACK] Using gradient descent step...
  [66] Computing full Hessian 3×3 + 161×161...
  [WARNING] Hessian computation failed: element 0 of tensors does not require grad and does not have a grad_fn
  [FALLBACK] Using gradient descent step...
  [67] Computing full Hessian 3×3 + 161×161...
  [WARNING] Hessian computation failed: element 0 of tensors does not require grad and does not have a grad_fn
  [FALLBACK] Using gradient descent step...
  [68] Computing full Hessian 3×3 + 161×161...
  [WARNING] Hessian computation failed: element 0 of tensors does not require grad and does not have a grad_fn
  [FALLBACK] Using gradient descent step...
  [69] Computing full Hessian 3×3 + 161×161...
  [WARNING] Hessian computation failed: element 0 of tensors does not require grad and does not have a grad_fn
  [FALLBACK] Using gradient descent step...
  70 |    1.163e+01 |    1.163e+01 |    0.000e+00 |    0.000e+00 |  0.000e+00 |  1.063e+00
  [70] Computing full Hessian 3×3 + 161×161...
  [WARNING] Hessian computation failed: element 0 of tensors does not require grad and does not have a grad_fn
  [FALLBACK] Using gradient descent step...
  [71] Computing full Hessian 3×3 + 161×161...
  [WARNING] Hessian computation failed: element 0 of tensors does not require grad and does not have a grad_fn
  [FALLBACK] Using gradient descent step...
  [72] Computing full Hessian 3×3 + 161×161...
  [WARNING] Hessian computation failed: element 0 of tensors does not require grad and does not have a grad_fn
  [FALLBACK] Using gradient descent step...
  [73] Computing full Hessian 3×3 + 161×161...
  [WARNING] Hessian computation failed: element 0 of tensors does not require grad and does not have a grad_fn
  [FALLBACK] Using gradient descent step...
  [74] Computing full Hessian 3×3 + 161×161...
  [WARNING] Hessian computation failed: element 0 of tensors does not require grad and does not have a grad_fn
  [FALLBACK] Using gradient descent step...
  [75] Computing full Hessian 3×3 + 161×161...
  [WARNING] Hessian computation failed: element 0 of tensors does not require grad and does not have a grad_fn
  [FALLBACK] Using gradient descent step...
  [76] Computing full Hessian 3×3 + 161×161...
  [WARNING] Hessian computation failed: element 0 of tensors does not require grad and does not have a grad_fn
  [FALLBACK] Using gradient descent step...
  [77] Computing full Hessian 3×3 + 161×161...
  [WARNING] Hessian computation failed: element 0 of tensors does not require grad and does not have a grad_fn
  [FALLBACK] Using gradient descent step...
  [78] Computing full Hessian 3×3 + 161×161...
  [WARNING] Hessian computation failed: element 0 of tensors does not require grad and does not have a grad_fn
  [FALLBACK] Using gradient descent step...
  [79] Computing full Hessian 3×3 + 161×161...
  [WARNING] Hessian computation failed: element 0 of tensors does not require grad and does not have a grad_fn
  [FALLBACK] Using gradient descent step...
  80 |    1.118e+01 |    1.118e+01 |    0.000e+00 |    0.000e+00 |  0.000e+00 |  1.061e+00
  [80] Computing full Hessian 3×3 + 161×161...
  [WARNING] Hessian computation failed: element 0 of tensors does not require grad and does not have a grad_fn
  [FALLBACK] Using gradient descent step...
  [81] Computing full Hessian 3×3 + 161×161...
  [WARNING] Hessian computation failed: element 0 of tensors does not require grad and does not have a grad_fn
  [FALLBACK] Using gradient descent step...
  [82] Computing full Hessian 3×3 + 161×161...
  [WARNING] Hessian computation failed: element 0 of tensors does not require grad and does not have a grad_fn
  [FALLBACK] Using gradient descent step...
  [83] Computing full Hessian 3×3 + 161×161...
  [WARNING] Hessian computation failed: element 0 of tensors does not require grad and does not have a grad_fn
  [FALLBACK] Using gradient descent step...
  [84] Computing full Hessian 3×3 + 161×161...
  [WARNING] Hessian computation failed: element 0 of tensors does not require grad and does not have a grad_fn
  [FALLBACK] Using gradient descent step...
  [85] Computing full Hessian 3×3 + 161×161...
  [WARNING] Hessian computation failed: element 0 of tensors does not require grad and does not have a grad_fn
  [FALLBACK] Using gradient descent step...
  [86] Computing full Hessian 3×3 + 161×161...
  [WARNING] Hessian computation failed: element 0 of tensors does not require grad and does not have a grad_fn
  [FALLBACK] Using gradient descent step...
  [87] Computing full Hessian 3×3 + 161×161...
  [WARNING] Hessian computation failed: element 0 of tensors does not require grad and does not have a grad_fn
  [FALLBACK] Using gradient descent step...
  [88] Computing full Hessian 3×3 + 161×161...
  [WARNING] Hessian computation failed: element 0 of tensors does not require grad and does not have a grad_fn
  [FALLBACK] Using gradient descent step...
  [89] Computing full Hessian 3×3 + 161×161...
  [WARNING] Hessian computation failed: element 0 of tensors does not require grad and does not have a grad_fn
  [FALLBACK] Using gradient descent step...
  90 |    1.076e+01 |    1.076e+01 |    0.000e+00 |    0.000e+00 |  0.000e+00 |  1.060e+00
  [90] Computing full Hessian 3×3 + 161×161...
  [WARNING] Hessian computation failed: element 0 of tensors does not require grad and does not have a grad_fn
  [FALLBACK] Using gradient descent step...
  [91] Computing full Hessian 3×3 + 161×161...
  [WARNING] Hessian computation failed: element 0 of tensors does not require grad and does not have a grad_fn
  [FALLBACK] Using gradient descent step...
  [92] Computing full Hessian 3×3 + 161×161...
  [WARNING] Hessian computation failed: element 0 of tensors does not require grad and does not have a grad_fn
  [FALLBACK] Using gradient descent step...
  [93] Computing full Hessian 3×3 + 161×161...
  [WARNING] Hessian computation failed: element 0 of tensors does not require grad and does not have a grad_fn
  [FALLBACK] Using gradient descent step...
  [94] Computing full Hessian 3×3 + 161×161...
  [WARNING] Hessian computation failed: element 0 of tensors does not require grad and does not have a grad_fn
  [FALLBACK] Using gradient descent step...
  [95] Computing full Hessian 3×3 + 161×161...
  [WARNING] Hessian computation failed: element 0 of tensors does not require grad and does not have a grad_fn
  [FALLBACK] Using gradient descent step...
  [96] Computing full Hessian 3×3 + 161×161...
  [WARNING] Hessian computation failed: element 0 of tensors does not require grad and does not have a grad_fn
  [FALLBACK] Using gradient descent step...
  [97] Computing full Hessian 3×3 + 161×161...
  [WARNING] Hessian computation failed: element 0 of tensors does not require grad and does not have a grad_fn
  [FALLBACK] Using gradient descent step...
  [98] Computing full Hessian 3×3 + 161×161...
  [WARNING] Hessian computation failed: element 0 of tensors does not require grad and does not have a grad_fn
  [FALLBACK] Using gradient descent step...
  [99] Computing full Hessian 3×3 + 161×161...
  [WARNING] Hessian computation failed: element 0 of tensors does not require grad and does not have a grad_fn
  [FALLBACK] Using gradient descent step...
 100 |    1.035e+01 |    1.035e+01 |    0.000e+00 |    0.000e+00 |  0.000e+00 |  1.058e+00
  [100] Computing full Hessian 3×3 + 161×161...
  [WARNING] Hessian computation failed: element 0 of tensors does not require grad and does not have a grad_fn
  [FALLBACK] Using gradient descent step...
  [101] Computing full Hessian 3×3 + 161×161...
  [WARNING] Hessian computation failed: element 0 of tensors does not require grad and does not have a grad_fn
  [FALLBACK] Using gradient descent step...
  [102] Computing full Hessian 3×3 + 161×161...
  [WARNING] Hessian computation failed: element 0 of tensors does not require grad and does not have a grad_fn
  [FALLBACK] Using gradient descent step...
  [103] Computing full Hessian 3×3 + 161×161...
  [WARNING] Hessian computation failed: element 0 of tensors does not require grad and does not have a grad_fn
  [FALLBACK] Using gradient descent step...
  [104] Computing full Hessian 3×3 + 161×161...
  [WARNING] Hessian computation failed: element 0 of tensors does not require grad and does not have a grad_fn
  [FALLBACK] Using gradient descent step...
  [105] Computing full Hessian 3×3 + 161×161...
  [WARNING] Hessian computation failed: element 0 of tensors does not require grad and does not have a grad_fn
  [FALLBACK] Using gradient descent step...
  [106] Computing full Hessian 3×3 + 161×161...
  [WARNING] Hessian computation failed: element 0 of tensors does not require grad and does not have a grad_fn
  [FALLBACK] Using gradient descent step...
  [107] Computing full Hessian 3×3 + 161×161...
  [WARNING] Hessian computation failed: element 0 of tensors does not require grad and does not have a grad_fn
  [FALLBACK] Using gradient descent step...
  [108] Computing full Hessian 3×3 + 161×161...
  [WARNING] Hessian computation failed: element 0 of tensors does not require grad and does not have a grad_fn
  [FALLBACK] Using gradient descent step...
  [109] Computing full Hessian 3×3 + 161×161...
  [WARNING] Hessian computation failed: element 0 of tensors does not require grad and does not have a grad_fn
  [FALLBACK] Using gradient descent step...
 110 |    9.974e+00 |    9.974e+00 |    0.000e+00 |    0.000e+00 |  0.000e+00 |  1.057e+00
  [110] Computing full Hessian 3×3 + 161×161...
  [WARNING] Hessian computation failed: element 0 of tensors does not require grad and does not have a grad_fn
  [FALLBACK] Using gradient descent step...
  [111] Computing full Hessian 3×3 + 161×161...
  [WARNING] Hessian computation failed: element 0 of tensors does not require grad and does not have a grad_fn
  [FALLBACK] Using gradient descent step...
  [112] Computing full Hessian 3×3 + 161×161...
  [WARNING] Hessian computation failed: element 0 of tensors does not require grad and does not have a grad_fn
  [FALLBACK] Using gradient descent step...
  [113] Computing full Hessian 3×3 + 161×161...
  [WARNING] Hessian computation failed: element 0 of tensors does not require grad and does not have a grad_fn
  [FALLBACK] Using gradient descent step...
  [114] Computing full Hessian 3×3 + 161×161...
  [WARNING] Hessian computation failed: element 0 of tensors does not require grad and does not have a grad_fn
  [FALLBACK] Using gradient descent step...
  [115] Computing full Hessian 3×3 + 161×161...
  [WARNING] Hessian computation failed: element 0 of tensors does not require grad and does not have a grad_fn
  [FALLBACK] Using gradient descent step...
  [116] Computing full Hessian 3×3 + 161×161...
  [WARNING] Hessian computation failed: element 0 of tensors does not require grad and does not have a grad_fn
  [FALLBACK] Using gradient descent step...
  [117] Computing full Hessian 3×3 + 161×161...
  [WARNING] Hessian computation failed: element 0 of tensors does not require grad and does not have a grad_fn
  [FALLBACK] Using gradient descent step...
  [118] Computing full Hessian 3×3 + 161×161...
  [WARNING] Hessian computation failed: element 0 of tensors does not require grad and does not have a grad_fn
  [FALLBACK] Using gradient descent step...
  [119] Computing full Hessian 3×3 + 161×161...
  [WARNING] Hessian computation failed: element 0 of tensors does not require grad and does not have a grad_fn
  [FALLBACK] Using gradient descent step...
 120 |    9.614e+00 |    9.614e+00 |    0.000e+00 |    0.000e+00 |  0.000e+00 |  1.057e+00
  [120] Computing full Hessian 3×3 + 161×161...
  [WARNING] Hessian computation failed: element 0 of tensors does not require grad and does not have a grad_fn
  [FALLBACK] Using gradient descent step...
  [121] Computing full Hessian 3×3 + 161×161...
  [WARNING] Hessian computation failed: element 0 of tensors does not require grad and does not have a grad_fn
  [FALLBACK] Using gradient descent step...
  [122] Computing full Hessian 3×3 + 161×161...
  [WARNING] Hessian computation failed: element 0 of tensors does not require grad and does not have a grad_fn
  [FALLBACK] Using gradient descent step...
  [123] Computing full Hessian 3×3 + 161×161...
  [WARNING] Hessian computation failed: element 0 of tensors does not require grad and does not have a grad_fn
  [FALLBACK] Using gradient descent step...
  [124] Computing full Hessian 3×3 + 161×161...
  [WARNING] Hessian computation failed: element 0 of tensors does not require grad and does not have a grad_fn
  [FALLBACK] Using gradient descent step...
  [125] Computing full Hessian 3×3 + 161×161...
  [WARNING] Hessian computation failed: element 0 of tensors does not require grad and does not have a grad_fn
  [FALLBACK] Using gradient descent step...
  [126] Computing full Hessian 3×3 + 161×161...
  [WARNING] Hessian computation failed: element 0 of tensors does not require grad and does not have a grad_fn
  [FALLBACK] Using gradient descent step...
  [127] Computing full Hessian 3×3 + 161×161...
  [WARNING] Hessian computation failed: element 0 of tensors does not require grad and does not have a grad_fn
  [FALLBACK] Using gradient descent step...
  [128] Computing full Hessian 3×3 + 161×161...
  [WARNING] Hessian computation failed: element 0 of tensors does not require grad and does not have a grad_fn
  [FALLBACK] Using gradient descent step...
  [129] Computing full Hessian 3×3 + 161×161...
  [WARNING] Hessian computation failed: element 0 of tensors does not require grad and does not have a grad_fn
  [FALLBACK] Using gradient descent step...
 130 |    9.272e+00 |    9.272e+00 |    0.000e+00 |    0.000e+00 |  0.000e+00 |  1.056e+00
  [130] Computing full Hessian 3×3 + 161×161...
  [WARNING] Hessian computation failed: element 0 of tensors does not require grad and does not have a grad_fn
  [FALLBACK] Using gradient descent step...
  [131] Computing full Hessian 3×3 + 161×161...
  [WARNING] Hessian computation failed: element 0 of tensors does not require grad and does not have a grad_fn
  [FALLBACK] Using gradient descent step...
  [132] Computing full Hessian 3×3 + 161×161...
  [WARNING] Hessian computation failed: element 0 of tensors does not require grad and does not have a grad_fn
  [FALLBACK] Using gradient descent step...
  [133] Computing full Hessian 3×3 + 161×161...
  [WARNING] Hessian computation failed: element 0 of tensors does not require grad and does not have a grad_fn
  [FALLBACK] Using gradient descent step...
  [134] Computing full Hessian 3×3 + 161×161...
  [WARNING] Hessian computation failed: element 0 of tensors does not require grad and does not have a grad_fn
  [FALLBACK] Using gradient descent step...
  [135] Computing full Hessian 3×3 + 161×161...
  [WARNING] Hessian computation failed: element 0 of tensors does not require grad and does not have a grad_fn
  [FALLBACK] Using gradient descent step...
  [136] Computing full Hessian 3×3 + 161×161...
  [WARNING] Hessian computation failed: element 0 of tensors does not require grad and does not have a grad_fn
  [FALLBACK] Using gradient descent step...
  [137] Computing full Hessian 3×3 + 161×161...
  [WARNING] Hessian computation failed: element 0 of tensors does not require grad and does not have a grad_fn
  [FALLBACK] Using gradient descent step...
  [138] Computing full Hessian 3×3 + 161×161...
  [WARNING] Hessian computation failed: element 0 of tensors does not require grad and does not have a grad_fn
  [FALLBACK] Using gradient descent step...
  [139] Computing full Hessian 3×3 + 161×161...
  [WARNING] Hessian computation failed: element 0 of tensors does not require grad and does not have a grad_fn
  [FALLBACK] Using gradient descent step...
 140 |    8.948e+00 |    8.948e+00 |    0.000e+00 |    0.000e+00 |  0.000e+00 |  1.055e+00
  [140] Computing full Hessian 3×3 + 161×161...
  [WARNING] Hessian computation failed: element 0 of tensors does not require grad and does not have a grad_fn
  [FALLBACK] Using gradient descent step...
  [141] Computing full Hessian 3×3 + 161×161...
  [WARNING] Hessian computation failed: element 0 of tensors does not require grad and does not have a grad_fn
  [FALLBACK] Using gradient descent step...
  [142] Computing full Hessian 3×3 + 161×161...
  [WARNING] Hessian computation failed: element 0 of tensors does not require grad and does not have a grad_fn
  [FALLBACK] Using gradient descent step...
  [143] Computing full Hessian 3×3 + 161×161...
  [WARNING] Hessian computation failed: element 0 of tensors does not require grad and does not have a grad_fn
  [FALLBACK] Using gradient descent step...
  [144] Computing full Hessian 3×3 + 161×161...
  [WARNING] Hessian computation failed: element 0 of tensors does not require grad and does not have a grad_fn
  [FALLBACK] Using gradient descent step...
  [145] Computing full Hessian 3×3 + 161×161...
  [WARNING] Hessian computation failed: element 0 of tensors does not require grad and does not have a grad_fn
  [FALLBACK] Using gradient descent step...
  [146] Computing full Hessian 3×3 + 161×161...
  [WARNING] Hessian computation failed: element 0 of tensors does not require grad and does not have a grad_fn
  [FALLBACK] Using gradient descent step...
  [147] Computing full Hessian 3×3 + 161×161...
  [WARNING] Hessian computation failed: element 0 of tensors does not require grad and does not have a grad_fn
  [FALLBACK] Using gradient descent step...
  [148] Computing full Hessian 3×3 + 161×161...
  [WARNING] Hessian computation failed: element 0 of tensors does not require grad and does not have a grad_fn
  [FALLBACK] Using gradient descent step...
  [149] Computing full Hessian 3×3 + 161×161...
  [WARNING] Hessian computation failed: element 0 of tensors does not require grad and does not have a grad_fn
  [FALLBACK] Using gradient descent step...
 150 |    8.638e+00 |    8.638e+00 |    0.000e+00 |    0.000e+00 |  0.000e+00 |  1.055e+00
  [150] Computing full Hessian 3×3 + 161×161...
  [WARNING] Hessian computation failed: element 0 of tensors does not require grad and does not have a grad_fn
  [FALLBACK] Using gradient descent step...
  [151] Computing full Hessian 3×3 + 161×161...
  [WARNING] Hessian computation failed: element 0 of tensors does not require grad and does not have a grad_fn
  [FALLBACK] Using gradient descent step...
  [152] Computing full Hessian 3×3 + 161×161...
  [WARNING] Hessian computation failed: element 0 of tensors does not require grad and does not have a grad_fn
  [FALLBACK] Using gradient descent step...
  [153] Computing full Hessian 3×3 + 161×161...
  [WARNING] Hessian computation failed: element 0 of tensors does not require grad and does not have a grad_fn
  [FALLBACK] Using gradient descent step...
  [154] Computing full Hessian 3×3 + 161×161...
  [WARNING] Hessian computation failed: element 0 of tensors does not require grad and does not have a grad_fn
  [FALLBACK] Using gradient descent step...
  [155] Computing full Hessian 3×3 + 161×161...
  [WARNING] Hessian computation failed: element 0 of tensors does not require grad and does not have a grad_fn
  [FALLBACK] Using gradient descent step...
  [156] Computing full Hessian 3×3 + 161×161...
  [WARNING] Hessian computation failed: element 0 of tensors does not require grad and does not have a grad_fn
  [FALLBACK] Using gradient descent step...
  [157] Computing full Hessian 3×3 + 161×161...
  [WARNING] Hessian computation failed: element 0 of tensors does not require grad and does not have a grad_fn
  [FALLBACK] Using gradient descent step...
  [158] Computing full Hessian 3×3 + 161×161...
  [WARNING] Hessian computation failed: element 0 of tensors does not require grad and does not have a grad_fn
  [FALLBACK] Using gradient descent step...
  [159] Computing full Hessian 3×3 + 161×161...
  [WARNING] Hessian computation failed: element 0 of tensors does not require grad and does not have a grad_fn
  [FALLBACK] Using gradient descent step...
 160 |    8.344e+00 |    8.344e+00 |    0.000e+00 |    0.000e+00 |  0.000e+00 |  1.055e+00
  [160] Computing full Hessian 3×3 + 161×161...
  [WARNING] Hessian computation failed: element 0 of tensors does not require grad and does not have a grad_fn
  [FALLBACK] Using gradient descent step...
  [161] Computing full Hessian 3×3 + 161×161...
  [WARNING] Hessian computation failed: element 0 of tensors does not require grad and does not have a grad_fn
  [FALLBACK] Using gradient descent step...
  [162] Computing full Hessian 3×3 + 161×161...
  [WARNING] Hessian computation failed: element 0 of tensors does not require grad and does not have a grad_fn
  [FALLBACK] Using gradient descent step...
  [163] Computing full Hessian 3×3 + 161×161...
  [WARNING] Hessian computation failed: element 0 of tensors does not require grad and does not have a grad_fn
  [FALLBACK] Using gradient descent step...
  [164] Computing full Hessian 3×3 + 161×161...
  [WARNING] Hessian computation failed: element 0 of tensors does not require grad and does not have a grad_fn
  [FALLBACK] Using gradient descent step...
  [165] Computing full Hessian 3×3 + 161×161...
  [WARNING] Hessian computation failed: element 0 of tensors does not require grad and does not have a grad_fn
  [FALLBACK] Using gradient descent step...
  [166] Computing full Hessian 3×3 + 161×161...
  [WARNING] Hessian computation failed: element 0 of tensors does not require grad and does not have a grad_fn
  [FALLBACK] Using gradient descent step...
  [167] Computing full Hessian 3×3 + 161×161...
  [WARNING] Hessian computation failed: element 0 of tensors does not require grad and does not have a grad_fn
  [FALLBACK] Using gradient descent step...
  [168] Computing full Hessian 3×3 + 161×161...
  [WARNING] Hessian computation failed: element 0 of tensors does not require grad and does not have a grad_fn
  [FALLBACK] Using gradient descent step...
  [169] Computing full Hessian 3×3 + 161×161...
  [WARNING] Hessian computation failed: element 0 of tensors does not require grad and does not have a grad_fn
  [FALLBACK] Using gradient descent step...
 170 |    8.062e+00 |    8.062e+00 |    0.000e+00 |    0.000e+00 |  0.000e+00 |  1.054e+00
  [170] Computing full Hessian 3×3 + 161×161...
  [WARNING] Hessian computation failed: element 0 of tensors does not require grad and does not have a grad_fn
  [FALLBACK] Using gradient descent step...
  [171] Computing full Hessian 3×3 + 161×161...
  [WARNING] Hessian computation failed: element 0 of tensors does not require grad and does not have a grad_fn
  [FALLBACK] Using gradient descent step...
  [172] Computing full Hessian 3×3 + 161×161...
  [WARNING] Hessian computation failed: element 0 of tensors does not require grad and does not have a grad_fn
  [FALLBACK] Using gradient descent step...
  [173] Computing full Hessian 3×3 + 161×161...
  [WARNING] Hessian computation failed: element 0 of tensors does not require grad and does not have a grad_fn
  [FALLBACK] Using gradient descent step...
  [174] Computing full Hessian 3×3 + 161×161...
  [WARNING] Hessian computation failed: element 0 of tensors does not require grad and does not have a grad_fn
  [FALLBACK] Using gradient descent step...
  [175] Computing full Hessian 3×3 + 161×161...
  [WARNING] Hessian computation failed: element 0 of tensors does not require grad and does not have a grad_fn
  [FALLBACK] Using gradient descent step...
  [176] Computing full Hessian 3×3 + 161×161...
  [WARNING] Hessian computation failed: element 0 of tensors does not require grad and does not have a grad_fn
  [FALLBACK] Using gradient descent step...
  [177] Computing full Hessian 3×3 + 161×161...
  [WARNING] Hessian computation failed: element 0 of tensors does not require grad and does not have a grad_fn
  [FALLBACK] Using gradient descent step...
  [178] Computing full Hessian 3×3 + 161×161...
  [WARNING] Hessian computation failed: element 0 of tensors does not require grad and does not have a grad_fn
  [FALLBACK] Using gradient descent step...
  [179] Computing full Hessian 3×3 + 161×161...
  [WARNING] Hessian computation failed: element 0 of tensors does not require grad and does not have a grad_fn
  [FALLBACK] Using gradient descent step...
 180 |    7.794e+00 |    7.794e+00 |    0.000e+00 |    0.000e+00 |  0.000e+00 |  1.054e+00
  [180] Computing full Hessian 3×3 + 161×161...
  [WARNING] Hessian computation failed: element 0 of tensors does not require grad and does not have a grad_fn
  [FALLBACK] Using gradient descent step...
  [181] Computing full Hessian 3×3 + 161×161...
  [WARNING] Hessian computation failed: element 0 of tensors does not require grad and does not have a grad_fn
  [FALLBACK] Using gradient descent step...
  [182] Computing full Hessian 3×3 + 161×161...
  [WARNING] Hessian computation failed: element 0 of tensors does not require grad and does not have a grad_fn
  [FALLBACK] Using gradient descent step...
  [183] Computing full Hessian 3×3 + 161×161...
  [WARNING] Hessian computation failed: element 0 of tensors does not require grad and does not have a grad_fn
  [FALLBACK] Using gradient descent step...
  [184] Computing full Hessian 3×3 + 161×161...
  [WARNING] Hessian computation failed: element 0 of tensors does not require grad and does not have a grad_fn
  [FALLBACK] Using gradient descent step...
  [185] Computing full Hessian 3×3 + 161×161...
  [WARNING] Hessian computation failed: element 0 of tensors does not require grad and does not have a grad_fn
  [FALLBACK] Using gradient descent step...
  [186] Computing full Hessian 3×3 + 161×161...
  [WARNING] Hessian computation failed: element 0 of tensors does not require grad and does not have a grad_fn
  [FALLBACK] Using gradient descent step...
  [187] Computing full Hessian 3×3 + 161×161...
  [WARNING] Hessian computation failed: element 0 of tensors does not require grad and does not have a grad_fn
  [FALLBACK] Using gradient descent step...
  [188] Computing full Hessian 3×3 + 161×161...
  [WARNING] Hessian computation failed: element 0 of tensors does not require grad and does not have a grad_fn
  [FALLBACK] Using gradient descent step...
  [189] Computing full Hessian 3×3 + 161×161...
  [WARNING] Hessian computation failed: element 0 of tensors does not require grad and does not have a grad_fn
  [FALLBACK] Using gradient descent step...
 190 |    7.538e+00 |    7.538e+00 |    0.000e+00 |    0.000e+00 |  0.000e+00 |  1.054e+00
  [190] Computing full Hessian 3×3 + 161×161...
  [WARNING] Hessian computation failed: element 0 of tensors does not require grad and does not have a grad_fn
  [FALLBACK] Using gradient descent step...
  [191] Computing full Hessian 3×3 + 161×161...
  [WARNING] Hessian computation failed: element 0 of tensors does not require grad and does not have a grad_fn
  [FALLBACK] Using gradient descent step...
  [192] Computing full Hessian 3×3 + 161×161...
  [WARNING] Hessian computation failed: element 0 of tensors does not require grad and does not have a grad_fn
  [FALLBACK] Using gradient descent step...
  [193] Computing full Hessian 3×3 + 161×161...
  [WARNING] Hessian computation failed: element 0 of tensors does not require grad and does not have a grad_fn
  [FALLBACK] Using gradient descent step...
  [194] Computing full Hessian 3×3 + 161×161...
  [WARNING] Hessian computation failed: element 0 of tensors does not require grad and does not have a grad_fn
  [FALLBACK] Using gradient descent step...
  [195] Computing full Hessian 3×3 + 161×161...
  [WARNING] Hessian computation failed: element 0 of tensors does not require grad and does not have a grad_fn
  [FALLBACK] Using gradient descent step...
  [196] Computing full Hessian 3×3 + 161×161...
  [WARNING] Hessian computation failed: element 0 of tensors does not require grad and does not have a grad_fn
  [FALLBACK] Using gradient descent step...
  [197] Computing full Hessian 3×3 + 161×161...
  [WARNING] Hessian computation failed: element 0 of tensors does not require grad and does not have a grad_fn
  [FALLBACK] Using gradient descent step...
  [198] Computing full Hessian 3×3 + 161×161...
  [WARNING] Hessian computation failed: element 0 of tensors does not require grad and does not have a grad_fn
  [FALLBACK] Using gradient descent step...
  [199] Computing full Hessian 3×3 + 161×161...
  [WARNING] Hessian computation failed: element 0 of tensors does not require grad and does not have a grad_fn
  [FALLBACK] Using gradient descent step...
 200 |    7.293e+00 |    7.293e+00 |    0.000e+00 |    0.000e+00 |  0.000e+00 |  1.054e+00
  [200] Computing full Hessian 3×3 + 161×161...
  [WARNING] Hessian computation failed: element 0 of tensors does not require grad and does not have a grad_fn
  [FALLBACK] Using gradient descent step...
  [201] Computing full Hessian 3×3 + 161×161...
  [WARNING] Hessian computation failed: element 0 of tensors does not require grad and does not have a grad_fn
  [FALLBACK] Using gradient descent step...
  [202] Computing full Hessian 3×3 + 161×161...
  [WARNING] Hessian computation failed: element 0 of tensors does not require grad and does not have a grad_fn
  [FALLBACK] Using gradient descent step...
  [203] Computing full Hessian 3×3 + 161×161...
  [WARNING] Hessian computation failed: element 0 of tensors does not require grad and does not have a grad_fn
  [FALLBACK] Using gradient descent step...
  [204] Computing full Hessian 3×3 + 161×161...
  [WARNING] Hessian computation failed: element 0 of tensors does not require grad and does not have a grad_fn
  [FALLBACK] Using gradient descent step...
  [205] Computing full Hessian 3×3 + 161×161...
  [WARNING] Hessian computation failed: element 0 of tensors does not require grad and does not have a grad_fn
  [FALLBACK] Using gradient descent step...
  [206] Computing full Hessian 3×3 + 161×161...
  [WARNING] Hessian computation failed: element 0 of tensors does not require grad and does not have a grad_fn
  [FALLBACK] Using gradient descent step...
  [207] Computing full Hessian 3×3 + 161×161...
  [WARNING] Hessian computation failed: element 0 of tensors does not require grad and does not have a grad_fn
  [FALLBACK] Using gradient descent step...
  [208] Computing full Hessian 3×3 + 161×161...
  [WARNING] Hessian computation failed: element 0 of tensors does not require grad and does not have a grad_fn
  [FALLBACK] Using gradient descent step...
  [209] Computing full Hessian 3×3 + 161×161...
  [WARNING] Hessian computation failed: element 0 of tensors does not require grad and does not have a grad_fn
  [FALLBACK] Using gradient descent step...
 210 |    7.059e+00 |    7.059e+00 |    0.000e+00 |    0.000e+00 |  0.000e+00 |  1.054e+00
  [210] Computing full Hessian 3×3 + 161×161...
  [WARNING] Hessian computation failed: element 0 of tensors does not require grad and does not have a grad_fn
  [FALLBACK] Using gradient descent step...
  [211] Computing full Hessian 3×3 + 161×161...
  [WARNING] Hessian computation failed: element 0 of tensors does not require grad and does not have a grad_fn
  [FALLBACK] Using gradient descent step...
  [212] Computing full Hessian 3×3 + 161×161...
  [WARNING] Hessian computation failed: element 0 of tensors does not require grad and does not have a grad_fn
  [FALLBACK] Using gradient descent step...
  [213] Computing full Hessian 3×3 + 161×161...
  [WARNING] Hessian computation failed: element 0 of tensors does not require grad and does not have a grad_fn
  [FALLBACK] Using gradient descent step...
  [214] Computing full Hessian 3×3 + 161×161...
  [WARNING] Hessian computation failed: element 0 of tensors does not require grad and does not have a grad_fn
  [FALLBACK] Using gradient descent step...
  [215] Computing full Hessian 3×3 + 161×161...
  [WARNING] Hessian computation failed: element 0 of tensors does not require grad and does not have a grad_fn
  [FALLBACK] Using gradient descent step...
  [216] Computing full Hessian 3×3 + 161×161...
  [WARNING] Hessian computation failed: element 0 of tensors does not require grad and does not have a grad_fn
  [FALLBACK] Using gradient descent step...
  [217] Computing full Hessian 3×3 + 161×161...
  [WARNING] Hessian computation failed: element 0 of tensors does not require grad and does not have a grad_fn
  [FALLBACK] Using gradient descent step...
  [218] Computing full Hessian 3×3 + 161×161...
  [WARNING] Hessian computation failed: element 0 of tensors does not require grad and does not have a grad_fn
  [FALLBACK] Using gradient descent step...
  [219] Computing full Hessian 3×3 + 161×161...
  [WARNING] Hessian computation failed: element 0 of tensors does not require grad and does not have a grad_fn
  [FALLBACK] Using gradient descent step...
 220 |    6.835e+00 |    6.835e+00 |    0.000e+00 |    0.000e+00 |  0.000e+00 |  1.054e+00
  [220] Computing full Hessian 3×3 + 161×161...
  [WARNING] Hessian computation failed: element 0 of tensors does not require grad and does not have a grad_fn
  [FALLBACK] Using gradient descent step...
  [221] Computing full Hessian 3×3 + 161×161...
  [WARNING] Hessian computation failed: element 0 of tensors does not require grad and does not have a grad_fn
  [FALLBACK] Using gradient descent step...
  [222] Computing full Hessian 3×3 + 161×161...
  [WARNING] Hessian computation failed: element 0 of tensors does not require grad and does not have a grad_fn
  [FALLBACK] Using gradient descent step...
  [223] Computing full Hessian 3×3 + 161×161...
  [WARNING] Hessian computation failed: element 0 of tensors does not require grad and does not have a grad_fn
  [FALLBACK] Using gradient descent step...
  [224] Computing full Hessian 3×3 + 161×161...
  [WARNING] Hessian computation failed: element 0 of tensors does not require grad and does not have a grad_fn
  [FALLBACK] Using gradient descent step...
  [225] Computing full Hessian 3×3 + 161×161...
  [WARNING] Hessian computation failed: element 0 of tensors does not require grad and does not have a grad_fn
  [FALLBACK] Using gradient descent step...
  [226] Computing full Hessian 3×3 + 161×161...
  [WARNING] Hessian computation failed: element 0 of tensors does not require grad and does not have a grad_fn
  [FALLBACK] Using gradient descent step...
  [227] Computing full Hessian 3×3 + 161×161...
  [WARNING] Hessian computation failed: element 0 of tensors does not require grad and does not have a grad_fn
  [FALLBACK] Using gradient descent step...
  [228] Computing full Hessian 3×3 + 161×161...
  [WARNING] Hessian computation failed: element 0 of tensors does not require grad and does not have a grad_fn
  [FALLBACK] Using gradient descent step...
  [229] Computing full Hessian 3×3 + 161×161...
  [WARNING] Hessian computation failed: element 0 of tensors does not require grad and does not have a grad_fn
  [FALLBACK] Using gradient descent step...
 230 |    6.620e+00 |    6.620e+00 |    0.000e+00 |    0.000e+00 |  0.000e+00 |  1.054e+00
  [230] Computing full Hessian 3×3 + 161×161...
  [WARNING] Hessian computation failed: element 0 of tensors does not require grad and does not have a grad_fn
  [FALLBACK] Using gradient descent step...
  [231] Computing full Hessian 3×3 + 161×161...
  [WARNING] Hessian computation failed: element 0 of tensors does not require grad and does not have a grad_fn
  [FALLBACK] Using gradient descent step...
  [232] Computing full Hessian 3×3 + 161×161...
  [WARNING] Hessian computation failed: element 0 of tensors does not require grad and does not have a grad_fn
  [FALLBACK] Using gradient descent step...
  [233] Computing full Hessian 3×3 + 161×161...
  [WARNING] Hessian computation failed: element 0 of tensors does not require grad and does not have a grad_fn
  [FALLBACK] Using gradient descent step...
  [234] Computing full Hessian 3×3 + 161×161...
  [WARNING] Hessian computation failed: element 0 of tensors does not require grad and does not have a grad_fn
  [FALLBACK] Using gradient descent step...
  [235] Computing full Hessian 3×3 + 161×161...
  [WARNING] Hessian computation failed: element 0 of tensors does not require grad and does not have a grad_fn
  [FALLBACK] Using gradient descent step...
  [236] Computing full Hessian 3×3 + 161×161...
  [WARNING] Hessian computation failed: element 0 of tensors does not require grad and does not have a grad_fn
  [FALLBACK] Using gradient descent step...
  [237] Computing full Hessian 3×3 + 161×161...
  [WARNING] Hessian computation failed: element 0 of tensors does not require grad and does not have a grad_fn
  [FALLBACK] Using gradient descent step...
  [238] Computing full Hessian 3×3 + 161×161...
  [WARNING] Hessian computation failed: element 0 of tensors does not require grad and does not have a grad_fn
  [FALLBACK] Using gradient descent step...
  [239] Computing full Hessian 3×3 + 161×161...
  [WARNING] Hessian computation failed: element 0 of tensors does not require grad and does not have a grad_fn
  [FALLBACK] Using gradient descent step...
 240 |    6.414e+00 |    6.414e+00 |    0.000e+00 |    0.000e+00 |  0.000e+00 |  1.055e+00
  [240] Computing full Hessian 3×3 + 161×161...
  [WARNING] Hessian computation failed: element 0 of tensors does not require grad and does not have a grad_fn
  [FALLBACK] Using gradient descent step...
  [241] Computing full Hessian 3×3 + 161×161...
  [WARNING] Hessian computation failed: element 0 of tensors does not require grad and does not have a grad_fn
  [FALLBACK] Using gradient descent step...
  [242] Computing full Hessian 3×3 + 161×161...
  [WARNING] Hessian computation failed: element 0 of tensors does not require grad and does not have a grad_fn
  [FALLBACK] Using gradient descent step...
  [243] Computing full Hessian 3×3 + 161×161...
  [WARNING] Hessian computation failed: element 0 of tensors does not require grad and does not have a grad_fn
  [FALLBACK] Using gradient descent step...
  [244] Computing full Hessian 3×3 + 161×161...
  [WARNING] Hessian computation failed: element 0 of tensors does not require grad and does not have a grad_fn
  [FALLBACK] Using gradient descent step...
  [245] Computing full Hessian 3×3 + 161×161...
  [WARNING] Hessian computation failed: element 0 of tensors does not require grad and does not have a grad_fn
  [FALLBACK] Using gradient descent step...
  [246] Computing full Hessian 3×3 + 161×161...
  [WARNING] Hessian computation failed: element 0 of tensors does not require grad and does not have a grad_fn
  [FALLBACK] Using gradient descent step...
  [247] Computing full Hessian 3×3 + 161×161...
  [WARNING] Hessian computation failed: element 0 of tensors does not require grad and does not have a grad_fn
  [FALLBACK] Using gradient descent step...
  [248] Computing full Hessian 3×3 + 161×161...
  [WARNING] Hessian computation failed: element 0 of tensors does not require grad and does not have a grad_fn
  [FALLBACK] Using gradient descent step...
  [249] Computing full Hessian 3×3 + 161×161...
  [WARNING] Hessian computation failed: element 0 of tensors does not require grad and does not have a grad_fn
  [FALLBACK] Using gradient descent step...
 250 |    6.217e+00 |    6.217e+00 |    0.000e+00 |    0.000e+00 |  0.000e+00 |  1.055e+00
  [250] Computing full Hessian 3×3 + 161×161...
  [WARNING] Hessian computation failed: element 0 of tensors does not require grad and does not have a grad_fn
  [FALLBACK] Using gradient descent step...
  [251] Computing full Hessian 3×3 + 161×161...
  [WARNING] Hessian computation failed: element 0 of tensors does not require grad and does not have a grad_fn
  [FALLBACK] Using gradient descent step...
  [252] Computing full Hessian 3×3 + 161×161...
  [WARNING] Hessian computation failed: element 0 of tensors does not require grad and does not have a grad_fn
  [FALLBACK] Using gradient descent step...
  [253] Computing full Hessian 3×3 + 161×161...
  [WARNING] Hessian computation failed: element 0 of tensors does not require grad and does not have a grad_fn
  [FALLBACK] Using gradient descent step...
  [254] Computing full Hessian 3×3 + 161×161...
  [WARNING] Hessian computation failed: element 0 of tensors does not require grad and does not have a grad_fn
  [FALLBACK] Using gradient descent step...
  [255] Computing full Hessian 3×3 + 161×161...
  [WARNING] Hessian computation failed: element 0 of tensors does not require grad and does not have a grad_fn
  [FALLBACK] Using gradient descent step...
  [256] Computing full Hessian 3×3 + 161×161...
  [WARNING] Hessian computation failed: element 0 of tensors does not require grad and does not have a grad_fn
  [FALLBACK] Using gradient descent step...
  [257] Computing full Hessian 3×3 + 161×161...
  [WARNING] Hessian computation failed: element 0 of tensors does not require grad and does not have a grad_fn
  [FALLBACK] Using gradient descent step...
  [258] Computing full Hessian 3×3 + 161×161...
  [WARNING] Hessian computation failed: element 0 of tensors does not require grad and does not have a grad_fn
  [FALLBACK] Using gradient descent step...
  [259] Computing full Hessian 3×3 + 161×161...
  [WARNING] Hessian computation failed: element 0 of tensors does not require grad and does not have a grad_fn
  [FALLBACK] Using gradient descent step...
 260 |    6.028e+00 |    6.028e+00 |    0.000e+00 |    0.000e+00 |  0.000e+00 |  1.055e+00
  [260] Computing full Hessian 3×3 + 161×161...
  [WARNING] Hessian computation failed: element 0 of tensors does not require grad and does not have a grad_fn
  [FALLBACK] Using gradient descent step...
  [261] Computing full Hessian 3×3 + 161×161...
  [WARNING] Hessian computation failed: element 0 of tensors does not require grad and does not have a grad_fn
  [FALLBACK] Using gradient descent step...
  [262] Computing full Hessian 3×3 + 161×161...
  [WARNING] Hessian computation failed: element 0 of tensors does not require grad and does not have a grad_fn
  [FALLBACK] Using gradient descent step...
  [263] Computing full Hessian 3×3 + 161×161...
  [WARNING] Hessian computation failed: element 0 of tensors does not require grad and does not have a grad_fn
  [FALLBACK] Using gradient descent step...
  [264] Computing full Hessian 3×3 + 161×161...
  [WARNING] Hessian computation failed: element 0 of tensors does not require grad and does not have a grad_fn
  [FALLBACK] Using gradient descent step...
  [265] Computing full Hessian 3×3 + 161×161...
  [WARNING] Hessian computation failed: element 0 of tensors does not require grad and does not have a grad_fn
  [FALLBACK] Using gradient descent step...
  [266] Computing full Hessian 3×3 + 161×161...
  [WARNING] Hessian computation failed: element 0 of tensors does not require grad and does not have a grad_fn
  [FALLBACK] Using gradient descent step...
  [267] Computing full Hessian 3×3 + 161×161...
  [WARNING] Hessian computation failed: element 0 of tensors does not require grad and does not have a grad_fn
  [FALLBACK] Using gradient descent step...
  [268] Computing full Hessian 3×3 + 161×161...
  [WARNING] Hessian computation failed: element 0 of tensors does not require grad and does not have a grad_fn
  [FALLBACK] Using gradient descent step...
  [269] Computing full Hessian 3×3 + 161×161...
  [WARNING] Hessian computation failed: element 0 of tensors does not require grad and does not have a grad_fn
  [FALLBACK] Using gradient descent step...
 270 |    5.847e+00 |    5.847e+00 |    0.000e+00 |    0.000e+00 |  0.000e+00 |  1.056e+00
  [270] Computing full Hessian 3×3 + 161×161...
  [WARNING] Hessian computation failed: element 0 of tensors does not require grad and does not have a grad_fn
  [FALLBACK] Using gradient descent step...
  [271] Computing full Hessian 3×3 + 161×161...
  [WARNING] Hessian computation failed: element 0 of tensors does not require grad and does not have a grad_fn
  [FALLBACK] Using gradient descent step...
  [272] Computing full Hessian 3×3 + 161×161...
  [WARNING] Hessian computation failed: element 0 of tensors does not require grad and does not have a grad_fn
  [FALLBACK] Using gradient descent step...
  [273] Computing full Hessian 3×3 + 161×161...
  [WARNING] Hessian computation failed: element 0 of tensors does not require grad and does not have a grad_fn
  [FALLBACK] Using gradient descent step...
  [274] Computing full Hessian 3×3 + 161×161...
  [WARNING] Hessian computation failed: element 0 of tensors does not require grad and does not have a grad_fn
  [FALLBACK] Using gradient descent step...
  [275] Computing full Hessian 3×3 + 161×161...
  [WARNING] Hessian computation failed: element 0 of tensors does not require grad and does not have a grad_fn
  [FALLBACK] Using gradient descent step...
  [276] Computing full Hessian 3×3 + 161×161...
  [WARNING] Hessian computation failed: element 0 of tensors does not require grad and does not have a grad_fn
  [FALLBACK] Using gradient descent step...
  [277] Computing full Hessian 3×3 + 161×161...
  [WARNING] Hessian computation failed: element 0 of tensors does not require grad and does not have a grad_fn
  [FALLBACK] Using gradient descent step...
  [278] Computing full Hessian 3×3 + 161×161...
  [WARNING] Hessian computation failed: element 0 of tensors does not require grad and does not have a grad_fn
  [FALLBACK] Using gradient descent step...
  [279] Computing full Hessian 3×3 + 161×161...
  [WARNING] Hessian computation failed: element 0 of tensors does not require grad and does not have a grad_fn
  [FALLBACK] Using gradient descent step...
 280 |    5.673e+00 |    5.673e+00 |    0.000e+00 |    0.000e+00 |  0.000e+00 |  1.056e+00
  [280] Computing full Hessian 3×3 + 161×161...
  [WARNING] Hessian computation failed: element 0 of tensors does not require grad and does not have a grad_fn
  [FALLBACK] Using gradient descent step...
  [281] Computing full Hessian 3×3 + 161×161...
  [WARNING] Hessian computation failed: element 0 of tensors does not require grad and does not have a grad_fn
  [FALLBACK] Using gradient descent step...
  [282] Computing full Hessian 3×3 + 161×161...
  [WARNING] Hessian computation failed: element 0 of tensors does not require grad and does not have a grad_fn
  [FALLBACK] Using gradient descent step...
  [283] Computing full Hessian 3×3 + 161×161...
  [WARNING] Hessian computation failed: element 0 of tensors does not require grad and does not have a grad_fn
  [FALLBACK] Using gradient descent step...
  [284] Computing full Hessian 3×3 + 161×161...
  [WARNING] Hessian computation failed: element 0 of tensors does not require grad and does not have a grad_fn
  [FALLBACK] Using gradient descent step...
  [285] Computing full Hessian 3×3 + 161×161...
  [WARNING] Hessian computation failed: element 0 of tensors does not require grad and does not have a grad_fn
  [FALLBACK] Using gradient descent step...
  [286] Computing full Hessian 3×3 + 161×161...
  [WARNING] Hessian computation failed: element 0 of tensors does not require grad and does not have a grad_fn
  [FALLBACK] Using gradient descent step...
  [287] Computing full Hessian 3×3 + 161×161...
  [WARNING] Hessian computation failed: element 0 of tensors does not require grad and does not have a grad_fn
  [FALLBACK] Using gradient descent step...
  [288] Computing full Hessian 3×3 + 161×161...
  [WARNING] Hessian computation failed: element 0 of tensors does not require grad and does not have a grad_fn
  [FALLBACK] Using gradient descent step...
  [289] Computing full Hessian 3×3 + 161×161...
  [WARNING] Hessian computation failed: element 0 of tensors does not require grad and does not have a grad_fn
  [FALLBACK] Using gradient descent step...
 290 |    5.506e+00 |    5.506e+00 |    0.000e+00 |    0.000e+00 |  0.000e+00 |  1.056e+00
  [290] Computing full Hessian 3×3 + 161×161...
  [WARNING] Hessian computation failed: element 0 of tensors does not require grad and does not have a grad_fn
  [FALLBACK] Using gradient descent step...
  [291] Computing full Hessian 3×3 + 161×161...
  [WARNING] Hessian computation failed: element 0 of tensors does not require grad and does not have a grad_fn
  [FALLBACK] Using gradient descent step...
  [292] Computing full Hessian 3×3 + 161×161...
  [WARNING] Hessian computation failed: element 0 of tensors does not require grad and does not have a grad_fn
  [FALLBACK] Using gradient descent step...
  [293] Computing full Hessian 3×3 + 161×161...
  [WARNING] Hessian computation failed: element 0 of tensors does not require grad and does not have a grad_fn
  [FALLBACK] Using gradient descent step...
  [294] Computing full Hessian 3×3 + 161×161...
  [WARNING] Hessian computation failed: element 0 of tensors does not require grad and does not have a grad_fn
  [FALLBACK] Using gradient descent step...
  [295] Computing full Hessian 3×3 + 161×161...
  [WARNING] Hessian computation failed: element 0 of tensors does not require grad and does not have a grad_fn
  [FALLBACK] Using gradient descent step...
  [296] Computing full Hessian 3×3 + 161×161...
  [WARNING] Hessian computation failed: element 0 of tensors does not require grad and does not have a grad_fn
  [FALLBACK] Using gradient descent step...
  [297] Computing full Hessian 3×3 + 161×161...
  [WARNING] Hessian computation failed: element 0 of tensors does not require grad and does not have a grad_fn
  [FALLBACK] Using gradient descent step...
  [298] Computing full Hessian 3×3 + 161×161...
  [WARNING] Hessian computation failed: element 0 of tensors does not require grad and does not have a grad_fn
  [FALLBACK] Using gradient descent step...
  [299] Computing full Hessian 3×3 + 161×161...
  [WARNING] Hessian computation failed: element 0 of tensors does not require grad and does not have a grad_fn
  [FALLBACK] Using gradient descent step...
 300 |    5.345e+00 |    5.345e+00 |    0.000e+00 |    0.000e+00 |  0.000e+00 |  1.057e+00
  [300] Computing full Hessian 3×3 + 161×161...
  [WARNING] Hessian computation failed: element 0 of tensors does not require grad and does not have a grad_fn
  [FALLBACK] Using gradient descent step...
  [301] Computing full Hessian 3×3 + 161×161...
  [WARNING] Hessian computation failed: element 0 of tensors does not require grad and does not have a grad_fn
  [FALLBACK] Using gradient descent step...
  [302] Computing full Hessian 3×3 + 161×161...
  [WARNING] Hessian computation failed: element 0 of tensors does not require grad and does not have a grad_fn
  [FALLBACK] Using gradient descent step...
  [303] Computing full Hessian 3×3 + 161×161...
  [WARNING] Hessian computation failed: element 0 of tensors does not require grad and does not have a grad_fn
  [FALLBACK] Using gradient descent step...
  [304] Computing full Hessian 3×3 + 161×161...
  [WARNING] Hessian computation failed: element 0 of tensors does not require grad and does not have a grad_fn
  [FALLBACK] Using gradient descent step...
  [305] Computing full Hessian 3×3 + 161×161...
  [WARNING] Hessian computation failed: element 0 of tensors does not require grad and does not have a grad_fn
  [FALLBACK] Using gradient descent step...
  [306] Computing full Hessian 3×3 + 161×161...
  [WARNING] Hessian computation failed: element 0 of tensors does not require grad and does not have a grad_fn
  [FALLBACK] Using gradient descent step...
  [307] Computing full Hessian 3×3 + 161×161...
  [WARNING] Hessian computation failed: element 0 of tensors does not require grad and does not have a grad_fn
  [FALLBACK] Using gradient descent step...
  [308] Computing full Hessian 3×3 + 161×161...
  [WARNING] Hessian computation failed: element 0 of tensors does not require grad and does not have a grad_fn
  [FALLBACK] Using gradient descent step...
  [309] Computing full Hessian 3×3 + 161×161...
  [WARNING] Hessian computation failed: element 0 of tensors does not require grad and does not have a grad_fn
  [FALLBACK] Using gradient descent step...
 310 |    5.191e+00 |    5.191e+00 |    0.000e+00 |    0.000e+00 |  0.000e+00 |  1.057e+00
  [310] Computing full Hessian 3×3 + 161×161...
  [WARNING] Hessian computation failed: element 0 of tensors does not require grad and does not have a grad_fn
  [FALLBACK] Using gradient descent step...
  [311] Computing full Hessian 3×3 + 161×161...
  [WARNING] Hessian computation failed: element 0 of tensors does not require grad and does not have a grad_fn
  [FALLBACK] Using gradient descent step...
  [312] Computing full Hessian 3×3 + 161×161...
  [WARNING] Hessian computation failed: element 0 of tensors does not require grad and does not have a grad_fn
  [FALLBACK] Using gradient descent step...
  [313] Computing full Hessian 3×3 + 161×161...
  [WARNING] Hessian computation failed: element 0 of tensors does not require grad and does not have a grad_fn
  [FALLBACK] Using gradient descent step...
  [314] Computing full Hessian 3×3 + 161×161...
  [WARNING] Hessian computation failed: element 0 of tensors does not require grad and does not have a grad_fn
  [FALLBACK] Using gradient descent step...
  [315] Computing full Hessian 3×3 + 161×161...
  [WARNING] Hessian computation failed: element 0 of tensors does not require grad and does not have a grad_fn
  [FALLBACK] Using gradient descent step...
  [316] Computing full Hessian 3×3 + 161×161...
  [WARNING] Hessian computation failed: element 0 of tensors does not require grad and does not have a grad_fn
  [FALLBACK] Using gradient descent step...
  [317] Computing full Hessian 3×3 + 161×161...
  [WARNING] Hessian computation failed: element 0 of tensors does not require grad and does not have a grad_fn
  [FALLBACK] Using gradient descent step...
  [318] Computing full Hessian 3×3 + 161×161...
  [WARNING] Hessian computation failed: element 0 of tensors does not require grad and does not have a grad_fn
  [FALLBACK] Using gradient descent step...
  [319] Computing full Hessian 3×3 + 161×161...
  [WARNING] Hessian computation failed: element 0 of tensors does not require grad and does not have a grad_fn
  [FALLBACK] Using gradient descent step...
 320 |    5.043e+00 |    5.043e+00 |    0.000e+00 |    0.000e+00 |  0.000e+00 |  1.058e+00
  [320] Computing full Hessian 3×3 + 161×161...
  [WARNING] Hessian computation failed: element 0 of tensors does not require grad and does not have a grad_fn
  [FALLBACK] Using gradient descent step...
  [321] Computing full Hessian 3×3 + 161×161...
  [WARNING] Hessian computation failed: element 0 of tensors does not require grad and does not have a grad_fn
  [FALLBACK] Using gradient descent step...
  [322] Computing full Hessian 3×3 + 161×161...
  [WARNING] Hessian computation failed: element 0 of tensors does not require grad and does not have a grad_fn
  [FALLBACK] Using gradient descent step...
  [323] Computing full Hessian 3×3 + 161×161...
  [WARNING] Hessian computation failed: element 0 of tensors does not require grad and does not have a grad_fn
  [FALLBACK] Using gradient descent step...
  [324] Computing full Hessian 3×3 + 161×161...
  [WARNING] Hessian computation failed: element 0 of tensors does not require grad and does not have a grad_fn
  [FALLBACK] Using gradient descent step...
  [325] Computing full Hessian 3×3 + 161×161...
  [WARNING] Hessian computation failed: element 0 of tensors does not require grad and does not have a grad_fn
  [FALLBACK] Using gradient descent step...
  [326] Computing full Hessian 3×3 + 161×161...
  [WARNING] Hessian computation failed: element 0 of tensors does not require grad and does not have a grad_fn
  [FALLBACK] Using gradient descent step...
  [327] Computing full Hessian 3×3 + 161×161...
  [WARNING] Hessian computation failed: element 0 of tensors does not require grad and does not have a grad_fn
  [FALLBACK] Using gradient descent step...
  [328] Computing full Hessian 3×3 + 161×161...
  [WARNING] Hessian computation failed: element 0 of tensors does not require grad and does not have a grad_fn
  [FALLBACK] Using gradient descent step...
  [329] Computing full Hessian 3×3 + 161×161...
  [WARNING] Hessian computation failed: element 0 of tensors does not require grad and does not have a grad_fn
  [FALLBACK] Using gradient descent step...
 330 |    4.901e+00 |    4.901e+00 |    0.000e+00 |    0.000e+00 |  0.000e+00 |  1.058e+00
  [330] Computing full Hessian 3×3 + 161×161...
  [WARNING] Hessian computation failed: element 0 of tensors does not require grad and does not have a grad_fn
  [FALLBACK] Using gradient descent step...
  [331] Computing full Hessian 3×3 + 161×161...
  [WARNING] Hessian computation failed: element 0 of tensors does not require grad and does not have a grad_fn
  [FALLBACK] Using gradient descent step...
  [332] Computing full Hessian 3×3 + 161×161...
  [WARNING] Hessian computation failed: element 0 of tensors does not require grad and does not have a grad_fn
  [FALLBACK] Using gradient descent step...
  [333] Computing full Hessian 3×3 + 161×161...
  [WARNING] Hessian computation failed: element 0 of tensors does not require grad and does not have a grad_fn
  [FALLBACK] Using gradient descent step...
  [334] Computing full Hessian 3×3 + 161×161...
  [WARNING] Hessian computation failed: element 0 of tensors does not require grad and does not have a grad_fn
  [FALLBACK] Using gradient descent step...
  [335] Computing full Hessian 3×3 + 161×161...
  [WARNING] Hessian computation failed: element 0 of tensors does not require grad and does not have a grad_fn
  [FALLBACK] Using gradient descent step...
  [336] Computing full Hessian 3×3 + 161×161...
  [WARNING] Hessian computation failed: element 0 of tensors does not require grad and does not have a grad_fn
  [FALLBACK] Using gradient descent step...
  [337] Computing full Hessian 3×3 + 161×161...
  [WARNING] Hessian computation failed: element 0 of tensors does not require grad and does not have a grad_fn
  [FALLBACK] Using gradient descent step...
  [338] Computing full Hessian 3×3 + 161×161...
  [WARNING] Hessian computation failed: element 0 of tensors does not require grad and does not have a grad_fn
  [FALLBACK] Using gradient descent step...
  [339] Computing full Hessian 3×3 + 161×161...
  [WARNING] Hessian computation failed: element 0 of tensors does not require grad and does not have a grad_fn
  [FALLBACK] Using gradient descent step...
 340 |    4.764e+00 |    4.764e+00 |    0.000e+00 |    0.000e+00 |  0.000e+00 |  1.059e+00
  [340] Computing full Hessian 3×3 + 161×161...
  [WARNING] Hessian computation failed: element 0 of tensors does not require grad and does not have a grad_fn
  [FALLBACK] Using gradient descent step...
  [341] Computing full Hessian 3×3 + 161×161...
  [WARNING] Hessian computation failed: element 0 of tensors does not require grad and does not have a grad_fn
  [FALLBACK] Using gradient descent step...
  [342] Computing full Hessian 3×3 + 161×161...
  [WARNING] Hessian computation failed: element 0 of tensors does not require grad and does not have a grad_fn
  [FALLBACK] Using gradient descent step...
  [343] Computing full Hessian 3×3 + 161×161...
  [WARNING] Hessian computation failed: element 0 of tensors does not require grad and does not have a grad_fn
  [FALLBACK] Using gradient descent step...
  [344] Computing full Hessian 3×3 + 161×161...
  [WARNING] Hessian computation failed: element 0 of tensors does not require grad and does not have a grad_fn
  [FALLBACK] Using gradient descent step...
  [345] Computing full Hessian 3×3 + 161×161...
  [WARNING] Hessian computation failed: element 0 of tensors does not require grad and does not have a grad_fn
  [FALLBACK] Using gradient descent step...
  [346] Computing full Hessian 3×3 + 161×161...
  [WARNING] Hessian computation failed: element 0 of tensors does not require grad and does not have a grad_fn
  [FALLBACK] Using gradient descent step...
  [347] Computing full Hessian 3×3 + 161×161...
  [WARNING] Hessian computation failed: element 0 of tensors does not require grad and does not have a grad_fn
  [FALLBACK] Using gradient descent step...
  [348] Computing full Hessian 3×3 + 161×161...
  [WARNING] Hessian computation failed: element 0 of tensors does not require grad and does not have a grad_fn
  [FALLBACK] Using gradient descent step...
  [349] Computing full Hessian 3×3 + 161×161...
  [WARNING] Hessian computation failed: element 0 of tensors does not require grad and does not have a grad_fn
  [FALLBACK] Using gradient descent step...
 350 |    4.633e+00 |    4.633e+00 |    0.000e+00 |    0.000e+00 |  0.000e+00 |  1.059e+00
  [350] Computing full Hessian 3×3 + 161×161...
  [WARNING] Hessian computation failed: element 0 of tensors does not require grad and does not have a grad_fn
  [FALLBACK] Using gradient descent step...
  [351] Computing full Hessian 3×3 + 161×161...
  [WARNING] Hessian computation failed: element 0 of tensors does not require grad and does not have a grad_fn
  [FALLBACK] Using gradient descent step...
  [352] Computing full Hessian 3×3 + 161×161...
  [WARNING] Hessian computation failed: element 0 of tensors does not require grad and does not have a grad_fn
  [FALLBACK] Using gradient descent step...
  [353] Computing full Hessian 3×3 + 161×161...
  [WARNING] Hessian computation failed: element 0 of tensors does not require grad and does not have a grad_fn
  [FALLBACK] Using gradient descent step...
  [354] Computing full Hessian 3×3 + 161×161...
  [WARNING] Hessian computation failed: element 0 of tensors does not require grad and does not have a grad_fn
  [FALLBACK] Using gradient descent step...
  [355] Computing full Hessian 3×3 + 161×161...
  [WARNING] Hessian computation failed: element 0 of tensors does not require grad and does not have a grad_fn
  [FALLBACK] Using gradient descent step...
  [356] Computing full Hessian 3×3 + 161×161...
  [WARNING] Hessian computation failed: element 0 of tensors does not require grad and does not have a grad_fn
  [FALLBACK] Using gradient descent step...
  [357] Computing full Hessian 3×3 + 161×161...
  [WARNING] Hessian computation failed: element 0 of tensors does not require grad and does not have a grad_fn
  [FALLBACK] Using gradient descent step...
  [358] Computing full Hessian 3×3 + 161×161...
  [WARNING] Hessian computation failed: element 0 of tensors does not require grad and does not have a grad_fn
  [FALLBACK] Using gradient descent step...
  [359] Computing full Hessian 3×3 + 161×161...
  [WARNING] Hessian computation failed: element 0 of tensors does not require grad and does not have a grad_fn
  [FALLBACK] Using gradient descent step...
 360 |    4.506e+00 |    4.506e+00 |    0.000e+00 |    0.000e+00 |  0.000e+00 |  1.060e+00
  [360] Computing full Hessian 3×3 + 161×161...
  [WARNING] Hessian computation failed: element 0 of tensors does not require grad and does not have a grad_fn
  [FALLBACK] Using gradient descent step...
  [361] Computing full Hessian 3×3 + 161×161...
  [WARNING] Hessian computation failed: element 0 of tensors does not require grad and does not have a grad_fn
  [FALLBACK] Using gradient descent step...
  [362] Computing full Hessian 3×3 + 161×161...
  [WARNING] Hessian computation failed: element 0 of tensors does not require grad and does not have a grad_fn
  [FALLBACK] Using gradient descent step...
  [363] Computing full Hessian 3×3 + 161×161...
  [WARNING] Hessian computation failed: element 0 of tensors does not require grad and does not have a grad_fn
  [FALLBACK] Using gradient descent step...
  [364] Computing full Hessian 3×3 + 161×161...
  [WARNING] Hessian computation failed: element 0 of tensors does not require grad and does not have a grad_fn
  [FALLBACK] Using gradient descent step...
  [365] Computing full Hessian 3×3 + 161×161...
  [WARNING] Hessian computation failed: element 0 of tensors does not require grad and does not have a grad_fn
  [FALLBACK] Using gradient descent step...
  [366] Computing full Hessian 3×3 + 161×161...
  [WARNING] Hessian computation failed: element 0 of tensors does not require grad and does not have a grad_fn
  [FALLBACK] Using gradient descent step...
  [367] Computing full Hessian 3×3 + 161×161...
  [WARNING] Hessian computation failed: element 0 of tensors does not require grad and does not have a grad_fn
  [FALLBACK] Using gradient descent step...
  [368] Computing full Hessian 3×3 + 161×161...
  [WARNING] Hessian computation failed: element 0 of tensors does not require grad and does not have a grad_fn
  [FALLBACK] Using gradient descent step...
  [369] Computing full Hessian 3×3 + 161×161...
  [WARNING] Hessian computation failed: element 0 of tensors does not require grad and does not have a grad_fn
  [FALLBACK] Using gradient descent step...
 370 |    4.384e+00 |    4.384e+00 |    0.000e+00 |    0.000e+00 |  0.000e+00 |  1.060e+00
  [370] Computing full Hessian 3×3 + 161×161...
  [WARNING] Hessian computation failed: element 0 of tensors does not require grad and does not have a grad_fn
  [FALLBACK] Using gradient descent step...
  [371] Computing full Hessian 3×3 + 161×161...
  [WARNING] Hessian computation failed: element 0 of tensors does not require grad and does not have a grad_fn
  [FALLBACK] Using gradient descent step...
  [372] Computing full Hessian 3×3 + 161×161...
  [WARNING] Hessian computation failed: element 0 of tensors does not require grad and does not have a grad_fn
  [FALLBACK] Using gradient descent step...
  [373] Computing full Hessian 3×3 + 161×161...
  [WARNING] Hessian computation failed: element 0 of tensors does not require grad and does not have a grad_fn
  [FALLBACK] Using gradient descent step...
  [374] Computing full Hessian 3×3 + 161×161...
  [WARNING] Hessian computation failed: element 0 of tensors does not require grad and does not have a grad_fn
  [FALLBACK] Using gradient descent step...
  [375] Computing full Hessian 3×3 + 161×161...
  [WARNING] Hessian computation failed: element 0 of tensors does not require grad and does not have a grad_fn
  [FALLBACK] Using gradient descent step...
  [376] Computing full Hessian 3×3 + 161×161...
  [WARNING] Hessian computation failed: element 0 of tensors does not require grad and does not have a grad_fn
  [FALLBACK] Using gradient descent step...
  [377] Computing full Hessian 3×3 + 161×161...
  [WARNING] Hessian computation failed: element 0 of tensors does not require grad and does not have a grad_fn
  [FALLBACK] Using gradient descent step...
  [378] Computing full Hessian 3×3 + 161×161...
  [WARNING] Hessian computation failed: element 0 of tensors does not require grad and does not have a grad_fn
  [FALLBACK] Using gradient descent step...
  [379] Computing full Hessian 3×3 + 161×161...
  [WARNING] Hessian computation failed: element 0 of tensors does not require grad and does not have a grad_fn
  [FALLBACK] Using gradient descent step...
 380 |    4.267e+00 |    4.267e+00 |    0.000e+00 |    0.000e+00 |  0.000e+00 |  1.061e+00
  [380] Computing full Hessian 3×3 + 161×161...
  [WARNING] Hessian computation failed: element 0 of tensors does not require grad and does not have a grad_fn
  [FALLBACK] Using gradient descent step...
  [381] Computing full Hessian 3×3 + 161×161...
  [WARNING] Hessian computation failed: element 0 of tensors does not require grad and does not have a grad_fn
  [FALLBACK] Using gradient descent step...
  [382] Computing full Hessian 3×3 + 161×161...
  [WARNING] Hessian computation failed: element 0 of tensors does not require grad and does not have a grad_fn
  [FALLBACK] Using gradient descent step...
  [383] Computing full Hessian 3×3 + 161×161...
  [WARNING] Hessian computation failed: element 0 of tensors does not require grad and does not have a grad_fn
  [FALLBACK] Using gradient descent step...
  [384] Computing full Hessian 3×3 + 161×161...
  [WARNING] Hessian computation failed: element 0 of tensors does not require grad and does not have a grad_fn
  [FALLBACK] Using gradient descent step...
  [385] Computing full Hessian 3×3 + 161×161...
  [WARNING] Hessian computation failed: element 0 of tensors does not require grad and does not have a grad_fn
  [FALLBACK] Using gradient descent step...
  [386] Computing full Hessian 3×3 + 161×161...
  [WARNING] Hessian computation failed: element 0 of tensors does not require grad and does not have a grad_fn
  [FALLBACK] Using gradient descent step...
  [387] Computing full Hessian 3×3 + 161×161...
  [WARNING] Hessian computation failed: element 0 of tensors does not require grad and does not have a grad_fn
  [FALLBACK] Using gradient descent step...
  [388] Computing full Hessian 3×3 + 161×161...
  [WARNING] Hessian computation failed: element 0 of tensors does not require grad and does not have a grad_fn
  [FALLBACK] Using gradient descent step...
  [389] Computing full Hessian 3×3 + 161×161...
  [WARNING] Hessian computation failed: element 0 of tensors does not require grad and does not have a grad_fn
  [FALLBACK] Using gradient descent step...
 390 |    4.154e+00 |    4.154e+00 |    0.000e+00 |    0.000e+00 |  0.000e+00 |  1.061e+00
  [390] Computing full Hessian 3×3 + 161×161...
  [WARNING] Hessian computation failed: element 0 of tensors does not require grad and does not have a grad_fn
  [FALLBACK] Using gradient descent step...
  [391] Computing full Hessian 3×3 + 161×161...
  [WARNING] Hessian computation failed: element 0 of tensors does not require grad and does not have a grad_fn
  [FALLBACK] Using gradient descent step...
  [392] Computing full Hessian 3×3 + 161×161...
  [WARNING] Hessian computation failed: element 0 of tensors does not require grad and does not have a grad_fn
  [FALLBACK] Using gradient descent step...
  [393] Computing full Hessian 3×3 + 161×161...
  [WARNING] Hessian computation failed: element 0 of tensors does not require grad and does not have a grad_fn
  [FALLBACK] Using gradient descent step...
  [394] Computing full Hessian 3×3 + 161×161...
  [WARNING] Hessian computation failed: element 0 of tensors does not require grad and does not have a grad_fn
  [FALLBACK] Using gradient descent step...
  [395] Computing full Hessian 3×3 + 161×161...
  [WARNING] Hessian computation failed: element 0 of tensors does not require grad and does not have a grad_fn
  [FALLBACK] Using gradient descent step...
  [396] Computing full Hessian 3×3 + 161×161...
  [WARNING] Hessian computation failed: element 0 of tensors does not require grad and does not have a grad_fn
  [FALLBACK] Using gradient descent step...
  [397] Computing full Hessian 3×3 + 161×161...
  [WARNING] Hessian computation failed: element 0 of tensors does not require grad and does not have a grad_fn
  [FALLBACK] Using gradient descent step...
  [398] Computing full Hessian 3×3 + 161×161...
  [WARNING] Hessian computation failed: element 0 of tensors does not require grad and does not have a grad_fn
  [FALLBACK] Using gradient descent step...
  [399] Computing full Hessian 3×3 + 161×161...
  [WARNING] Hessian computation failed: element 0 of tensors does not require grad and does not have a grad_fn
  [FALLBACK] Using gradient descent step...
 400 |    4.046e+00 |    4.046e+00 |    0.000e+00 |    0.000e+00 |  0.000e+00 |  1.062e+00
  [400] Computing full Hessian 3×3 + 161×161...
  [WARNING] Hessian computation failed: element 0 of tensors does not require grad and does not have a grad_fn
  [FALLBACK] Using gradient descent step...
  [401] Computing full Hessian 3×3 + 161×161...
  [WARNING] Hessian computation failed: element 0 of tensors does not require grad and does not have a grad_fn
  [FALLBACK] Using gradient descent step...
  [402] Computing full Hessian 3×3 + 161×161...
  [WARNING] Hessian computation failed: element 0 of tensors does not require grad and does not have a grad_fn
  [FALLBACK] Using gradient descent step...
  [403] Computing full Hessian 3×3 + 161×161...
  [WARNING] Hessian computation failed: element 0 of tensors does not require grad and does not have a grad_fn
  [FALLBACK] Using gradient descent step...
  [404] Computing full Hessian 3×3 + 161×161...
  [WARNING] Hessian computation failed: element 0 of tensors does not require grad and does not have a grad_fn
  [FALLBACK] Using gradient descent step...
  [405] Computing full Hessian 3×3 + 161×161...
  [WARNING] Hessian computation failed: element 0 of tensors does not require grad and does not have a grad_fn
  [FALLBACK] Using gradient descent step...
  [406] Computing full Hessian 3×3 + 161×161...
  [WARNING] Hessian computation failed: element 0 of tensors does not require grad and does not have a grad_fn
  [FALLBACK] Using gradient descent step...
  [407] Computing full Hessian 3×3 + 161×161...
  [WARNING] Hessian computation failed: element 0 of tensors does not require grad and does not have a grad_fn
  [FALLBACK] Using gradient descent step...
  [408] Computing full Hessian 3×3 + 161×161...
  [WARNING] Hessian computation failed: element 0 of tensors does not require grad and does not have a grad_fn
  [FALLBACK] Using gradient descent step...
  [409] Computing full Hessian 3×3 + 161×161...
  [WARNING] Hessian computation failed: element 0 of tensors does not require grad and does not have a grad_fn
  [FALLBACK] Using gradient descent step...
 410 |    3.941e+00 |    3.941e+00 |    0.000e+00 |    0.000e+00 |  0.000e+00 |  1.062e+00
  [410] Computing full Hessian 3×3 + 161×161...
  [WARNING] Hessian computation failed: element 0 of tensors does not require grad and does not have a grad_fn
  [FALLBACK] Using gradient descent step...
  [411] Computing full Hessian 3×3 + 161×161...
  [WARNING] Hessian computation failed: element 0 of tensors does not require grad and does not have a grad_fn
  [FALLBACK] Using gradient descent step...
  [412] Computing full Hessian 3×3 + 161×161...
  [WARNING] Hessian computation failed: element 0 of tensors does not require grad and does not have a grad_fn
  [FALLBACK] Using gradient descent step...
  [413] Computing full Hessian 3×3 + 161×161...
  [WARNING] Hessian computation failed: element 0 of tensors does not require grad and does not have a grad_fn
  [FALLBACK] Using gradient descent step...
  [414] Computing full Hessian 3×3 + 161×161...
  [WARNING] Hessian computation failed: element 0 of tensors does not require grad and does not have a grad_fn
  [FALLBACK] Using gradient descent step...
  [415] Computing full Hessian 3×3 + 161×161...
  [WARNING] Hessian computation failed: element 0 of tensors does not require grad and does not have a grad_fn
  [FALLBACK] Using gradient descent step...
  [416] Computing full Hessian 3×3 + 161×161...
  [WARNING] Hessian computation failed: element 0 of tensors does not require grad and does not have a grad_fn
  [FALLBACK] Using gradient descent step...
  [417] Computing full Hessian 3×3 + 161×161...
  [WARNING] Hessian computation failed: element 0 of tensors does not require grad and does not have a grad_fn
  [FALLBACK] Using gradient descent step...
  [418] Computing full Hessian 3×3 + 161×161...
  [WARNING] Hessian computation failed: element 0 of tensors does not require grad and does not have a grad_fn
  [FALLBACK] Using gradient descent step...
  [419] Computing full Hessian 3×3 + 161×161...
  [WARNING] Hessian computation failed: element 0 of tensors does not require grad and does not have a grad_fn
  [FALLBACK] Using gradient descent step...
 420 |    3.840e+00 |    3.840e+00 |    0.000e+00 |    0.000e+00 |  0.000e+00 |  1.063e+00
  [420] Computing full Hessian 3×3 + 161×161...
  [WARNING] Hessian computation failed: element 0 of tensors does not require grad and does not have a grad_fn
  [FALLBACK] Using gradient descent step...
  [421] Computing full Hessian 3×3 + 161×161...
  [WARNING] Hessian computation failed: element 0 of tensors does not require grad and does not have a grad_fn
  [FALLBACK] Using gradient descent step...
  [422] Computing full Hessian 3×3 + 161×161...
  [WARNING] Hessian computation failed: element 0 of tensors does not require grad and does not have a grad_fn
  [FALLBACK] Using gradient descent step...
  [423] Computing full Hessian 3×3 + 161×161...
  [WARNING] Hessian computation failed: element 0 of tensors does not require grad and does not have a grad_fn
  [FALLBACK] Using gradient descent step...
  [424] Computing full Hessian 3×3 + 161×161...
  [WARNING] Hessian computation failed: element 0 of tensors does not require grad and does not have a grad_fn
  [FALLBACK] Using gradient descent step...
  [425] Computing full Hessian 3×3 + 161×161...
  [WARNING] Hessian computation failed: element 0 of tensors does not require grad and does not have a grad_fn
  [FALLBACK] Using gradient descent step...
  [426] Computing full Hessian 3×3 + 161×161...
  [WARNING] Hessian computation failed: element 0 of tensors does not require grad and does not have a grad_fn
  [FALLBACK] Using gradient descent step...
  [427] Computing full Hessian 3×3 + 161×161...
  [WARNING] Hessian computation failed: element 0 of tensors does not require grad and does not have a grad_fn
  [FALLBACK] Using gradient descent step...
  [428] Computing full Hessian 3×3 + 161×161...
  [WARNING] Hessian computation failed: element 0 of tensors does not require grad and does not have a grad_fn
  [FALLBACK] Using gradient descent step...
  [429] Computing full Hessian 3×3 + 161×161...
  [WARNING] Hessian computation failed: element 0 of tensors does not require grad and does not have a grad_fn
  [FALLBACK] Using gradient descent step...
 430 |    3.743e+00 |    3.743e+00 |    0.000e+00 |    0.000e+00 |  0.000e+00 |  1.063e+00
  [430] Computing full Hessian 3×3 + 161×161...
  [WARNING] Hessian computation failed: element 0 of tensors does not require grad and does not have a grad_fn
  [FALLBACK] Using gradient descent step...
  [431] Computing full Hessian 3×3 + 161×161...
  [WARNING] Hessian computation failed: element 0 of tensors does not require grad and does not have a grad_fn
  [FALLBACK] Using gradient descent step...
  [432] Computing full Hessian 3×3 + 161×161...
  [WARNING] Hessian computation failed: element 0 of tensors does not require grad and does not have a grad_fn
  [FALLBACK] Using gradient descent step...
  [433] Computing full Hessian 3×3 + 161×161...
  [WARNING] Hessian computation failed: element 0 of tensors does not require grad and does not have a grad_fn
  [FALLBACK] Using gradient descent step...
  [434] Computing full Hessian 3×3 + 161×161...
  [WARNING] Hessian computation failed: element 0 of tensors does not require grad and does not have a grad_fn
  [FALLBACK] Using gradient descent step...
  [435] Computing full Hessian 3×3 + 161×161...
  [WARNING] Hessian computation failed: element 0 of tensors does not require grad and does not have a grad_fn
  [FALLBACK] Using gradient descent step...
  [436] Computing full Hessian 3×3 + 161×161...
  [WARNING] Hessian computation failed: element 0 of tensors does not require grad and does not have a grad_fn
  [FALLBACK] Using gradient descent step...
  [437] Computing full Hessian 3×3 + 161×161...
  [WARNING] Hessian computation failed: element 0 of tensors does not require grad and does not have a grad_fn
  [FALLBACK] Using gradient descent step...
  [438] Computing full Hessian 3×3 + 161×161...
  [WARNING] Hessian computation failed: element 0 of tensors does not require grad and does not have a grad_fn
  [FALLBACK] Using gradient descent step...
  [439] Computing full Hessian 3×3 + 161×161...
  [WARNING] Hessian computation failed: element 0 of tensors does not require grad and does not have a grad_fn
  [FALLBACK] Using gradient descent step...
 440 |    3.649e+00 |    3.649e+00 |    0.000e+00 |    0.000e+00 |  0.000e+00 |  1.064e+00
  [440] Computing full Hessian 3×3 + 161×161...
  [WARNING] Hessian computation failed: element 0 of tensors does not require grad and does not have a grad_fn
  [FALLBACK] Using gradient descent step...
  [441] Computing full Hessian 3×3 + 161×161...
  [WARNING] Hessian computation failed: element 0 of tensors does not require grad and does not have a grad_fn
  [FALLBACK] Using gradient descent step...
  [442] Computing full Hessian 3×3 + 161×161...
  [WARNING] Hessian computation failed: element 0 of tensors does not require grad and does not have a grad_fn
  [FALLBACK] Using gradient descent step...
  [443] Computing full Hessian 3×3 + 161×161...
  [WARNING] Hessian computation failed: element 0 of tensors does not require grad and does not have a grad_fn
  [FALLBACK] Using gradient descent step...
  [444] Computing full Hessian 3×3 + 161×161...
  [WARNING] Hessian computation failed: element 0 of tensors does not require grad and does not have a grad_fn
  [FALLBACK] Using gradient descent step...
  [445] Computing full Hessian 3×3 + 161×161...
  [WARNING] Hessian computation failed: element 0 of tensors does not require grad and does not have a grad_fn
  [FALLBACK] Using gradient descent step...
  [446] Computing full Hessian 3×3 + 161×161...
  [WARNING] Hessian computation failed: element 0 of tensors does not require grad and does not have a grad_fn
  [FALLBACK] Using gradient descent step...
  [447] Computing full Hessian 3×3 + 161×161...
  [WARNING] Hessian computation failed: element 0 of tensors does not require grad and does not have a grad_fn
  [FALLBACK] Using gradient descent step...
  [448] Computing full Hessian 3×3 + 161×161...
  [WARNING] Hessian computation failed: element 0 of tensors does not require grad and does not have a grad_fn
  [FALLBACK] Using gradient descent step...
  [449] Computing full Hessian 3×3 + 161×161...
  [WARNING] Hessian computation failed: element 0 of tensors does not require grad and does not have a grad_fn
  [FALLBACK] Using gradient descent step...
 450 |    3.559e+00 |    3.559e+00 |    0.000e+00 |    0.000e+00 |  0.000e+00 |  1.065e+00
  [450] Computing full Hessian 3×3 + 161×161...
  [WARNING] Hessian computation failed: element 0 of tensors does not require grad and does not have a grad_fn
  [FALLBACK] Using gradient descent step...
  [451] Computing full Hessian 3×3 + 161×161...
  [WARNING] Hessian computation failed: element 0 of tensors does not require grad and does not have a grad_fn
  [FALLBACK] Using gradient descent step...
  [452] Computing full Hessian 3×3 + 161×161...
  [WARNING] Hessian computation failed: element 0 of tensors does not require grad and does not have a grad_fn
  [FALLBACK] Using gradient descent step...
  [453] Computing full Hessian 3×3 + 161×161...
  [WARNING] Hessian computation failed: element 0 of tensors does not require grad and does not have a grad_fn
  [FALLBACK] Using gradient descent step...
  [454] Computing full Hessian 3×3 + 161×161...
  [WARNING] Hessian computation failed: element 0 of tensors does not require grad and does not have a grad_fn
  [FALLBACK] Using gradient descent step...
  [455] Computing full Hessian 3×3 + 161×161...
  [WARNING] Hessian computation failed: element 0 of tensors does not require grad and does not have a grad_fn
  [FALLBACK] Using gradient descent step...
  [456] Computing full Hessian 3×3 + 161×161...
  [WARNING] Hessian computation failed: element 0 of tensors does not require grad and does not have a grad_fn
  [FALLBACK] Using gradient descent step...
  [457] Computing full Hessian 3×3 + 161×161...
  [WARNING] Hessian computation failed: element 0 of tensors does not require grad and does not have a grad_fn
  [FALLBACK] Using gradient descent step...
  [458] Computing full Hessian 3×3 + 161×161...
  [WARNING] Hessian computation failed: element 0 of tensors does not require grad and does not have a grad_fn
  [FALLBACK] Using gradient descent step...
  [459] Computing full Hessian 3×3 + 161×161...
  [WARNING] Hessian computation failed: element 0 of tensors does not require grad and does not have a grad_fn
  [FALLBACK] Using gradient descent step...
 460 |    3.472e+00 |    3.472e+00 |    0.000e+00 |    0.000e+00 |  0.000e+00 |  1.065e+00
  [460] Computing full Hessian 3×3 + 161×161...
  [WARNING] Hessian computation failed: element 0 of tensors does not require grad and does not have a grad_fn
  [FALLBACK] Using gradient descent step...
  [461] Computing full Hessian 3×3 + 161×161...
  [WARNING] Hessian computation failed: element 0 of tensors does not require grad and does not have a grad_fn
  [FALLBACK] Using gradient descent step...
  [462] Computing full Hessian 3×3 + 161×161...
  [WARNING] Hessian computation failed: element 0 of tensors does not require grad and does not have a grad_fn
  [FALLBACK] Using gradient descent step...
  [463] Computing full Hessian 3×3 + 161×161...
  [WARNING] Hessian computation failed: element 0 of tensors does not require grad and does not have a grad_fn
  [FALLBACK] Using gradient descent step...
  [464] Computing full Hessian 3×3 + 161×161...
  [WARNING] Hessian computation failed: element 0 of tensors does not require grad and does not have a grad_fn
  [FALLBACK] Using gradient descent step...
  [465] Computing full Hessian 3×3 + 161×161...
  [WARNING] Hessian computation failed: element 0 of tensors does not require grad and does not have a grad_fn
  [FALLBACK] Using gradient descent step...
  [466] Computing full Hessian 3×3 + 161×161...
  [WARNING] Hessian computation failed: element 0 of tensors does not require grad and does not have a grad_fn
  [FALLBACK] Using gradient descent step...
  [467] Computing full Hessian 3×3 + 161×161...
  [WARNING] Hessian computation failed: element 0 of tensors does not require grad and does not have a grad_fn
  [FALLBACK] Using gradient descent step...
  [468] Computing full Hessian 3×3 + 161×161...
  [WARNING] Hessian computation failed: element 0 of tensors does not require grad and does not have a grad_fn
  [FALLBACK] Using gradient descent step...
  [469] Computing full Hessian 3×3 + 161×161...
  [WARNING] Hessian computation failed: element 0 of tensors does not require grad and does not have a grad_fn
  [FALLBACK] Using gradient descent step...
 470 |    3.388e+00 |    3.388e+00 |    0.000e+00 |    0.000e+00 |  0.000e+00 |  1.066e+00
  [470] Computing full Hessian 3×3 + 161×161...
  [WARNING] Hessian computation failed: element 0 of tensors does not require grad and does not have a grad_fn
  [FALLBACK] Using gradient descent step...
  [471] Computing full Hessian 3×3 + 161×161...
  [WARNING] Hessian computation failed: element 0 of tensors does not require grad and does not have a grad_fn
  [FALLBACK] Using gradient descent step...
  [472] Computing full Hessian 3×3 + 161×161...
  [WARNING] Hessian computation failed: element 0 of tensors does not require grad and does not have a grad_fn
  [FALLBACK] Using gradient descent step...
  [473] Computing full Hessian 3×3 + 161×161...
  [WARNING] Hessian computation failed: element 0 of tensors does not require grad and does not have a grad_fn
  [FALLBACK] Using gradient descent step...
  [474] Computing full Hessian 3×3 + 161×161...
  [WARNING] Hessian computation failed: element 0 of tensors does not require grad and does not have a grad_fn
  [FALLBACK] Using gradient descent step...
  [475] Computing full Hessian 3×3 + 161×161...
  [WARNING] Hessian computation failed: element 0 of tensors does not require grad and does not have a grad_fn
  [FALLBACK] Using gradient descent step...
  [476] Computing full Hessian 3×3 + 161×161...
  [WARNING] Hessian computation failed: element 0 of tensors does not require grad and does not have a grad_fn
  [FALLBACK] Using gradient descent step...
  [477] Computing full Hessian 3×3 + 161×161...
  [WARNING] Hessian computation failed: element 0 of tensors does not require grad and does not have a grad_fn
  [FALLBACK] Using gradient descent step...
  [478] Computing full Hessian 3×3 + 161×161...
  [WARNING] Hessian computation failed: element 0 of tensors does not require grad and does not have a grad_fn
  [FALLBACK] Using gradient descent step...
  [479] Computing full Hessian 3×3 + 161×161...
  [WARNING] Hessian computation failed: element 0 of tensors does not require grad and does not have a grad_fn
  [FALLBACK] Using gradient descent step...
 480 |    3.307e+00 |    3.307e+00 |    0.000e+00 |    0.000e+00 |  0.000e+00 |  1.066e+00
  [480] Computing full Hessian 3×3 + 161×161...
  [WARNING] Hessian computation failed: element 0 of tensors does not require grad and does not have a grad_fn
  [FALLBACK] Using gradient descent step...
  [481] Computing full Hessian 3×3 + 161×161...
  [WARNING] Hessian computation failed: element 0 of tensors does not require grad and does not have a grad_fn
  [FALLBACK] Using gradient descent step...
  [482] Computing full Hessian 3×3 + 161×161...
  [WARNING] Hessian computation failed: element 0 of tensors does not require grad and does not have a grad_fn
  [FALLBACK] Using gradient descent step...
  [483] Computing full Hessian 3×3 + 161×161...
  [WARNING] Hessian computation failed: element 0 of tensors does not require grad and does not have a grad_fn
  [FALLBACK] Using gradient descent step...
  [484] Computing full Hessian 3×3 + 161×161...
  [WARNING] Hessian computation failed: element 0 of tensors does not require grad and does not have a grad_fn
  [FALLBACK] Using gradient descent step...
  [485] Computing full Hessian 3×3 + 161×161...
  [WARNING] Hessian computation failed: element 0 of tensors does not require grad and does not have a grad_fn
  [FALLBACK] Using gradient descent step...
  [486] Computing full Hessian 3×3 + 161×161...
  [WARNING] Hessian computation failed: element 0 of tensors does not require grad and does not have a grad_fn
  [FALLBACK] Using gradient descent step...
  [487] Computing full Hessian 3×3 + 161×161...
  [WARNING] Hessian computation failed: element 0 of tensors does not require grad and does not have a grad_fn
  [FALLBACK] Using gradient descent step...
  [488] Computing full Hessian 3×3 + 161×161...
  [WARNING] Hessian computation failed: element 0 of tensors does not require grad and does not have a grad_fn
  [FALLBACK] Using gradient descent step...
  [489] Computing full Hessian 3×3 + 161×161...
  [WARNING] Hessian computation failed: element 0 of tensors does not require grad and does not have a grad_fn
  [FALLBACK] Using gradient descent step...
 490 |    3.228e+00 |    3.228e+00 |    0.000e+00 |    0.000e+00 |  0.000e+00 |  1.067e+00
  [490] Computing full Hessian 3×3 + 161×161...
  [WARNING] Hessian computation failed: element 0 of tensors does not require grad and does not have a grad_fn
  [FALLBACK] Using gradient descent step...
  [491] Computing full Hessian 3×3 + 161×161...
  [WARNING] Hessian computation failed: element 0 of tensors does not require grad and does not have a grad_fn
  [FALLBACK] Using gradient descent step...
  [492] Computing full Hessian 3×3 + 161×161...
  [WARNING] Hessian computation failed: element 0 of tensors does not require grad and does not have a grad_fn
  [FALLBACK] Using gradient descent step...
  [493] Computing full Hessian 3×3 + 161×161...
  [WARNING] Hessian computation failed: element 0 of tensors does not require grad and does not have a grad_fn
  [FALLBACK] Using gradient descent step...
  [494] Computing full Hessian 3×3 + 161×161...
  [WARNING] Hessian computation failed: element 0 of tensors does not require grad and does not have a grad_fn
  [FALLBACK] Using gradient descent step...
  [495] Computing full Hessian 3×3 + 161×161...
  [WARNING] Hessian computation failed: element 0 of tensors does not require grad and does not have a grad_fn
  [FALLBACK] Using gradient descent step...
  [496] Computing full Hessian 3×3 + 161×161...
  [WARNING] Hessian computation failed: element 0 of tensors does not require grad and does not have a grad_fn
  [FALLBACK] Using gradient descent step...
  [497] Computing full Hessian 3×3 + 161×161...
  [WARNING] Hessian computation failed: element 0 of tensors does not require grad and does not have a grad_fn
  [FALLBACK] Using gradient descent step...
  [498] Computing full Hessian 3×3 + 161×161...
  [WARNING] Hessian computation failed: element 0 of tensors does not require grad and does not have a grad_fn
  [FALLBACK] Using gradient descent step...
  [499] Computing full Hessian 3×3 + 161×161...
  [WARNING] Hessian computation failed: element 0 of tensors does not require grad and does not have a grad_fn
  [FALLBACK] Using gradient descent step...
 500 |    3.153e+00 |    3.153e+00 |    0.000e+00 |    0.000e+00 |  0.000e+00 |  1.068e+00
  [500] Computing full Hessian 3×3 + 161×161...
  [WARNING] Hessian computation failed: element 0 of tensors does not require grad and does not have a grad_fn
  [FALLBACK] Using gradient descent step...
  [501] Computing full Hessian 3×3 + 161×161...
  [WARNING] Hessian computation failed: element 0 of tensors does not require grad and does not have a grad_fn
  [FALLBACK] Using gradient descent step...
  [502] Computing full Hessian 3×3 + 161×161...
  [WARNING] Hessian computation failed: element 0 of tensors does not require grad and does not have a grad_fn
  [FALLBACK] Using gradient descent step...
  [503] Computing full Hessian 3×3 + 161×161...
  [WARNING] Hessian computation failed: element 0 of tensors does not require grad and does not have a grad_fn
  [FALLBACK] Using gradient descent step...
  [504] Computing full Hessian 3×3 + 161×161...
  [WARNING] Hessian computation failed: element 0 of tensors does not require grad and does not have a grad_fn
  [FALLBACK] Using gradient descent step...
  [505] Computing full Hessian 3×3 + 161×161...
  [WARNING] Hessian computation failed: element 0 of tensors does not require grad and does not have a grad_fn
  [FALLBACK] Using gradient descent step...
  [506] Computing full Hessian 3×3 + 161×161...
  [WARNING] Hessian computation failed: element 0 of tensors does not require grad and does not have a grad_fn
  [FALLBACK] Using gradient descent step...
  [507] Computing full Hessian 3×3 + 161×161...
  [WARNING] Hessian computation failed: element 0 of tensors does not require grad and does not have a grad_fn
  [FALLBACK] Using gradient descent step...
  [508] Computing full Hessian 3×3 + 161×161...
  [WARNING] Hessian computation failed: element 0 of tensors does not require grad and does not have a grad_fn
  [FALLBACK] Using gradient descent step...
  [509] Computing full Hessian 3×3 + 161×161...
  [WARNING] Hessian computation failed: element 0 of tensors does not require grad and does not have a grad_fn
  [FALLBACK] Using gradient descent step...
 510 |    3.080e+00 |    3.080e+00 |    0.000e+00 |    0.000e+00 |  0.000e+00 |  1.068e+00
  [510] Computing full Hessian 3×3 + 161×161...
  [WARNING] Hessian computation failed: element 0 of tensors does not require grad and does not have a grad_fn
  [FALLBACK] Using gradient descent step...
  [511] Computing full Hessian 3×3 + 161×161...
  [WARNING] Hessian computation failed: element 0 of tensors does not require grad and does not have a grad_fn
  [FALLBACK] Using gradient descent step...
  [512] Computing full Hessian 3×3 + 161×161...
  [WARNING] Hessian computation failed: element 0 of tensors does not require grad and does not have a grad_fn
  [FALLBACK] Using gradient descent step...
  [513] Computing full Hessian 3×3 + 161×161...
  [WARNING] Hessian computation failed: element 0 of tensors does not require grad and does not have a grad_fn
  [FALLBACK] Using gradient descent step...
  [514] Computing full Hessian 3×3 + 161×161...
  [WARNING] Hessian computation failed: element 0 of tensors does not require grad and does not have a grad_fn
  [FALLBACK] Using gradient descent step...
  [515] Computing full Hessian 3×3 + 161×161...
  [WARNING] Hessian computation failed: element 0 of tensors does not require grad and does not have a grad_fn
  [FALLBACK] Using gradient descent step...
  [516] Computing full Hessian 3×3 + 161×161...
  [WARNING] Hessian computation failed: element 0 of tensors does not require grad and does not have a grad_fn
  [FALLBACK] Using gradient descent step...
  [517] Computing full Hessian 3×3 + 161×161...
  [WARNING] Hessian computation failed: element 0 of tensors does not require grad and does not have a grad_fn
  [FALLBACK] Using gradient descent step...
  [518] Computing full Hessian 3×3 + 161×161...
  [WARNING] Hessian computation failed: element 0 of tensors does not require grad and does not have a grad_fn
  [FALLBACK] Using gradient descent step...
  [519] Computing full Hessian 3×3 + 161×161...
  [WARNING] Hessian computation failed: element 0 of tensors does not require grad and does not have a grad_fn
  [FALLBACK] Using gradient descent step...
 520 |    3.009e+00 |    3.009e+00 |    0.000e+00 |    0.000e+00 |  0.000e+00 |  1.069e+00
  [520] Computing full Hessian 3×3 + 161×161...
  [WARNING] Hessian computation failed: element 0 of tensors does not require grad and does not have a grad_fn
  [FALLBACK] Using gradient descent step...
  [521] Computing full Hessian 3×3 + 161×161...
  [WARNING] Hessian computation failed: element 0 of tensors does not require grad and does not have a grad_fn
  [FALLBACK] Using gradient descent step...
  [522] Computing full Hessian 3×3 + 161×161...
  [WARNING] Hessian computation failed: element 0 of tensors does not require grad and does not have a grad_fn
  [FALLBACK] Using gradient descent step...
  [523] Computing full Hessian 3×3 + 161×161...
  [WARNING] Hessian computation failed: element 0 of tensors does not require grad and does not have a grad_fn
  [FALLBACK] Using gradient descent step...
  [524] Computing full Hessian 3×3 + 161×161...
  [WARNING] Hessian computation failed: element 0 of tensors does not require grad and does not have a grad_fn
  [FALLBACK] Using gradient descent step...
  [525] Computing full Hessian 3×3 + 161×161...
  [WARNING] Hessian computation failed: element 0 of tensors does not require grad and does not have a grad_fn
  [FALLBACK] Using gradient descent step...
  [526] Computing full Hessian 3×3 + 161×161...
  [WARNING] Hessian computation failed: element 0 of tensors does not require grad and does not have a grad_fn
  [FALLBACK] Using gradient descent step...
  [527] Computing full Hessian 3×3 + 161×161...
  [WARNING] Hessian computation failed: element 0 of tensors does not require grad and does not have a grad_fn
  [FALLBACK] Using gradient descent step...
  [528] Computing full Hessian 3×3 + 161×161...
  [WARNING] Hessian computation failed: element 0 of tensors does not require grad and does not have a grad_fn
  [FALLBACK] Using gradient descent step...
  [529] Computing full Hessian 3×3 + 161×161...
  [WARNING] Hessian computation failed: element 0 of tensors does not require grad and does not have a grad_fn
  [FALLBACK] Using gradient descent step...
 530 |    2.941e+00 |    2.941e+00 |    0.000e+00 |    0.000e+00 |  0.000e+00 |  1.069e+00
  [530] Computing full Hessian 3×3 + 161×161...
  [WARNING] Hessian computation failed: element 0 of tensors does not require grad and does not have a grad_fn
  [FALLBACK] Using gradient descent step...
  [531] Computing full Hessian 3×3 + 161×161...
  [WARNING] Hessian computation failed: element 0 of tensors does not require grad and does not have a grad_fn
  [FALLBACK] Using gradient descent step...
  [532] Computing full Hessian 3×3 + 161×161...
  [WARNING] Hessian computation failed: element 0 of tensors does not require grad and does not have a grad_fn
  [FALLBACK] Using gradient descent step...
  [533] Computing full Hessian 3×3 + 161×161...
  [WARNING] Hessian computation failed: element 0 of tensors does not require grad and does not have a grad_fn
  [FALLBACK] Using gradient descent step...
  [534] Computing full Hessian 3×3 + 161×161...
  [WARNING] Hessian computation failed: element 0 of tensors does not require grad and does not have a grad_fn
  [FALLBACK] Using gradient descent step...
  [535] Computing full Hessian 3×3 + 161×161...
  [WARNING] Hessian computation failed: element 0 of tensors does not require grad and does not have a grad_fn
  [FALLBACK] Using gradient descent step...
  [536] Computing full Hessian 3×3 + 161×161...
  [WARNING] Hessian computation failed: element 0 of tensors does not require grad and does not have a grad_fn
  [FALLBACK] Using gradient descent step...
  [537] Computing full Hessian 3×3 + 161×161...
  [WARNING] Hessian computation failed: element 0 of tensors does not require grad and does not have a grad_fn
  [FALLBACK] Using gradient descent step...
  [538] Computing full Hessian 3×3 + 161×161...
  [WARNING] Hessian computation failed: element 0 of tensors does not require grad and does not have a grad_fn
  [FALLBACK] Using gradient descent step...
  [539] Computing full Hessian 3×3 + 161×161...
  [WARNING] Hessian computation failed: element 0 of tensors does not require grad and does not have a grad_fn
  [FALLBACK] Using gradient descent step...
 540 |    2.875e+00 |    2.875e+00 |    0.000e+00 |    0.000e+00 |  0.000e+00 |  1.070e+00
  [540] Computing full Hessian 3×3 + 161×161...
  [WARNING] Hessian computation failed: element 0 of tensors does not require grad and does not have a grad_fn
  [FALLBACK] Using gradient descent step...
  [541] Computing full Hessian 3×3 + 161×161...
  [WARNING] Hessian computation failed: element 0 of tensors does not require grad and does not have a grad_fn
  [FALLBACK] Using gradient descent step...
  [542] Computing full Hessian 3×3 + 161×161...
  [WARNING] Hessian computation failed: element 0 of tensors does not require grad and does not have a grad_fn
  [FALLBACK] Using gradient descent step...
  [543] Computing full Hessian 3×3 + 161×161...
  [WARNING] Hessian computation failed: element 0 of tensors does not require grad and does not have a grad_fn
  [FALLBACK] Using gradient descent step...
  [544] Computing full Hessian 3×3 + 161×161...
  [WARNING] Hessian computation failed: element 0 of tensors does not require grad and does not have a grad_fn
  [FALLBACK] Using gradient descent step...
  [545] Computing full Hessian 3×3 + 161×161...
  [WARNING] Hessian computation failed: element 0 of tensors does not require grad and does not have a grad_fn
  [FALLBACK] Using gradient descent step...
  [546] Computing full Hessian 3×3 + 161×161...
  [WARNING] Hessian computation failed: element 0 of tensors does not require grad and does not have a grad_fn
  [FALLBACK] Using gradient descent step...
  [547] Computing full Hessian 3×3 + 161×161...
  [WARNING] Hessian computation failed: element 0 of tensors does not require grad and does not have a grad_fn
  [FALLBACK] Using gradient descent step...
  [548] Computing full Hessian 3×3 + 161×161...
  [WARNING] Hessian computation failed: element 0 of tensors does not require grad and does not have a grad_fn
  [FALLBACK] Using gradient descent step...
  [549] Computing full Hessian 3×3 + 161×161...
  [WARNING] Hessian computation failed: element 0 of tensors does not require grad and does not have a grad_fn
  [FALLBACK] Using gradient descent step...
 550 |    2.811e+00 |    2.811e+00 |    0.000e+00 |    0.000e+00 |  0.000e+00 |  1.070e+00
  [550] Computing full Hessian 3×3 + 161×161...
  [WARNING] Hessian computation failed: element 0 of tensors does not require grad and does not have a grad_fn
  [FALLBACK] Using gradient descent step...
  [551] Computing full Hessian 3×3 + 161×161...
  [WARNING] Hessian computation failed: element 0 of tensors does not require grad and does not have a grad_fn
  [FALLBACK] Using gradient descent step...
  [552] Computing full Hessian 3×3 + 161×161...
  [WARNING] Hessian computation failed: element 0 of tensors does not require grad and does not have a grad_fn
  [FALLBACK] Using gradient descent step...
  [553] Computing full Hessian 3×3 + 161×161...
  [WARNING] Hessian computation failed: element 0 of tensors does not require grad and does not have a grad_fn
  [FALLBACK] Using gradient descent step...
  [554] Computing full Hessian 3×3 + 161×161...
  [WARNING] Hessian computation failed: element 0 of tensors does not require grad and does not have a grad_fn
  [FALLBACK] Using gradient descent step...
  [555] Computing full Hessian 3×3 + 161×161...
  [WARNING] Hessian computation failed: element 0 of tensors does not require grad and does not have a grad_fn
  [FALLBACK] Using gradient descent step...
  [556] Computing full Hessian 3×3 + 161×161...
  [WARNING] Hessian computation failed: element 0 of tensors does not require grad and does not have a grad_fn
  [FALLBACK] Using gradient descent step...
  [557] Computing full Hessian 3×3 + 161×161...
  [WARNING] Hessian computation failed: element 0 of tensors does not require grad and does not have a grad_fn
  [FALLBACK] Using gradient descent step...
  [558] Computing full Hessian 3×3 + 161×161...
  [WARNING] Hessian computation failed: element 0 of tensors does not require grad and does not have a grad_fn
  [FALLBACK] Using gradient descent step...
  [559] Computing full Hessian 3×3 + 161×161...
  [WARNING] Hessian computation failed: element 0 of tensors does not require grad and does not have a grad_fn
  [FALLBACK] Using gradient descent step...
 560 |    2.750e+00 |    2.750e+00 |    0.000e+00 |    0.000e+00 |  0.000e+00 |  1.071e+00
  [560] Computing full Hessian 3×3 + 161×161...
  [WARNING] Hessian computation failed: element 0 of tensors does not require grad and does not have a grad_fn
  [FALLBACK] Using gradient descent step...
  [561] Computing full Hessian 3×3 + 161×161...
  [WARNING] Hessian computation failed: element 0 of tensors does not require grad and does not have a grad_fn
  [FALLBACK] Using gradient descent step...
  [562] Computing full Hessian 3×3 + 161×161...
  [WARNING] Hessian computation failed: element 0 of tensors does not require grad and does not have a grad_fn
  [FALLBACK] Using gradient descent step...
  [563] Computing full Hessian 3×3 + 161×161...
  [WARNING] Hessian computation failed: element 0 of tensors does not require grad and does not have a grad_fn
  [FALLBACK] Using gradient descent step...
  [564] Computing full Hessian 3×3 + 161×161...
  [WARNING] Hessian computation failed: element 0 of tensors does not require grad and does not have a grad_fn
  [FALLBACK] Using gradient descent step...
  [565] Computing full Hessian 3×3 + 161×161...
  [WARNING] Hessian computation failed: element 0 of tensors does not require grad and does not have a grad_fn
  [FALLBACK] Using gradient descent step...
  [566] Computing full Hessian 3×3 + 161×161...
  [WARNING] Hessian computation failed: element 0 of tensors does not require grad and does not have a grad_fn
  [FALLBACK] Using gradient descent step...
  [567] Computing full Hessian 3×3 + 161×161...
  [WARNING] Hessian computation failed: element 0 of tensors does not require grad and does not have a grad_fn
  [FALLBACK] Using gradient descent step...
  [568] Computing full Hessian 3×3 + 161×161...
  [WARNING] Hessian computation failed: element 0 of tensors does not require grad and does not have a grad_fn
  [FALLBACK] Using gradient descent step...
  [569] Computing full Hessian 3×3 + 161×161...
  [WARNING] Hessian computation failed: element 0 of tensors does not require grad and does not have a grad_fn
  [FALLBACK] Using gradient descent step...
 570 |    2.690e+00 |    2.690e+00 |    0.000e+00 |    0.000e+00 |  0.000e+00 |  1.072e+00
  [570] Computing full Hessian 3×3 + 161×161...
  [WARNING] Hessian computation failed: element 0 of tensors does not require grad and does not have a grad_fn
  [FALLBACK] Using gradient descent step...
  [571] Computing full Hessian 3×3 + 161×161...
  [WARNING] Hessian computation failed: element 0 of tensors does not require grad and does not have a grad_fn
  [FALLBACK] Using gradient descent step...
  [572] Computing full Hessian 3×3 + 161×161...
  [WARNING] Hessian computation failed: element 0 of tensors does not require grad and does not have a grad_fn
  [FALLBACK] Using gradient descent step...
  [573] Computing full Hessian 3×3 + 161×161...
  [WARNING] Hessian computation failed: element 0 of tensors does not require grad and does not have a grad_fn
  [FALLBACK] Using gradient descent step...
  [574] Computing full Hessian 3×3 + 161×161...
  [WARNING] Hessian computation failed: element 0 of tensors does not require grad and does not have a grad_fn
  [FALLBACK] Using gradient descent step...
  [575] Computing full Hessian 3×3 + 161×161...
  [WARNING] Hessian computation failed: element 0 of tensors does not require grad and does not have a grad_fn
  [FALLBACK] Using gradient descent step...
  [576] Computing full Hessian 3×3 + 161×161...
  [WARNING] Hessian computation failed: element 0 of tensors does not require grad and does not have a grad_fn
  [FALLBACK] Using gradient descent step...
  [577] Computing full Hessian 3×3 + 161×161...
  [WARNING] Hessian computation failed: element 0 of tensors does not require grad and does not have a grad_fn
  [FALLBACK] Using gradient descent step...
  [578] Computing full Hessian 3×3 + 161×161...
  [WARNING] Hessian computation failed: element 0 of tensors does not require grad and does not have a grad_fn
  [FALLBACK] Using gradient descent step...
  [579] Computing full Hessian 3×3 + 161×161...
  [WARNING] Hessian computation failed: element 0 of tensors does not require grad and does not have a grad_fn
  [FALLBACK] Using gradient descent step...
 580 |    2.632e+00 |    2.632e+00 |    0.000e+00 |    0.000e+00 |  0.000e+00 |  1.072e+00
  [580] Computing full Hessian 3×3 + 161×161...
  [WARNING] Hessian computation failed: element 0 of tensors does not require grad and does not have a grad_fn
  [FALLBACK] Using gradient descent step...
  [581] Computing full Hessian 3×3 + 161×161...
  [WARNING] Hessian computation failed: element 0 of tensors does not require grad and does not have a grad_fn
  [FALLBACK] Using gradient descent step...
  [582] Computing full Hessian 3×3 + 161×161...
  [WARNING] Hessian computation failed: element 0 of tensors does not require grad and does not have a grad_fn
  [FALLBACK] Using gradient descent step...
  [583] Computing full Hessian 3×3 + 161×161...
  [WARNING] Hessian computation failed: element 0 of tensors does not require grad and does not have a grad_fn
  [FALLBACK] Using gradient descent step...
  [584] Computing full Hessian 3×3 + 161×161...
  [WARNING] Hessian computation failed: element 0 of tensors does not require grad and does not have a grad_fn
  [FALLBACK] Using gradient descent step...
  [585] Computing full Hessian 3×3 + 161×161...
  [WARNING] Hessian computation failed: element 0 of tensors does not require grad and does not have a grad_fn
  [FALLBACK] Using gradient descent step...
  [586] Computing full Hessian 3×3 + 161×161...
  [WARNING] Hessian computation failed: element 0 of tensors does not require grad and does not have a grad_fn
  [FALLBACK] Using gradient descent step...
  [587] Computing full Hessian 3×3 + 161×161...
  [WARNING] Hessian computation failed: element 0 of tensors does not require grad and does not have a grad_fn
  [FALLBACK] Using gradient descent step...
  [588] Computing full Hessian 3×3 + 161×161...
  [WARNING] Hessian computation failed: element 0 of tensors does not require grad and does not have a grad_fn
  [FALLBACK] Using gradient descent step...
  [589] Computing full Hessian 3×3 + 161×161...
  [WARNING] Hessian computation failed: element 0 of tensors does not require grad and does not have a grad_fn
  [FALLBACK] Using gradient descent step...
 590 |    2.577e+00 |    2.577e+00 |    0.000e+00 |    0.000e+00 |  0.000e+00 |  1.073e+00
  [590] Computing full Hessian 3×3 + 161×161...
  [WARNING] Hessian computation failed: element 0 of tensors does not require grad and does not have a grad_fn
  [FALLBACK] Using gradient descent step...
  [591] Computing full Hessian 3×3 + 161×161...
  [WARNING] Hessian computation failed: element 0 of tensors does not require grad and does not have a grad_fn
  [FALLBACK] Using gradient descent step...
  [592] Computing full Hessian 3×3 + 161×161...
  [WARNING] Hessian computation failed: element 0 of tensors does not require grad and does not have a grad_fn
  [FALLBACK] Using gradient descent step...
  [593] Computing full Hessian 3×3 + 161×161...
  [WARNING] Hessian computation failed: element 0 of tensors does not require grad and does not have a grad_fn
  [FALLBACK] Using gradient descent step...
  [594] Computing full Hessian 3×3 + 161×161...
  [WARNING] Hessian computation failed: element 0 of tensors does not require grad and does not have a grad_fn
  [FALLBACK] Using gradient descent step...
  [595] Computing full Hessian 3×3 + 161×161...
  [WARNING] Hessian computation failed: element 0 of tensors does not require grad and does not have a grad_fn
  [FALLBACK] Using gradient descent step...
  [596] Computing full Hessian 3×3 + 161×161...
  [WARNING] Hessian computation failed: element 0 of tensors does not require grad and does not have a grad_fn
  [FALLBACK] Using gradient descent step...
  [597] Computing full Hessian 3×3 + 161×161...
  [WARNING] Hessian computation failed: element 0 of tensors does not require grad and does not have a grad_fn
  [FALLBACK] Using gradient descent step...
  [598] Computing full Hessian 3×3 + 161×161...
  [WARNING] Hessian computation failed: element 0 of tensors does not require grad and does not have a grad_fn
  [FALLBACK] Using gradient descent step...
  [599] Computing full Hessian 3×3 + 161×161...
  [WARNING] Hessian computation failed: element 0 of tensors does not require grad and does not have a grad_fn
  [FALLBACK] Using gradient descent step...
 600 |    2.523e+00 |    2.523e+00 |    0.000e+00 |    0.000e+00 |  0.000e+00 |  1.073e+00
  [600] Computing full Hessian 3×3 + 161×161...
  [WARNING] Hessian computation failed: element 0 of tensors does not require grad and does not have a grad_fn
  [FALLBACK] Using gradient descent step...
  [601] Computing full Hessian 3×3 + 161×161...
  [WARNING] Hessian computation failed: element 0 of tensors does not require grad and does not have a grad_fn
  [FALLBACK] Using gradient descent step...
  [602] Computing full Hessian 3×3 + 161×161...
  [WARNING] Hessian computation failed: element 0 of tensors does not require grad and does not have a grad_fn
  [FALLBACK] Using gradient descent step...
  [603] Computing full Hessian 3×3 + 161×161...
  [WARNING] Hessian computation failed: element 0 of tensors does not require grad and does not have a grad_fn
  [FALLBACK] Using gradient descent step...
  [604] Computing full Hessian 3×3 + 161×161...
  [WARNING] Hessian computation failed: element 0 of tensors does not require grad and does not have a grad_fn
  [FALLBACK] Using gradient descent step...
  [605] Computing full Hessian 3×3 + 161×161...
  [WARNING] Hessian computation failed: element 0 of tensors does not require grad and does not have a grad_fn
  [FALLBACK] Using gradient descent step...
  [606] Computing full Hessian 3×3 + 161×161...
  [WARNING] Hessian computation failed: element 0 of tensors does not require grad and does not have a grad_fn
  [FALLBACK] Using gradient descent step...
  [607] Computing full Hessian 3×3 + 161×161...
  [WARNING] Hessian computation failed: element 0 of tensors does not require grad and does not have a grad_fn
  [FALLBACK] Using gradient descent step...
  [608] Computing full Hessian 3×3 + 161×161...
  [WARNING] Hessian computation failed: element 0 of tensors does not require grad and does not have a grad_fn
  [FALLBACK] Using gradient descent step...
  [609] Computing full Hessian 3×3 + 161×161...
  [WARNING] Hessian computation failed: element 0 of tensors does not require grad and does not have a grad_fn
  [FALLBACK] Using gradient descent step...
 610 |    2.470e+00 |    2.470e+00 |    0.000e+00 |    0.000e+00 |  0.000e+00 |  1.074e+00
  [610] Computing full Hessian 3×3 + 161×161...
  [WARNING] Hessian computation failed: element 0 of tensors does not require grad and does not have a grad_fn
  [FALLBACK] Using gradient descent step...
  [611] Computing full Hessian 3×3 + 161×161...
  [WARNING] Hessian computation failed: element 0 of tensors does not require grad and does not have a grad_fn
  [FALLBACK] Using gradient descent step...
  [612] Computing full Hessian 3×3 + 161×161...
  [WARNING] Hessian computation failed: element 0 of tensors does not require grad and does not have a grad_fn
  [FALLBACK] Using gradient descent step...
  [613] Computing full Hessian 3×3 + 161×161...
  [WARNING] Hessian computation failed: element 0 of tensors does not require grad and does not have a grad_fn
  [FALLBACK] Using gradient descent step...
  [614] Computing full Hessian 3×3 + 161×161...
  [WARNING] Hessian computation failed: element 0 of tensors does not require grad and does not have a grad_fn
  [FALLBACK] Using gradient descent step...
  [615] Computing full Hessian 3×3 + 161×161...
  [WARNING] Hessian computation failed: element 0 of tensors does not require grad and does not have a grad_fn
  [FALLBACK] Using gradient descent step...
  [616] Computing full Hessian 3×3 + 161×161...
  [WARNING] Hessian computation failed: element 0 of tensors does not require grad and does not have a grad_fn
  [FALLBACK] Using gradient descent step...
  [617] Computing full Hessian 3×3 + 161×161...
  [WARNING] Hessian computation failed: element 0 of tensors does not require grad and does not have a grad_fn
  [FALLBACK] Using gradient descent step...
  [618] Computing full Hessian 3×3 + 161×161...
  [WARNING] Hessian computation failed: element 0 of tensors does not require grad and does not have a grad_fn
  [FALLBACK] Using gradient descent step...
  [619] Computing full Hessian 3×3 + 161×161...
  [WARNING] Hessian computation failed: element 0 of tensors does not require grad and does not have a grad_fn
  [FALLBACK] Using gradient descent step...
 620 |    2.420e+00 |    2.420e+00 |    0.000e+00 |    0.000e+00 |  0.000e+00 |  1.074e+00
  [620] Computing full Hessian 3×3 + 161×161...
  [WARNING] Hessian computation failed: element 0 of tensors does not require grad and does not have a grad_fn
  [FALLBACK] Using gradient descent step...
  [621] Computing full Hessian 3×3 + 161×161...
  [WARNING] Hessian computation failed: element 0 of tensors does not require grad and does not have a grad_fn
  [FALLBACK] Using gradient descent step...
  [622] Computing full Hessian 3×3 + 161×161...
  [WARNING] Hessian computation failed: element 0 of tensors does not require grad and does not have a grad_fn
  [FALLBACK] Using gradient descent step...
  [623] Computing full Hessian 3×3 + 161×161...
  [WARNING] Hessian computation failed: element 0 of tensors does not require grad and does not have a grad_fn
  [FALLBACK] Using gradient descent step...
  [624] Computing full Hessian 3×3 + 161×161...
  [WARNING] Hessian computation failed: element 0 of tensors does not require grad and does not have a grad_fn
  [FALLBACK] Using gradient descent step...
  [625] Computing full Hessian 3×3 + 161×161...
  [WARNING] Hessian computation failed: element 0 of tensors does not require grad and does not have a grad_fn
  [FALLBACK] Using gradient descent step...
  [626] Computing full Hessian 3×3 + 161×161...
  [WARNING] Hessian computation failed: element 0 of tensors does not require grad and does not have a grad_fn
  [FALLBACK] Using gradient descent step...
  [627] Computing full Hessian 3×3 + 161×161...
  [WARNING] Hessian computation failed: element 0 of tensors does not require grad and does not have a grad_fn
  [FALLBACK] Using gradient descent step...
  [628] Computing full Hessian 3×3 + 161×161...
  [WARNING] Hessian computation failed: element 0 of tensors does not require grad and does not have a grad_fn
  [FALLBACK] Using gradient descent step...
  [629] Computing full Hessian 3×3 + 161×161...
  [WARNING] Hessian computation failed: element 0 of tensors does not require grad and does not have a grad_fn
  [FALLBACK] Using gradient descent step...
 630 |    2.371e+00 |    2.371e+00 |    0.000e+00 |    0.000e+00 |  0.000e+00 |  1.075e+00
  [630] Computing full Hessian 3×3 + 161×161...
  [WARNING] Hessian computation failed: element 0 of tensors does not require grad and does not have a grad_fn
  [FALLBACK] Using gradient descent step...
  [631] Computing full Hessian 3×3 + 161×161...
  [WARNING] Hessian computation failed: element 0 of tensors does not require grad and does not have a grad_fn
  [FALLBACK] Using gradient descent step...
  [632] Computing full Hessian 3×3 + 161×161...
  [WARNING] Hessian computation failed: element 0 of tensors does not require grad and does not have a grad_fn
  [FALLBACK] Using gradient descent step...
  [633] Computing full Hessian 3×3 + 161×161...
  [WARNING] Hessian computation failed: element 0 of tensors does not require grad and does not have a grad_fn
  [FALLBACK] Using gradient descent step...
  [634] Computing full Hessian 3×3 + 161×161...
  [WARNING] Hessian computation failed: element 0 of tensors does not require grad and does not have a grad_fn
  [FALLBACK] Using gradient descent step...
  [635] Computing full Hessian 3×3 + 161×161...
  [WARNING] Hessian computation failed: element 0 of tensors does not require grad and does not have a grad_fn
  [FALLBACK] Using gradient descent step...
  [636] Computing full Hessian 3×3 + 161×161...
  [WARNING] Hessian computation failed: element 0 of tensors does not require grad and does not have a grad_fn
  [FALLBACK] Using gradient descent step...
  [637] Computing full Hessian 3×3 + 161×161...
  [WARNING] Hessian computation failed: element 0 of tensors does not require grad and does not have a grad_fn
  [FALLBACK] Using gradient descent step...
  [638] Computing full Hessian 3×3 + 161×161...
  [WARNING] Hessian computation failed: element 0 of tensors does not require grad and does not have a grad_fn
  [FALLBACK] Using gradient descent step...
  [639] Computing full Hessian 3×3 + 161×161...
  [WARNING] Hessian computation failed: element 0 of tensors does not require grad and does not have a grad_fn
  [FALLBACK] Using gradient descent step...
 640 |    2.323e+00 |    2.323e+00 |    0.000e+00 |    0.000e+00 |  0.000e+00 |  1.075e+00
  [640] Computing full Hessian 3×3 + 161×161...
  [WARNING] Hessian computation failed: element 0 of tensors does not require grad and does not have a grad_fn
  [FALLBACK] Using gradient descent step...
  [641] Computing full Hessian 3×3 + 161×161...
  [WARNING] Hessian computation failed: element 0 of tensors does not require grad and does not have a grad_fn
  [FALLBACK] Using gradient descent step...
  [642] Computing full Hessian 3×3 + 161×161...
  [WARNING] Hessian computation failed: element 0 of tensors does not require grad and does not have a grad_fn
  [FALLBACK] Using gradient descent step...
  [643] Computing full Hessian 3×3 + 161×161...
  [WARNING] Hessian computation failed: element 0 of tensors does not require grad and does not have a grad_fn
  [FALLBACK] Using gradient descent step...
  [644] Computing full Hessian 3×3 + 161×161...
  [WARNING] Hessian computation failed: element 0 of tensors does not require grad and does not have a grad_fn
  [FALLBACK] Using gradient descent step...
  [645] Computing full Hessian 3×3 + 161×161...
  [WARNING] Hessian computation failed: element 0 of tensors does not require grad and does not have a grad_fn
  [FALLBACK] Using gradient descent step...
  [646] Computing full Hessian 3×3 + 161×161...
  [WARNING] Hessian computation failed: element 0 of tensors does not require grad and does not have a grad_fn
  [FALLBACK] Using gradient descent step...
  [647] Computing full Hessian 3×3 + 161×161...
  [WARNING] Hessian computation failed: element 0 of tensors does not require grad and does not have a grad_fn
  [FALLBACK] Using gradient descent step...
  [648] Computing full Hessian 3×3 + 161×161...
  [WARNING] Hessian computation failed: element 0 of tensors does not require grad and does not have a grad_fn
  [FALLBACK] Using gradient descent step...
  [649] Computing full Hessian 3×3 + 161×161...
  [WARNING] Hessian computation failed: element 0 of tensors does not require grad and does not have a grad_fn
  [FALLBACK] Using gradient descent step...
 650 |    2.277e+00 |    2.277e+00 |    0.000e+00 |    0.000e+00 |  0.000e+00 |  1.076e+00
  [650] Computing full Hessian 3×3 + 161×161...
  [WARNING] Hessian computation failed: element 0 of tensors does not require grad and does not have a grad_fn
  [FALLBACK] Using gradient descent step...
  [651] Computing full Hessian 3×3 + 161×161...
  [WARNING] Hessian computation failed: element 0 of tensors does not require grad and does not have a grad_fn
  [FALLBACK] Using gradient descent step...
  [652] Computing full Hessian 3×3 + 161×161...
  [WARNING] Hessian computation failed: element 0 of tensors does not require grad and does not have a grad_fn
  [FALLBACK] Using gradient descent step...
  [653] Computing full Hessian 3×3 + 161×161...
  [WARNING] Hessian computation failed: element 0 of tensors does not require grad and does not have a grad_fn
  [FALLBACK] Using gradient descent step...
  [654] Computing full Hessian 3×3 + 161×161...
  [WARNING] Hessian computation failed: element 0 of tensors does not require grad and does not have a grad_fn
  [FALLBACK] Using gradient descent step...
  [655] Computing full Hessian 3×3 + 161×161...
  [WARNING] Hessian computation failed: element 0 of tensors does not require grad and does not have a grad_fn
  [FALLBACK] Using gradient descent step...
  [656] Computing full Hessian 3×3 + 161×161...
  [WARNING] Hessian computation failed: element 0 of tensors does not require grad and does not have a grad_fn
  [FALLBACK] Using gradient descent step...
  [657] Computing full Hessian 3×3 + 161×161...
  [WARNING] Hessian computation failed: element 0 of tensors does not require grad and does not have a grad_fn
  [FALLBACK] Using gradient descent step...
  [658] Computing full Hessian 3×3 + 161×161...
  [WARNING] Hessian computation failed: element 0 of tensors does not require grad and does not have a grad_fn
  [FALLBACK] Using gradient descent step...
  [659] Computing full Hessian 3×3 + 161×161...
  [WARNING] Hessian computation failed: element 0 of tensors does not require grad and does not have a grad_fn
  [FALLBACK] Using gradient descent step...
 660 |    2.232e+00 |    2.232e+00 |    0.000e+00 |    0.000e+00 |  0.000e+00 |  1.077e+00
  [660] Computing full Hessian 3×3 + 161×161...
  [WARNING] Hessian computation failed: element 0 of tensors does not require grad and does not have a grad_fn
  [FALLBACK] Using gradient descent step...
  [661] Computing full Hessian 3×3 + 161×161...
  [WARNING] Hessian computation failed: element 0 of tensors does not require grad and does not have a grad_fn
  [FALLBACK] Using gradient descent step...
  [662] Computing full Hessian 3×3 + 161×161...
  [WARNING] Hessian computation failed: element 0 of tensors does not require grad and does not have a grad_fn
  [FALLBACK] Using gradient descent step...
  [663] Computing full Hessian 3×3 + 161×161...
  [WARNING] Hessian computation failed: element 0 of tensors does not require grad and does not have a grad_fn
  [FALLBACK] Using gradient descent step...
  [664] Computing full Hessian 3×3 + 161×161...
  [WARNING] Hessian computation failed: element 0 of tensors does not require grad and does not have a grad_fn
  [FALLBACK] Using gradient descent step...
  [665] Computing full Hessian 3×3 + 161×161...
  [WARNING] Hessian computation failed: element 0 of tensors does not require grad and does not have a grad_fn
  [FALLBACK] Using gradient descent step...
  [666] Computing full Hessian 3×3 + 161×161...
  [WARNING] Hessian computation failed: element 0 of tensors does not require grad and does not have a grad_fn
  [FALLBACK] Using gradient descent step...
  [667] Computing full Hessian 3×3 + 161×161...
  [WARNING] Hessian computation failed: element 0 of tensors does not require grad and does not have a grad_fn
  [FALLBACK] Using gradient descent step...
  [668] Computing full Hessian 3×3 + 161×161...
  [WARNING] Hessian computation failed: element 0 of tensors does not require grad and does not have a grad_fn
  [FALLBACK] Using gradient descent step...
  [669] Computing full Hessian 3×3 + 161×161...
  [WARNING] Hessian computation failed: element 0 of tensors does not require grad and does not have a grad_fn
  [FALLBACK] Using gradient descent step...
 670 |    2.189e+00 |    2.189e+00 |    0.000e+00 |    0.000e+00 |  0.000e+00 |  1.077e+00
  [670] Computing full Hessian 3×3 + 161×161...
  [WARNING] Hessian computation failed: element 0 of tensors does not require grad and does not have a grad_fn
  [FALLBACK] Using gradient descent step...
  [671] Computing full Hessian 3×3 + 161×161...
  [WARNING] Hessian computation failed: element 0 of tensors does not require grad and does not have a grad_fn
  [FALLBACK] Using gradient descent step...
  [672] Computing full Hessian 3×3 + 161×161...
  [WARNING] Hessian computation failed: element 0 of tensors does not require grad and does not have a grad_fn
  [FALLBACK] Using gradient descent step...
  [673] Computing full Hessian 3×3 + 161×161...
  [WARNING] Hessian computation failed: element 0 of tensors does not require grad and does not have a grad_fn
  [FALLBACK] Using gradient descent step...
  [674] Computing full Hessian 3×3 + 161×161...
  [WARNING] Hessian computation failed: element 0 of tensors does not require grad and does not have a grad_fn
  [FALLBACK] Using gradient descent step...
  [675] Computing full Hessian 3×3 + 161×161...
  [WARNING] Hessian computation failed: element 0 of tensors does not require grad and does not have a grad_fn
  [FALLBACK] Using gradient descent step...
  [676] Computing full Hessian 3×3 + 161×161...
  [WARNING] Hessian computation failed: element 0 of tensors does not require grad and does not have a grad_fn
  [FALLBACK] Using gradient descent step...
  [677] Computing full Hessian 3×3 + 161×161...
  [WARNING] Hessian computation failed: element 0 of tensors does not require grad and does not have a grad_fn
  [FALLBACK] Using gradient descent step...
  [678] Computing full Hessian 3×3 + 161×161...
  [WARNING] Hessian computation failed: element 0 of tensors does not require grad and does not have a grad_fn
  [FALLBACK] Using gradient descent step...
  [679] Computing full Hessian 3×3 + 161×161...
  [WARNING] Hessian computation failed: element 0 of tensors does not require grad and does not have a grad_fn
  [FALLBACK] Using gradient descent step...
 680 |    2.147e+00 |    2.147e+00 |    0.000e+00 |    0.000e+00 |  0.000e+00 |  1.078e+00
  [680] Computing full Hessian 3×3 + 161×161...
  [WARNING] Hessian computation failed: element 0 of tensors does not require grad and does not have a grad_fn
  [FALLBACK] Using gradient descent step...
  [681] Computing full Hessian 3×3 + 161×161...
  [WARNING] Hessian computation failed: element 0 of tensors does not require grad and does not have a grad_fn
  [FALLBACK] Using gradient descent step...
  [682] Computing full Hessian 3×3 + 161×161...
  [WARNING] Hessian computation failed: element 0 of tensors does not require grad and does not have a grad_fn
  [FALLBACK] Using gradient descent step...
  [683] Computing full Hessian 3×3 + 161×161...
  [WARNING] Hessian computation failed: element 0 of tensors does not require grad and does not have a grad_fn
  [FALLBACK] Using gradient descent step...
  [684] Computing full Hessian 3×3 + 161×161...
  [WARNING] Hessian computation failed: element 0 of tensors does not require grad and does not have a grad_fn
  [FALLBACK] Using gradient descent step...
  [685] Computing full Hessian 3×3 + 161×161...
  [WARNING] Hessian computation failed: element 0 of tensors does not require grad and does not have a grad_fn
  [FALLBACK] Using gradient descent step...
  [686] Computing full Hessian 3×3 + 161×161...
  [WARNING] Hessian computation failed: element 0 of tensors does not require grad and does not have a grad_fn
  [FALLBACK] Using gradient descent step...
  [687] Computing full Hessian 3×3 + 161×161...
  [WARNING] Hessian computation failed: element 0 of tensors does not require grad and does not have a grad_fn
  [FALLBACK] Using gradient descent step...
  [688] Computing full Hessian 3×3 + 161×161...
  [WARNING] Hessian computation failed: element 0 of tensors does not require grad and does not have a grad_fn
  [FALLBACK] Using gradient descent step...
  [689] Computing full Hessian 3×3 + 161×161...
  [WARNING] Hessian computation failed: element 0 of tensors does not require grad and does not have a grad_fn
  [FALLBACK] Using gradient descent step...
 690 |    2.106e+00 |    2.106e+00 |    0.000e+00 |    0.000e+00 |  0.000e+00 |  1.078e+00
  [690] Computing full Hessian 3×3 + 161×161...
  [WARNING] Hessian computation failed: element 0 of tensors does not require grad and does not have a grad_fn
  [FALLBACK] Using gradient descent step...
  [691] Computing full Hessian 3×3 + 161×161...
  [WARNING] Hessian computation failed: element 0 of tensors does not require grad and does not have a grad_fn
  [FALLBACK] Using gradient descent step...
  [692] Computing full Hessian 3×3 + 161×161...
  [WARNING] Hessian computation failed: element 0 of tensors does not require grad and does not have a grad_fn
  [FALLBACK] Using gradient descent step...
  [693] Computing full Hessian 3×3 + 161×161...
  [WARNING] Hessian computation failed: element 0 of tensors does not require grad and does not have a grad_fn
  [FALLBACK] Using gradient descent step...
  [694] Computing full Hessian 3×3 + 161×161...
  [WARNING] Hessian computation failed: element 0 of tensors does not require grad and does not have a grad_fn
  [FALLBACK] Using gradient descent step...
  [695] Computing full Hessian 3×3 + 161×161...
  [WARNING] Hessian computation failed: element 0 of tensors does not require grad and does not have a grad_fn
  [FALLBACK] Using gradient descent step...
  [696] Computing full Hessian 3×3 + 161×161...
  [WARNING] Hessian computation failed: element 0 of tensors does not require grad and does not have a grad_fn
  [FALLBACK] Using gradient descent step...
  [697] Computing full Hessian 3×3 + 161×161...
  [WARNING] Hessian computation failed: element 0 of tensors does not require grad and does not have a grad_fn
  [FALLBACK] Using gradient descent step...
  [698] Computing full Hessian 3×3 + 161×161...
  [WARNING] Hessian computation failed: element 0 of tensors does not require grad and does not have a grad_fn
  [FALLBACK] Using gradient descent step...
  [699] Computing full Hessian 3×3 + 161×161...
  [WARNING] Hessian computation failed: element 0 of tensors does not require grad and does not have a grad_fn
  [FALLBACK] Using gradient descent step...
 700 |    2.066e+00 |    2.066e+00 |    0.000e+00 |    0.000e+00 |  0.000e+00 |  1.079e+00
  [700] Computing full Hessian 3×3 + 161×161...
  [WARNING] Hessian computation failed: element 0 of tensors does not require grad and does not have a grad_fn
  [FALLBACK] Using gradient descent step...
  [701] Computing full Hessian 3×3 + 161×161...
  [WARNING] Hessian computation failed: element 0 of tensors does not require grad and does not have a grad_fn
  [FALLBACK] Using gradient descent step...
  [702] Computing full Hessian 3×3 + 161×161...
  [WARNING] Hessian computation failed: element 0 of tensors does not require grad and does not have a grad_fn
  [FALLBACK] Using gradient descent step...
  [703] Computing full Hessian 3×3 + 161×161...
  [WARNING] Hessian computation failed: element 0 of tensors does not require grad and does not have a grad_fn
  [FALLBACK] Using gradient descent step...
  [704] Computing full Hessian 3×3 + 161×161...
  [WARNING] Hessian computation failed: element 0 of tensors does not require grad and does not have a grad_fn
  [FALLBACK] Using gradient descent step...
  [705] Computing full Hessian 3×3 + 161×161...
  [WARNING] Hessian computation failed: element 0 of tensors does not require grad and does not have a grad_fn
  [FALLBACK] Using gradient descent step...
  [706] Computing full Hessian 3×3 + 161×161...
  [WARNING] Hessian computation failed: element 0 of tensors does not require grad and does not have a grad_fn
  [FALLBACK] Using gradient descent step...
  [707] Computing full Hessian 3×3 + 161×161...
  [WARNING] Hessian computation failed: element 0 of tensors does not require grad and does not have a grad_fn
  [FALLBACK] Using gradient descent step...
  [708] Computing full Hessian 3×3 + 161×161...
  [WARNING] Hessian computation failed: element 0 of tensors does not require grad and does not have a grad_fn
  [FALLBACK] Using gradient descent step...
  [709] Computing full Hessian 3×3 + 161×161...
  [WARNING] Hessian computation failed: element 0 of tensors does not require grad and does not have a grad_fn
  [FALLBACK] Using gradient descent step...
 710 |    2.028e+00 |    2.028e+00 |    0.000e+00 |    0.000e+00 |  0.000e+00 |  1.079e+00
  [710] Computing full Hessian 3×3 + 161×161...
  [WARNING] Hessian computation failed: element 0 of tensors does not require grad and does not have a grad_fn
  [FALLBACK] Using gradient descent step...
  [711] Computing full Hessian 3×3 + 161×161...
  [WARNING] Hessian computation failed: element 0 of tensors does not require grad and does not have a grad_fn
  [FALLBACK] Using gradient descent step...
  [712] Computing full Hessian 3×3 + 161×161...
  [WARNING] Hessian computation failed: element 0 of tensors does not require grad and does not have a grad_fn
  [FALLBACK] Using gradient descent step...
  [713] Computing full Hessian 3×3 + 161×161...
  [WARNING] Hessian computation failed: element 0 of tensors does not require grad and does not have a grad_fn
  [FALLBACK] Using gradient descent step...
  [714] Computing full Hessian 3×3 + 161×161...
  [WARNING] Hessian computation failed: element 0 of tensors does not require grad and does not have a grad_fn
  [FALLBACK] Using gradient descent step...
  [715] Computing full Hessian 3×3 + 161×161...
  [WARNING] Hessian computation failed: element 0 of tensors does not require grad and does not have a grad_fn
  [FALLBACK] Using gradient descent step...
  [716] Computing full Hessian 3×3 + 161×161...
  [WARNING] Hessian computation failed: element 0 of tensors does not require grad and does not have a grad_fn
  [FALLBACK] Using gradient descent step...
  [717] Computing full Hessian 3×3 + 161×161...
  [WARNING] Hessian computation failed: element 0 of tensors does not require grad and does not have a grad_fn
  [FALLBACK] Using gradient descent step...
  [718] Computing full Hessian 3×3 + 161×161...
  [WARNING] Hessian computation failed: element 0 of tensors does not require grad and does not have a grad_fn
  [FALLBACK] Using gradient descent step...
  [719] Computing full Hessian 3×3 + 161×161...
  [WARNING] Hessian computation failed: element 0 of tensors does not require grad and does not have a grad_fn
  [FALLBACK] Using gradient descent step...
 720 |    1.991e+00 |    1.991e+00 |    0.000e+00 |    0.000e+00 |  0.000e+00 |  1.080e+00
  [720] Computing full Hessian 3×3 + 161×161...
  [WARNING] Hessian computation failed: element 0 of tensors does not require grad and does not have a grad_fn
  [FALLBACK] Using gradient descent step...
  [721] Computing full Hessian 3×3 + 161×161...
  [WARNING] Hessian computation failed: element 0 of tensors does not require grad and does not have a grad_fn
  [FALLBACK] Using gradient descent step...
  [722] Computing full Hessian 3×3 + 161×161...
  [WARNING] Hessian computation failed: element 0 of tensors does not require grad and does not have a grad_fn
  [FALLBACK] Using gradient descent step...
  [723] Computing full Hessian 3×3 + 161×161...
  [WARNING] Hessian computation failed: element 0 of tensors does not require grad and does not have a grad_fn
  [FALLBACK] Using gradient descent step...
  [724] Computing full Hessian 3×3 + 161×161...
  [WARNING] Hessian computation failed: element 0 of tensors does not require grad and does not have a grad_fn
  [FALLBACK] Using gradient descent step...
  [725] Computing full Hessian 3×3 + 161×161...
  [WARNING] Hessian computation failed: element 0 of tensors does not require grad and does not have a grad_fn
  [FALLBACK] Using gradient descent step...
  [726] Computing full Hessian 3×3 + 161×161...
  [WARNING] Hessian computation failed: element 0 of tensors does not require grad and does not have a grad_fn
  [FALLBACK] Using gradient descent step...
  [727] Computing full Hessian 3×3 + 161×161...
  [WARNING] Hessian computation failed: element 0 of tensors does not require grad and does not have a grad_fn
  [FALLBACK] Using gradient descent step...
  [728] Computing full Hessian 3×3 + 161×161...
  [WARNING] Hessian computation failed: element 0 of tensors does not require grad and does not have a grad_fn
  [FALLBACK] Using gradient descent step...
  [729] Computing full Hessian 3×3 + 161×161...
  [WARNING] Hessian computation failed: element 0 of tensors does not require grad and does not have a grad_fn
  [FALLBACK] Using gradient descent step...
 730 |    1.954e+00 |    1.954e+00 |    0.000e+00 |    0.000e+00 |  0.000e+00 |  1.080e+00
  [730] Computing full Hessian 3×3 + 161×161...
  [WARNING] Hessian computation failed: element 0 of tensors does not require grad and does not have a grad_fn
  [FALLBACK] Using gradient descent step...
  [731] Computing full Hessian 3×3 + 161×161...
  [WARNING] Hessian computation failed: element 0 of tensors does not require grad and does not have a grad_fn
  [FALLBACK] Using gradient descent step...
  [732] Computing full Hessian 3×3 + 161×161...
  [WARNING] Hessian computation failed: element 0 of tensors does not require grad and does not have a grad_fn
  [FALLBACK] Using gradient descent step...
  [733] Computing full Hessian 3×3 + 161×161...
  [WARNING] Hessian computation failed: element 0 of tensors does not require grad and does not have a grad_fn
  [FALLBACK] Using gradient descent step...
  [734] Computing full Hessian 3×3 + 161×161...
  [WARNING] Hessian computation failed: element 0 of tensors does not require grad and does not have a grad_fn
  [FALLBACK] Using gradient descent step...
  [735] Computing full Hessian 3×3 + 161×161...
  [WARNING] Hessian computation failed: element 0 of tensors does not require grad and does not have a grad_fn
  [FALLBACK] Using gradient descent step...
  [736] Computing full Hessian 3×3 + 161×161...
  [WARNING] Hessian computation failed: element 0 of tensors does not require grad and does not have a grad_fn
  [FALLBACK] Using gradient descent step...
  [737] Computing full Hessian 3×3 + 161×161...
  [WARNING] Hessian computation failed: element 0 of tensors does not require grad and does not have a grad_fn
  [FALLBACK] Using gradient descent step...
  [738] Computing full Hessian 3×3 + 161×161...
  [WARNING] Hessian computation failed: element 0 of tensors does not require grad and does not have a grad_fn
  [FALLBACK] Using gradient descent step...
  [739] Computing full Hessian 3×3 + 161×161...
  [WARNING] Hessian computation failed: element 0 of tensors does not require grad and does not have a grad_fn
  [FALLBACK] Using gradient descent step...
 740 |    1.919e+00 |    1.919e+00 |    0.000e+00 |    0.000e+00 |  0.000e+00 |  1.081e+00
  [740] Computing full Hessian 3×3 + 161×161...
  [WARNING] Hessian computation failed: element 0 of tensors does not require grad and does not have a grad_fn
  [FALLBACK] Using gradient descent step...
  [741] Computing full Hessian 3×3 + 161×161...
  [WARNING] Hessian computation failed: element 0 of tensors does not require grad and does not have a grad_fn
  [FALLBACK] Using gradient descent step...
  [742] Computing full Hessian 3×3 + 161×161...
  [WARNING] Hessian computation failed: element 0 of tensors does not require grad and does not have a grad_fn
  [FALLBACK] Using gradient descent step...
  [743] Computing full Hessian 3×3 + 161×161...
  [WARNING] Hessian computation failed: element 0 of tensors does not require grad and does not have a grad_fn
  [FALLBACK] Using gradient descent step...
  [744] Computing full Hessian 3×3 + 161×161...
  [WARNING] Hessian computation failed: element 0 of tensors does not require grad and does not have a grad_fn
  [FALLBACK] Using gradient descent step...
  [745] Computing full Hessian 3×3 + 161×161...
  [WARNING] Hessian computation failed: element 0 of tensors does not require grad and does not have a grad_fn
  [FALLBACK] Using gradient descent step...
  [746] Computing full Hessian 3×3 + 161×161...
  [WARNING] Hessian computation failed: element 0 of tensors does not require grad and does not have a grad_fn
  [FALLBACK] Using gradient descent step...
  [747] Computing full Hessian 3×3 + 161×161...
  [WARNING] Hessian computation failed: element 0 of tensors does not require grad and does not have a grad_fn
  [FALLBACK] Using gradient descent step...
  [748] Computing full Hessian 3×3 + 161×161...
  [WARNING] Hessian computation failed: element 0 of tensors does not require grad and does not have a grad_fn
  [FALLBACK] Using gradient descent step...
  [749] Computing full Hessian 3×3 + 161×161...
  [WARNING] Hessian computation failed: element 0 of tensors does not require grad and does not have a grad_fn
  [FALLBACK] Using gradient descent step...
 750 |    1.885e+00 |    1.885e+00 |    0.000e+00 |    0.000e+00 |  0.000e+00 |  1.081e+00
  [750] Computing full Hessian 3×3 + 161×161...
  [WARNING] Hessian computation failed: element 0 of tensors does not require grad and does not have a grad_fn
  [FALLBACK] Using gradient descent step...
  [751] Computing full Hessian 3×3 + 161×161...
  [WARNING] Hessian computation failed: element 0 of tensors does not require grad and does not have a grad_fn
  [FALLBACK] Using gradient descent step...
  [752] Computing full Hessian 3×3 + 161×161...
  [WARNING] Hessian computation failed: element 0 of tensors does not require grad and does not have a grad_fn
  [FALLBACK] Using gradient descent step...
  [753] Computing full Hessian 3×3 + 161×161...
  [WARNING] Hessian computation failed: element 0 of tensors does not require grad and does not have a grad_fn
  [FALLBACK] Using gradient descent step...
  [754] Computing full Hessian 3×3 + 161×161...
  [WARNING] Hessian computation failed: element 0 of tensors does not require grad and does not have a grad_fn
  [FALLBACK] Using gradient descent step...
  [755] Computing full Hessian 3×3 + 161×161...
  [WARNING] Hessian computation failed: element 0 of tensors does not require grad and does not have a grad_fn
  [FALLBACK] Using gradient descent step...
  [756] Computing full Hessian 3×3 + 161×161...
  [WARNING] Hessian computation failed: element 0 of tensors does not require grad and does not have a grad_fn
  [FALLBACK] Using gradient descent step...
  [757] Computing full Hessian 3×3 + 161×161...
  [WARNING] Hessian computation failed: element 0 of tensors does not require grad and does not have a grad_fn
  [FALLBACK] Using gradient descent step...
  [758] Computing full Hessian 3×3 + 161×161...
  [WARNING] Hessian computation failed: element 0 of tensors does not require grad and does not have a grad_fn
  [FALLBACK] Using gradient descent step...
  [759] Computing full Hessian 3×3 + 161×161...
  [WARNING] Hessian computation failed: element 0 of tensors does not require grad and does not have a grad_fn
  [FALLBACK] Using gradient descent step...
 760 |    1.852e+00 |    1.852e+00 |    0.000e+00 |    0.000e+00 |  0.000e+00 |  1.082e+00
  [760] Computing full Hessian 3×3 + 161×161...
  [WARNING] Hessian computation failed: element 0 of tensors does not require grad and does not have a grad_fn
  [FALLBACK] Using gradient descent step...
  [761] Computing full Hessian 3×3 + 161×161...
  [WARNING] Hessian computation failed: element 0 of tensors does not require grad and does not have a grad_fn
  [FALLBACK] Using gradient descent step...
  [762] Computing full Hessian 3×3 + 161×161...
  [WARNING] Hessian computation failed: element 0 of tensors does not require grad and does not have a grad_fn
  [FALLBACK] Using gradient descent step...
  [763] Computing full Hessian 3×3 + 161×161...
  [WARNING] Hessian computation failed: element 0 of tensors does not require grad and does not have a grad_fn
  [FALLBACK] Using gradient descent step...
  [764] Computing full Hessian 3×3 + 161×161...
  [WARNING] Hessian computation failed: element 0 of tensors does not require grad and does not have a grad_fn
  [FALLBACK] Using gradient descent step...
  [765] Computing full Hessian 3×3 + 161×161...
  [WARNING] Hessian computation failed: element 0 of tensors does not require grad and does not have a grad_fn
  [FALLBACK] Using gradient descent step...
  [766] Computing full Hessian 3×3 + 161×161...
  [WARNING] Hessian computation failed: element 0 of tensors does not require grad and does not have a grad_fn
  [FALLBACK] Using gradient descent step...
  [767] Computing full Hessian 3×3 + 161×161...
  [WARNING] Hessian computation failed: element 0 of tensors does not require grad and does not have a grad_fn
  [FALLBACK] Using gradient descent step...
  [768] Computing full Hessian 3×3 + 161×161...
  [WARNING] Hessian computation failed: element 0 of tensors does not require grad and does not have a grad_fn
  [FALLBACK] Using gradient descent step...
  [769] Computing full Hessian 3×3 + 161×161...
  [WARNING] Hessian computation failed: element 0 of tensors does not require grad and does not have a grad_fn
  [FALLBACK] Using gradient descent step...
 770 |    1.819e+00 |    1.819e+00 |    0.000e+00 |    0.000e+00 |  0.000e+00 |  1.082e+00
  [770] Computing full Hessian 3×3 + 161×161...
  [WARNING] Hessian computation failed: element 0 of tensors does not require grad and does not have a grad_fn
  [FALLBACK] Using gradient descent step...
  [771] Computing full Hessian 3×3 + 161×161...
  [WARNING] Hessian computation failed: element 0 of tensors does not require grad and does not have a grad_fn
  [FALLBACK] Using gradient descent step...
  [772] Computing full Hessian 3×3 + 161×161...
  [WARNING] Hessian computation failed: element 0 of tensors does not require grad and does not have a grad_fn
  [FALLBACK] Using gradient descent step...
  [773] Computing full Hessian 3×3 + 161×161...
  [WARNING] Hessian computation failed: element 0 of tensors does not require grad and does not have a grad_fn
  [FALLBACK] Using gradient descent step...
  [774] Computing full Hessian 3×3 + 161×161...
  [WARNING] Hessian computation failed: element 0 of tensors does not require grad and does not have a grad_fn
  [FALLBACK] Using gradient descent step...
  [775] Computing full Hessian 3×3 + 161×161...
  [WARNING] Hessian computation failed: element 0 of tensors does not require grad and does not have a grad_fn
  [FALLBACK] Using gradient descent step...
  [776] Computing full Hessian 3×3 + 161×161...
  [WARNING] Hessian computation failed: element 0 of tensors does not require grad and does not have a grad_fn
  [FALLBACK] Using gradient descent step...
  [777] Computing full Hessian 3×3 + 161×161...
  [WARNING] Hessian computation failed: element 0 of tensors does not require grad and does not have a grad_fn
  [FALLBACK] Using gradient descent step...
  [778] Computing full Hessian 3×3 + 161×161...
  [WARNING] Hessian computation failed: element 0 of tensors does not require grad and does not have a grad_fn
  [FALLBACK] Using gradient descent step...
  [779] Computing full Hessian 3×3 + 161×161...
  [WARNING] Hessian computation failed: element 0 of tensors does not require grad and does not have a grad_fn
  [FALLBACK] Using gradient descent step...
 780 |    1.788e+00 |    1.788e+00 |    0.000e+00 |    0.000e+00 |  0.000e+00 |  1.083e+00
  [780] Computing full Hessian 3×3 + 161×161...
  [WARNING] Hessian computation failed: element 0 of tensors does not require grad and does not have a grad_fn
  [FALLBACK] Using gradient descent step...
  [781] Computing full Hessian 3×3 + 161×161...
  [WARNING] Hessian computation failed: element 0 of tensors does not require grad and does not have a grad_fn
  [FALLBACK] Using gradient descent step...
  [782] Computing full Hessian 3×3 + 161×161...
  [WARNING] Hessian computation failed: element 0 of tensors does not require grad and does not have a grad_fn
  [FALLBACK] Using gradient descent step...
  [783] Computing full Hessian 3×3 + 161×161...
  [WARNING] Hessian computation failed: element 0 of tensors does not require grad and does not have a grad_fn
  [FALLBACK] Using gradient descent step...
  [784] Computing full Hessian 3×3 + 161×161...
  [WARNING] Hessian computation failed: element 0 of tensors does not require grad and does not have a grad_fn
  [FALLBACK] Using gradient descent step...
  [785] Computing full Hessian 3×3 + 161×161...
  [WARNING] Hessian computation failed: element 0 of tensors does not require grad and does not have a grad_fn
  [FALLBACK] Using gradient descent step...
  [786] Computing full Hessian 3×3 + 161×161...
  [WARNING] Hessian computation failed: element 0 of tensors does not require grad and does not have a grad_fn
  [FALLBACK] Using gradient descent step...
  [787] Computing full Hessian 3×3 + 161×161...
  [WARNING] Hessian computation failed: element 0 of tensors does not require grad and does not have a grad_fn
  [FALLBACK] Using gradient descent step...
  [788] Computing full Hessian 3×3 + 161×161...
  [WARNING] Hessian computation failed: element 0 of tensors does not require grad and does not have a grad_fn
  [FALLBACK] Using gradient descent step...
  [789] Computing full Hessian 3×3 + 161×161...
  [WARNING] Hessian computation failed: element 0 of tensors does not require grad and does not have a grad_fn
  [FALLBACK] Using gradient descent step...
 790 |    1.757e+00 |    1.757e+00 |    0.000e+00 |    0.000e+00 |  0.000e+00 |  1.083e+00
  [790] Computing full Hessian 3×3 + 161×161...
  [WARNING] Hessian computation failed: element 0 of tensors does not require grad and does not have a grad_fn
  [FALLBACK] Using gradient descent step...
  [791] Computing full Hessian 3×3 + 161×161...
  [WARNING] Hessian computation failed: element 0 of tensors does not require grad and does not have a grad_fn
  [FALLBACK] Using gradient descent step...
  [792] Computing full Hessian 3×3 + 161×161...
  [WARNING] Hessian computation failed: element 0 of tensors does not require grad and does not have a grad_fn
  [FALLBACK] Using gradient descent step...
  [793] Computing full Hessian 3×3 + 161×161...
  [WARNING] Hessian computation failed: element 0 of tensors does not require grad and does not have a grad_fn
  [FALLBACK] Using gradient descent step...
  [794] Computing full Hessian 3×3 + 161×161...
  [WARNING] Hessian computation failed: element 0 of tensors does not require grad and does not have a grad_fn
  [FALLBACK] Using gradient descent step...
  [795] Computing full Hessian 3×3 + 161×161...
  [WARNING] Hessian computation failed: element 0 of tensors does not require grad and does not have a grad_fn
  [FALLBACK] Using gradient descent step...
  [796] Computing full Hessian 3×3 + 161×161...
  [WARNING] Hessian computation failed: element 0 of tensors does not require grad and does not have a grad_fn
  [FALLBACK] Using gradient descent step...
  [797] Computing full Hessian 3×3 + 161×161...
  [WARNING] Hessian computation failed: element 0 of tensors does not require grad and does not have a grad_fn
  [FALLBACK] Using gradient descent step...
  [798] Computing full Hessian 3×3 + 161×161...
  [WARNING] Hessian computation failed: element 0 of tensors does not require grad and does not have a grad_fn
  [FALLBACK] Using gradient descent step...
  [799] Computing full Hessian 3×3 + 161×161...
  [WARNING] Hessian computation failed: element 0 of tensors does not require grad and does not have a grad_fn
  [FALLBACK] Using gradient descent step...
 800 |    1.728e+00 |    1.728e+00 |    0.000e+00 |    0.000e+00 |  0.000e+00 |  1.084e+00
  [800] Computing full Hessian 3×3 + 161×161...
  [WARNING] Hessian computation failed: element 0 of tensors does not require grad and does not have a grad_fn
  [FALLBACK] Using gradient descent step...
  [801] Computing full Hessian 3×3 + 161×161...
  [WARNING] Hessian computation failed: element 0 of tensors does not require grad and does not have a grad_fn
  [FALLBACK] Using gradient descent step...
  [802] Computing full Hessian 3×3 + 161×161...
  [WARNING] Hessian computation failed: element 0 of tensors does not require grad and does not have a grad_fn
  [FALLBACK] Using gradient descent step...
  [803] Computing full Hessian 3×3 + 161×161...
  [WARNING] Hessian computation failed: element 0 of tensors does not require grad and does not have a grad_fn
  [FALLBACK] Using gradient descent step...
  [804] Computing full Hessian 3×3 + 161×161...
  [WARNING] Hessian computation failed: element 0 of tensors does not require grad and does not have a grad_fn
  [FALLBACK] Using gradient descent step...
  [805] Computing full Hessian 3×3 + 161×161...
  [WARNING] Hessian computation failed: element 0 of tensors does not require grad and does not have a grad_fn
  [FALLBACK] Using gradient descent step...
  [806] Computing full Hessian 3×3 + 161×161...
  [WARNING] Hessian computation failed: element 0 of tensors does not require grad and does not have a grad_fn
  [FALLBACK] Using gradient descent step...
  [807] Computing full Hessian 3×3 + 161×161...
  [WARNING] Hessian computation failed: element 0 of tensors does not require grad and does not have a grad_fn
  [FALLBACK] Using gradient descent step...
  [808] Computing full Hessian 3×3 + 161×161...
  [WARNING] Hessian computation failed: element 0 of tensors does not require grad and does not have a grad_fn
  [FALLBACK] Using gradient descent step...
  [809] Computing full Hessian 3×3 + 161×161...
  [WARNING] Hessian computation failed: element 0 of tensors does not require grad and does not have a grad_fn
  [FALLBACK] Using gradient descent step...
 810 |    1.699e+00 |    1.699e+00 |    0.000e+00 |    0.000e+00 |  0.000e+00 |  1.084e+00
  [810] Computing full Hessian 3×3 + 161×161...
  [WARNING] Hessian computation failed: element 0 of tensors does not require grad and does not have a grad_fn
  [FALLBACK] Using gradient descent step...
  [811] Computing full Hessian 3×3 + 161×161...
  [WARNING] Hessian computation failed: element 0 of tensors does not require grad and does not have a grad_fn
  [FALLBACK] Using gradient descent step...
  [812] Computing full Hessian 3×3 + 161×161...
  [WARNING] Hessian computation failed: element 0 of tensors does not require grad and does not have a grad_fn
  [FALLBACK] Using gradient descent step...
  [813] Computing full Hessian 3×3 + 161×161...
  [WARNING] Hessian computation failed: element 0 of tensors does not require grad and does not have a grad_fn
  [FALLBACK] Using gradient descent step...
  [814] Computing full Hessian 3×3 + 161×161...
  [WARNING] Hessian computation failed: element 0 of tensors does not require grad and does not have a grad_fn
  [FALLBACK] Using gradient descent step...
  [815] Computing full Hessian 3×3 + 161×161...
  [WARNING] Hessian computation failed: element 0 of tensors does not require grad and does not have a grad_fn
  [FALLBACK] Using gradient descent step...
  [816] Computing full Hessian 3×3 + 161×161...
  [WARNING] Hessian computation failed: element 0 of tensors does not require grad and does not have a grad_fn
  [FALLBACK] Using gradient descent step...
  [817] Computing full Hessian 3×3 + 161×161...
  [WARNING] Hessian computation failed: element 0 of tensors does not require grad and does not have a grad_fn
  [FALLBACK] Using gradient descent step...
  [818] Computing full Hessian 3×3 + 161×161...
  [WARNING] Hessian computation failed: element 0 of tensors does not require grad and does not have a grad_fn
  [FALLBACK] Using gradient descent step...
  [819] Computing full Hessian 3×3 + 161×161...
  [WARNING] Hessian computation failed: element 0 of tensors does not require grad and does not have a grad_fn
  [FALLBACK] Using gradient descent step...
 820 |    1.671e+00 |    1.671e+00 |    0.000e+00 |    0.000e+00 |  0.000e+00 |  1.085e+00
  [820] Computing full Hessian 3×3 + 161×161...
  [WARNING] Hessian computation failed: element 0 of tensors does not require grad and does not have a grad_fn
  [FALLBACK] Using gradient descent step...
  [821] Computing full Hessian 3×3 + 161×161...
  [WARNING] Hessian computation failed: element 0 of tensors does not require grad and does not have a grad_fn
  [FALLBACK] Using gradient descent step...
  [822] Computing full Hessian 3×3 + 161×161...
  [WARNING] Hessian computation failed: element 0 of tensors does not require grad and does not have a grad_fn
  [FALLBACK] Using gradient descent step...
  [823] Computing full Hessian 3×3 + 161×161...
  [WARNING] Hessian computation failed: element 0 of tensors does not require grad and does not have a grad_fn
  [FALLBACK] Using gradient descent step...
  [824] Computing full Hessian 3×3 + 161×161...
  [WARNING] Hessian computation failed: element 0 of tensors does not require grad and does not have a grad_fn
  [FALLBACK] Using gradient descent step...
  [825] Computing full Hessian 3×3 + 161×161...
  [WARNING] Hessian computation failed: element 0 of tensors does not require grad and does not have a grad_fn
  [FALLBACK] Using gradient descent step...
  [826] Computing full Hessian 3×3 + 161×161...
  [WARNING] Hessian computation failed: element 0 of tensors does not require grad and does not have a grad_fn
  [FALLBACK] Using gradient descent step...
  [827] Computing full Hessian 3×3 + 161×161...
  [WARNING] Hessian computation failed: element 0 of tensors does not require grad and does not have a grad_fn
  [FALLBACK] Using gradient descent step...
  [828] Computing full Hessian 3×3 + 161×161...
  [WARNING] Hessian computation failed: element 0 of tensors does not require grad and does not have a grad_fn
  [FALLBACK] Using gradient descent step...
  [829] Computing full Hessian 3×3 + 161×161...
  [WARNING] Hessian computation failed: element 0 of tensors does not require grad and does not have a grad_fn
  [FALLBACK] Using gradient descent step...
 830 |    1.643e+00 |    1.643e+00 |    0.000e+00 |    0.000e+00 |  0.000e+00 |  1.085e+00
  [830] Computing full Hessian 3×3 + 161×161...
  [WARNING] Hessian computation failed: element 0 of tensors does not require grad and does not have a grad_fn
  [FALLBACK] Using gradient descent step...
  [831] Computing full Hessian 3×3 + 161×161...
  [WARNING] Hessian computation failed: element 0 of tensors does not require grad and does not have a grad_fn
  [FALLBACK] Using gradient descent step...
  [832] Computing full Hessian 3×3 + 161×161...
  [WARNING] Hessian computation failed: element 0 of tensors does not require grad and does not have a grad_fn
  [FALLBACK] Using gradient descent step...
  [833] Computing full Hessian 3×3 + 161×161...
  [WARNING] Hessian computation failed: element 0 of tensors does not require grad and does not have a grad_fn
  [FALLBACK] Using gradient descent step...
  [834] Computing full Hessian 3×3 + 161×161...
  [WARNING] Hessian computation failed: element 0 of tensors does not require grad and does not have a grad_fn
  [FALLBACK] Using gradient descent step...
  [835] Computing full Hessian 3×3 + 161×161...
  [WARNING] Hessian computation failed: element 0 of tensors does not require grad and does not have a grad_fn
  [FALLBACK] Using gradient descent step...
  [836] Computing full Hessian 3×3 + 161×161...
  [WARNING] Hessian computation failed: element 0 of tensors does not require grad and does not have a grad_fn
  [FALLBACK] Using gradient descent step...
  [837] Computing full Hessian 3×3 + 161×161...
  [WARNING] Hessian computation failed: element 0 of tensors does not require grad and does not have a grad_fn
  [FALLBACK] Using gradient descent step...
  [838] Computing full Hessian 3×3 + 161×161...
  [WARNING] Hessian computation failed: element 0 of tensors does not require grad and does not have a grad_fn
  [FALLBACK] Using gradient descent step...
  [839] Computing full Hessian 3×3 + 161×161...
  [WARNING] Hessian computation failed: element 0 of tensors does not require grad and does not have a grad_fn
  [FALLBACK] Using gradient descent step...
 840 |    1.617e+00 |    1.617e+00 |    0.000e+00 |    0.000e+00 |  0.000e+00 |  1.086e+00
  [840] Computing full Hessian 3×3 + 161×161...
  [WARNING] Hessian computation failed: element 0 of tensors does not require grad and does not have a grad_fn
  [FALLBACK] Using gradient descent step...
  [841] Computing full Hessian 3×3 + 161×161...
  [WARNING] Hessian computation failed: element 0 of tensors does not require grad and does not have a grad_fn
  [FALLBACK] Using gradient descent step...
  [842] Computing full Hessian 3×3 + 161×161...
  [WARNING] Hessian computation failed: element 0 of tensors does not require grad and does not have a grad_fn
  [FALLBACK] Using gradient descent step...
  [843] Computing full Hessian 3×3 + 161×161...
  [WARNING] Hessian computation failed: element 0 of tensors does not require grad and does not have a grad_fn
  [FALLBACK] Using gradient descent step...
  [844] Computing full Hessian 3×3 + 161×161...
  [WARNING] Hessian computation failed: element 0 of tensors does not require grad and does not have a grad_fn
  [FALLBACK] Using gradient descent step...
  [845] Computing full Hessian 3×3 + 161×161...
  [WARNING] Hessian computation failed: element 0 of tensors does not require grad and does not have a grad_fn
  [FALLBACK] Using gradient descent step...
  [846] Computing full Hessian 3×3 + 161×161...
  [WARNING] Hessian computation failed: element 0 of tensors does not require grad and does not have a grad_fn
  [FALLBACK] Using gradient descent step...
  [847] Computing full Hessian 3×3 + 161×161...
  [WARNING] Hessian computation failed: element 0 of tensors does not require grad and does not have a grad_fn
  [FALLBACK] Using gradient descent step...
  [848] Computing full Hessian 3×3 + 161×161...
  [WARNING] Hessian computation failed: element 0 of tensors does not require grad and does not have a grad_fn
  [FALLBACK] Using gradient descent step...
  [849] Computing full Hessian 3×3 + 161×161...
  [WARNING] Hessian computation failed: element 0 of tensors does not require grad and does not have a grad_fn
  [FALLBACK] Using gradient descent step...
 850 |    1.591e+00 |    1.591e+00 |    0.000e+00 |    0.000e+00 |  0.000e+00 |  1.086e+00
  [850] Computing full Hessian 3×3 + 161×161...
  [WARNING] Hessian computation failed: element 0 of tensors does not require grad and does not have a grad_fn
  [FALLBACK] Using gradient descent step...
  [851] Computing full Hessian 3×3 + 161×161...
  [WARNING] Hessian computation failed: element 0 of tensors does not require grad and does not have a grad_fn
  [FALLBACK] Using gradient descent step...
  [852] Computing full Hessian 3×3 + 161×161...
  [WARNING] Hessian computation failed: element 0 of tensors does not require grad and does not have a grad_fn
  [FALLBACK] Using gradient descent step...
  [853] Computing full Hessian 3×3 + 161×161...
  [WARNING] Hessian computation failed: element 0 of tensors does not require grad and does not have a grad_fn
  [FALLBACK] Using gradient descent step...
  [854] Computing full Hessian 3×3 + 161×161...
  [WARNING] Hessian computation failed: element 0 of tensors does not require grad and does not have a grad_fn
  [FALLBACK] Using gradient descent step...
  [855] Computing full Hessian 3×3 + 161×161...
  [WARNING] Hessian computation failed: element 0 of tensors does not require grad and does not have a grad_fn
  [FALLBACK] Using gradient descent step...
  [856] Computing full Hessian 3×3 + 161×161...
  [WARNING] Hessian computation failed: element 0 of tensors does not require grad and does not have a grad_fn
  [FALLBACK] Using gradient descent step...
  [857] Computing full Hessian 3×3 + 161×161...
  [WARNING] Hessian computation failed: element 0 of tensors does not require grad and does not have a grad_fn
  [FALLBACK] Using gradient descent step...
  [858] Computing full Hessian 3×3 + 161×161...
  [WARNING] Hessian computation failed: element 0 of tensors does not require grad and does not have a grad_fn
  [FALLBACK] Using gradient descent step...
  [859] Computing full Hessian 3×3 + 161×161...
  [WARNING] Hessian computation failed: element 0 of tensors does not require grad and does not have a grad_fn
  [FALLBACK] Using gradient descent step...
 860 |    1.565e+00 |    1.565e+00 |    0.000e+00 |    0.000e+00 |  0.000e+00 |  1.086e+00
  [860] Computing full Hessian 3×3 + 161×161...
  [WARNING] Hessian computation failed: element 0 of tensors does not require grad and does not have a grad_fn
  [FALLBACK] Using gradient descent step...
  [861] Computing full Hessian 3×3 + 161×161...
  [WARNING] Hessian computation failed: element 0 of tensors does not require grad and does not have a grad_fn
  [FALLBACK] Using gradient descent step...
  [862] Computing full Hessian 3×3 + 161×161...
  [WARNING] Hessian computation failed: element 0 of tensors does not require grad and does not have a grad_fn
  [FALLBACK] Using gradient descent step...
  [863] Computing full Hessian 3×3 + 161×161...
  [WARNING] Hessian computation failed: element 0 of tensors does not require grad and does not have a grad_fn
  [FALLBACK] Using gradient descent step...
  [864] Computing full Hessian 3×3 + 161×161...
  [WARNING] Hessian computation failed: element 0 of tensors does not require grad and does not have a grad_fn
  [FALLBACK] Using gradient descent step...
  [865] Computing full Hessian 3×3 + 161×161...
  [WARNING] Hessian computation failed: element 0 of tensors does not require grad and does not have a grad_fn
  [FALLBACK] Using gradient descent step...
  [866] Computing full Hessian 3×3 + 161×161...
  [WARNING] Hessian computation failed: element 0 of tensors does not require grad and does not have a grad_fn
  [FALLBACK] Using gradient descent step...
  [867] Computing full Hessian 3×3 + 161×161...
  [WARNING] Hessian computation failed: element 0 of tensors does not require grad and does not have a grad_fn
  [FALLBACK] Using gradient descent step...
  [868] Computing full Hessian 3×3 + 161×161...
  [WARNING] Hessian computation failed: element 0 of tensors does not require grad and does not have a grad_fn
  [FALLBACK] Using gradient descent step...
  [869] Computing full Hessian 3×3 + 161×161...
  [WARNING] Hessian computation failed: element 0 of tensors does not require grad and does not have a grad_fn
  [FALLBACK] Using gradient descent step...
 870 |    1.541e+00 |    1.541e+00 |    0.000e+00 |    0.000e+00 |  0.000e+00 |  1.087e+00
  [870] Computing full Hessian 3×3 + 161×161...
  [WARNING] Hessian computation failed: element 0 of tensors does not require grad and does not have a grad_fn
  [FALLBACK] Using gradient descent step...
  [871] Computing full Hessian 3×3 + 161×161...
  [WARNING] Hessian computation failed: element 0 of tensors does not require grad and does not have a grad_fn
  [FALLBACK] Using gradient descent step...
  [872] Computing full Hessian 3×3 + 161×161...
  [WARNING] Hessian computation failed: element 0 of tensors does not require grad and does not have a grad_fn
  [FALLBACK] Using gradient descent step...
  [873] Computing full Hessian 3×3 + 161×161...
  [WARNING] Hessian computation failed: element 0 of tensors does not require grad and does not have a grad_fn
  [FALLBACK] Using gradient descent step...
  [874] Computing full Hessian 3×3 + 161×161...
  [WARNING] Hessian computation failed: element 0 of tensors does not require grad and does not have a grad_fn
  [FALLBACK] Using gradient descent step...
  [875] Computing full Hessian 3×3 + 161×161...
  [WARNING] Hessian computation failed: element 0 of tensors does not require grad and does not have a grad_fn
  [FALLBACK] Using gradient descent step...
  [876] Computing full Hessian 3×3 + 161×161...
  [WARNING] Hessian computation failed: element 0 of tensors does not require grad and does not have a grad_fn
  [FALLBACK] Using gradient descent step...
  [877] Computing full Hessian 3×3 + 161×161...
  [WARNING] Hessian computation failed: element 0 of tensors does not require grad and does not have a grad_fn
  [FALLBACK] Using gradient descent step...
  [878] Computing full Hessian 3×3 + 161×161...
  [WARNING] Hessian computation failed: element 0 of tensors does not require grad and does not have a grad_fn
  [FALLBACK] Using gradient descent step...
  [879] Computing full Hessian 3×3 + 161×161...
  [WARNING] Hessian computation failed: element 0 of tensors does not require grad and does not have a grad_fn
  [FALLBACK] Using gradient descent step...
 880 |    1.517e+00 |    1.517e+00 |    0.000e+00 |    0.000e+00 |  0.000e+00 |  1.087e+00
  [880] Computing full Hessian 3×3 + 161×161...
  [WARNING] Hessian computation failed: element 0 of tensors does not require grad and does not have a grad_fn
  [FALLBACK] Using gradient descent step...
  [881] Computing full Hessian 3×3 + 161×161...
  [WARNING] Hessian computation failed: element 0 of tensors does not require grad and does not have a grad_fn
  [FALLBACK] Using gradient descent step...
  [882] Computing full Hessian 3×3 + 161×161...
  [WARNING] Hessian computation failed: element 0 of tensors does not require grad and does not have a grad_fn
  [FALLBACK] Using gradient descent step...
  [883] Computing full Hessian 3×3 + 161×161...
  [WARNING] Hessian computation failed: element 0 of tensors does not require grad and does not have a grad_fn
  [FALLBACK] Using gradient descent step...
  [884] Computing full Hessian 3×3 + 161×161...
  [WARNING] Hessian computation failed: element 0 of tensors does not require grad and does not have a grad_fn
  [FALLBACK] Using gradient descent step...
  [885] Computing full Hessian 3×3 + 161×161...
  [WARNING] Hessian computation failed: element 0 of tensors does not require grad and does not have a grad_fn
  [FALLBACK] Using gradient descent step...
  [886] Computing full Hessian 3×3 + 161×161...
  [WARNING] Hessian computation failed: element 0 of tensors does not require grad and does not have a grad_fn
  [FALLBACK] Using gradient descent step...
  [887] Computing full Hessian 3×3 + 161×161...
  [WARNING] Hessian computation failed: element 0 of tensors does not require grad and does not have a grad_fn
  [FALLBACK] Using gradient descent step...
  [888] Computing full Hessian 3×3 + 161×161...
  [WARNING] Hessian computation failed: element 0 of tensors does not require grad and does not have a grad_fn
  [FALLBACK] Using gradient descent step...
  [889] Computing full Hessian 3×3 + 161×161...
  [WARNING] Hessian computation failed: element 0 of tensors does not require grad and does not have a grad_fn
  [FALLBACK] Using gradient descent step...
 890 |    1.493e+00 |    1.493e+00 |    0.000e+00 |    0.000e+00 |  0.000e+00 |  1.088e+00
  [890] Computing full Hessian 3×3 + 161×161...
  [WARNING] Hessian computation failed: element 0 of tensors does not require grad and does not have a grad_fn
  [FALLBACK] Using gradient descent step...
  [891] Computing full Hessian 3×3 + 161×161...
  [WARNING] Hessian computation failed: element 0 of tensors does not require grad and does not have a grad_fn
  [FALLBACK] Using gradient descent step...
  [892] Computing full Hessian 3×3 + 161×161...
  [WARNING] Hessian computation failed: element 0 of tensors does not require grad and does not have a grad_fn
  [FALLBACK] Using gradient descent step...
  [893] Computing full Hessian 3×3 + 161×161...
  [WARNING] Hessian computation failed: element 0 of tensors does not require grad and does not have a grad_fn
  [FALLBACK] Using gradient descent step...
  [894] Computing full Hessian 3×3 + 161×161...
  [WARNING] Hessian computation failed: element 0 of tensors does not require grad and does not have a grad_fn
  [FALLBACK] Using gradient descent step...
  [895] Computing full Hessian 3×3 + 161×161...
  [WARNING] Hessian computation failed: element 0 of tensors does not require grad and does not have a grad_fn
  [FALLBACK] Using gradient descent step...
  [896] Computing full Hessian 3×3 + 161×161...
  [WARNING] Hessian computation failed: element 0 of tensors does not require grad and does not have a grad_fn
  [FALLBACK] Using gradient descent step...
  [897] Computing full Hessian 3×3 + 161×161...
  [WARNING] Hessian computation failed: element 0 of tensors does not require grad and does not have a grad_fn
  [FALLBACK] Using gradient descent step...
  [898] Computing full Hessian 3×3 + 161×161...
  [WARNING] Hessian computation failed: element 0 of tensors does not require grad and does not have a grad_fn
  [FALLBACK] Using gradient descent step...
  [899] Computing full Hessian 3×3 + 161×161...
  [WARNING] Hessian computation failed: element 0 of tensors does not require grad and does not have a grad_fn
  [FALLBACK] Using gradient descent step...
 900 |    1.470e+00 |    1.470e+00 |    0.000e+00 |    0.000e+00 |  0.000e+00 |  1.088e+00
  [900] Computing full Hessian 3×3 + 161×161...
  [WARNING] Hessian computation failed: element 0 of tensors does not require grad and does not have a grad_fn
  [FALLBACK] Using gradient descent step...
  [901] Computing full Hessian 3×3 + 161×161...
  [WARNING] Hessian computation failed: element 0 of tensors does not require grad and does not have a grad_fn
  [FALLBACK] Using gradient descent step...
  [902] Computing full Hessian 3×3 + 161×161...
  [WARNING] Hessian computation failed: element 0 of tensors does not require grad and does not have a grad_fn
  [FALLBACK] Using gradient descent step...
  [903] Computing full Hessian 3×3 + 161×161...
  [WARNING] Hessian computation failed: element 0 of tensors does not require grad and does not have a grad_fn
  [FALLBACK] Using gradient descent step...
  [904] Computing full Hessian 3×3 + 161×161...
  [WARNING] Hessian computation failed: element 0 of tensors does not require grad and does not have a grad_fn
  [FALLBACK] Using gradient descent step...
  [905] Computing full Hessian 3×3 + 161×161...
  [WARNING] Hessian computation failed: element 0 of tensors does not require grad and does not have a grad_fn
  [FALLBACK] Using gradient descent step...
  [906] Computing full Hessian 3×3 + 161×161...
  [WARNING] Hessian computation failed: element 0 of tensors does not require grad and does not have a grad_fn
  [FALLBACK] Using gradient descent step...
  [907] Computing full Hessian 3×3 + 161×161...
  [WARNING] Hessian computation failed: element 0 of tensors does not require grad and does not have a grad_fn
  [FALLBACK] Using gradient descent step...
  [908] Computing full Hessian 3×3 + 161×161...
  [WARNING] Hessian computation failed: element 0 of tensors does not require grad and does not have a grad_fn
  [FALLBACK] Using gradient descent step...
  [909] Computing full Hessian 3×3 + 161×161...
  [WARNING] Hessian computation failed: element 0 of tensors does not require grad and does not have a grad_fn
  [FALLBACK] Using gradient descent step...
 910 |    1.448e+00 |    1.448e+00 |    0.000e+00 |    0.000e+00 |  0.000e+00 |  1.089e+00
  [910] Computing full Hessian 3×3 + 161×161...
  [WARNING] Hessian computation failed: element 0 of tensors does not require grad and does not have a grad_fn
  [FALLBACK] Using gradient descent step...
  [911] Computing full Hessian 3×3 + 161×161...
  [WARNING] Hessian computation failed: element 0 of tensors does not require grad and does not have a grad_fn
  [FALLBACK] Using gradient descent step...
  [912] Computing full Hessian 3×3 + 161×161...
  [WARNING] Hessian computation failed: element 0 of tensors does not require grad and does not have a grad_fn
  [FALLBACK] Using gradient descent step...
  [913] Computing full Hessian 3×3 + 161×161...
  [WARNING] Hessian computation failed: element 0 of tensors does not require grad and does not have a grad_fn
  [FALLBACK] Using gradient descent step...
  [914] Computing full Hessian 3×3 + 161×161...
  [WARNING] Hessian computation failed: element 0 of tensors does not require grad and does not have a grad_fn
  [FALLBACK] Using gradient descent step...
  [915] Computing full Hessian 3×3 + 161×161...
  [WARNING] Hessian computation failed: element 0 of tensors does not require grad and does not have a grad_fn
  [FALLBACK] Using gradient descent step...
  [916] Computing full Hessian 3×3 + 161×161...
  [WARNING] Hessian computation failed: element 0 of tensors does not require grad and does not have a grad_fn
  [FALLBACK] Using gradient descent step...
  [917] Computing full Hessian 3×3 + 161×161...
  [WARNING] Hessian computation failed: element 0 of tensors does not require grad and does not have a grad_fn
  [FALLBACK] Using gradient descent step...
  [918] Computing full Hessian 3×3 + 161×161...
  [WARNING] Hessian computation failed: element 0 of tensors does not require grad and does not have a grad_fn
  [FALLBACK] Using gradient descent step...
  [919] Computing full Hessian 3×3 + 161×161...
  [WARNING] Hessian computation failed: element 0 of tensors does not require grad and does not have a grad_fn
  [FALLBACK] Using gradient descent step...
 920 |    1.426e+00 |    1.426e+00 |    0.000e+00 |    0.000e+00 |  0.000e+00 |  1.089e+00
  [920] Computing full Hessian 3×3 + 161×161...
  [WARNING] Hessian computation failed: element 0 of tensors does not require grad and does not have a grad_fn
  [FALLBACK] Using gradient descent step...
  [921] Computing full Hessian 3×3 + 161×161...
  [WARNING] Hessian computation failed: element 0 of tensors does not require grad and does not have a grad_fn
  [FALLBACK] Using gradient descent step...
  [922] Computing full Hessian 3×3 + 161×161...
  [WARNING] Hessian computation failed: element 0 of tensors does not require grad and does not have a grad_fn
  [FALLBACK] Using gradient descent step...
  [923] Computing full Hessian 3×3 + 161×161...
  [WARNING] Hessian computation failed: element 0 of tensors does not require grad and does not have a grad_fn
  [FALLBACK] Using gradient descent step...
  [924] Computing full Hessian 3×3 + 161×161...
  [WARNING] Hessian computation failed: element 0 of tensors does not require grad and does not have a grad_fn
  [FALLBACK] Using gradient descent step...
  [925] Computing full Hessian 3×3 + 161×161...
  [WARNING] Hessian computation failed: element 0 of tensors does not require grad and does not have a grad_fn
  [FALLBACK] Using gradient descent step...
  [926] Computing full Hessian 3×3 + 161×161...
  [WARNING] Hessian computation failed: element 0 of tensors does not require grad and does not have a grad_fn
  [FALLBACK] Using gradient descent step...
  [927] Computing full Hessian 3×3 + 161×161...
  [WARNING] Hessian computation failed: element 0 of tensors does not require grad and does not have a grad_fn
  [FALLBACK] Using gradient descent step...
  [928] Computing full Hessian 3×3 + 161×161...
  [WARNING] Hessian computation failed: element 0 of tensors does not require grad and does not have a grad_fn
  [FALLBACK] Using gradient descent step...
  [929] Computing full Hessian 3×3 + 161×161...
  [WARNING] Hessian computation failed: element 0 of tensors does not require grad and does not have a grad_fn
  [FALLBACK] Using gradient descent step...
 930 |    1.405e+00 |    1.405e+00 |    0.000e+00 |    0.000e+00 |  0.000e+00 |  1.090e+00
  [930] Computing full Hessian 3×3 + 161×161...
  [WARNING] Hessian computation failed: element 0 of tensors does not require grad and does not have a grad_fn
  [FALLBACK] Using gradient descent step...
  [931] Computing full Hessian 3×3 + 161×161...
  [WARNING] Hessian computation failed: element 0 of tensors does not require grad and does not have a grad_fn
  [FALLBACK] Using gradient descent step...
  [932] Computing full Hessian 3×3 + 161×161...
  [WARNING] Hessian computation failed: element 0 of tensors does not require grad and does not have a grad_fn
  [FALLBACK] Using gradient descent step...
  [933] Computing full Hessian 3×3 + 161×161...
  [WARNING] Hessian computation failed: element 0 of tensors does not require grad and does not have a grad_fn
  [FALLBACK] Using gradient descent step...
  [934] Computing full Hessian 3×3 + 161×161...
  [WARNING] Hessian computation failed: element 0 of tensors does not require grad and does not have a grad_fn
  [FALLBACK] Using gradient descent step...
  [935] Computing full Hessian 3×3 + 161×161...
  [WARNING] Hessian computation failed: element 0 of tensors does not require grad and does not have a grad_fn
  [FALLBACK] Using gradient descent step...
  [936] Computing full Hessian 3×3 + 161×161...
  [WARNING] Hessian computation failed: element 0 of tensors does not require grad and does not have a grad_fn
  [FALLBACK] Using gradient descent step...
  [937] Computing full Hessian 3×3 + 161×161...
  [WARNING] Hessian computation failed: element 0 of tensors does not require grad and does not have a grad_fn
  [FALLBACK] Using gradient descent step...
  [938] Computing full Hessian 3×3 + 161×161...
  [WARNING] Hessian computation failed: element 0 of tensors does not require grad and does not have a grad_fn
  [FALLBACK] Using gradient descent step...
  [939] Computing full Hessian 3×3 + 161×161...
  [WARNING] Hessian computation failed: element 0 of tensors does not require grad and does not have a grad_fn
  [FALLBACK] Using gradient descent step...
 940 |    1.384e+00 |    1.384e+00 |    0.000e+00 |    0.000e+00 |  0.000e+00 |  1.090e+00
  [940] Computing full Hessian 3×3 + 161×161...
  [WARNING] Hessian computation failed: element 0 of tensors does not require grad and does not have a grad_fn
  [FALLBACK] Using gradient descent step...
  [941] Computing full Hessian 3×3 + 161×161...
  [WARNING] Hessian computation failed: element 0 of tensors does not require grad and does not have a grad_fn
  [FALLBACK] Using gradient descent step...
  [942] Computing full Hessian 3×3 + 161×161...
  [WARNING] Hessian computation failed: element 0 of tensors does not require grad and does not have a grad_fn
  [FALLBACK] Using gradient descent step...
  [943] Computing full Hessian 3×3 + 161×161...
  [WARNING] Hessian computation failed: element 0 of tensors does not require grad and does not have a grad_fn
  [FALLBACK] Using gradient descent step...
  [944] Computing full Hessian 3×3 + 161×161...
  [WARNING] Hessian computation failed: element 0 of tensors does not require grad and does not have a grad_fn
  [FALLBACK] Using gradient descent step...
  [945] Computing full Hessian 3×3 + 161×161...
  [WARNING] Hessian computation failed: element 0 of tensors does not require grad and does not have a grad_fn
  [FALLBACK] Using gradient descent step...
  [946] Computing full Hessian 3×3 + 161×161...
  [WARNING] Hessian computation failed: element 0 of tensors does not require grad and does not have a grad_fn
  [FALLBACK] Using gradient descent step...
  [947] Computing full Hessian 3×3 + 161×161...
  [WARNING] Hessian computation failed: element 0 of tensors does not require grad and does not have a grad_fn
  [FALLBACK] Using gradient descent step...
  [948] Computing full Hessian 3×3 + 161×161...
  [WARNING] Hessian computation failed: element 0 of tensors does not require grad and does not have a grad_fn
  [FALLBACK] Using gradient descent step...
  [949] Computing full Hessian 3×3 + 161×161...
  [WARNING] Hessian computation failed: element 0 of tensors does not require grad and does not have a grad_fn
  [FALLBACK] Using gradient descent step...
 950 |    1.364e+00 |    1.364e+00 |    0.000e+00 |    0.000e+00 |  0.000e+00 |  1.090e+00
  [950] Computing full Hessian 3×3 + 161×161...
  [WARNING] Hessian computation failed: element 0 of tensors does not require grad and does not have a grad_fn
  [FALLBACK] Using gradient descent step...
  [951] Computing full Hessian 3×3 + 161×161...
  [WARNING] Hessian computation failed: element 0 of tensors does not require grad and does not have a grad_fn
  [FALLBACK] Using gradient descent step...
  [952] Computing full Hessian 3×3 + 161×161...
  [WARNING] Hessian computation failed: element 0 of tensors does not require grad and does not have a grad_fn
  [FALLBACK] Using gradient descent step...
  [953] Computing full Hessian 3×3 + 161×161...
  [WARNING] Hessian computation failed: element 0 of tensors does not require grad and does not have a grad_fn
  [FALLBACK] Using gradient descent step...
  [954] Computing full Hessian 3×3 + 161×161...
  [WARNING] Hessian computation failed: element 0 of tensors does not require grad and does not have a grad_fn
  [FALLBACK] Using gradient descent step...
  [955] Computing full Hessian 3×3 + 161×161...
  [WARNING] Hessian computation failed: element 0 of tensors does not require grad and does not have a grad_fn
  [FALLBACK] Using gradient descent step...
  [956] Computing full Hessian 3×3 + 161×161...
  [WARNING] Hessian computation failed: element 0 of tensors does not require grad and does not have a grad_fn
  [FALLBACK] Using gradient descent step...
  [957] Computing full Hessian 3×3 + 161×161...
  [WARNING] Hessian computation failed: element 0 of tensors does not require grad and does not have a grad_fn
  [FALLBACK] Using gradient descent step...
  [958] Computing full Hessian 3×3 + 161×161...
  [WARNING] Hessian computation failed: element 0 of tensors does not require grad and does not have a grad_fn
  [FALLBACK] Using gradient descent step...
  [959] Computing full Hessian 3×3 + 161×161...
  [WARNING] Hessian computation failed: element 0 of tensors does not require grad and does not have a grad_fn
  [FALLBACK] Using gradient descent step...
 960 |    1.345e+00 |    1.345e+00 |    0.000e+00 |    0.000e+00 |  0.000e+00 |  1.091e+00
  [960] Computing full Hessian 3×3 + 161×161...
  [WARNING] Hessian computation failed: element 0 of tensors does not require grad and does not have a grad_fn
  [FALLBACK] Using gradient descent step...
  [961] Computing full Hessian 3×3 + 161×161...
  [WARNING] Hessian computation failed: element 0 of tensors does not require grad and does not have a grad_fn
  [FALLBACK] Using gradient descent step...
  [962] Computing full Hessian 3×3 + 161×161...
  [WARNING] Hessian computation failed: element 0 of tensors does not require grad and does not have a grad_fn
  [FALLBACK] Using gradient descent step...
  [963] Computing full Hessian 3×3 + 161×161...
  [WARNING] Hessian computation failed: element 0 of tensors does not require grad and does not have a grad_fn
  [FALLBACK] Using gradient descent step...
  [964] Computing full Hessian 3×3 + 161×161...
  [WARNING] Hessian computation failed: element 0 of tensors does not require grad and does not have a grad_fn
  [FALLBACK] Using gradient descent step...
  [965] Computing full Hessian 3×3 + 161×161...
  [WARNING] Hessian computation failed: element 0 of tensors does not require grad and does not have a grad_fn
  [FALLBACK] Using gradient descent step...
  [966] Computing full Hessian 3×3 + 161×161...
  [WARNING] Hessian computation failed: element 0 of tensors does not require grad and does not have a grad_fn
  [FALLBACK] Using gradient descent step...
  [967] Computing full Hessian 3×3 + 161×161...
  [WARNING] Hessian computation failed: element 0 of tensors does not require grad and does not have a grad_fn
  [FALLBACK] Using gradient descent step...
  [968] Computing full Hessian 3×3 + 161×161...
  [WARNING] Hessian computation failed: element 0 of tensors does not require grad and does not have a grad_fn
  [FALLBACK] Using gradient descent step...
  [969] Computing full Hessian 3×3 + 161×161...
  [WARNING] Hessian computation failed: element 0 of tensors does not require grad and does not have a grad_fn
  [FALLBACK] Using gradient descent step...
 970 |    1.325e+00 |    1.325e+00 |    0.000e+00 |    0.000e+00 |  0.000e+00 |  1.091e+00
  [970] Computing full Hessian 3×3 + 161×161...
  [WARNING] Hessian computation failed: element 0 of tensors does not require grad and does not have a grad_fn
  [FALLBACK] Using gradient descent step...
  [971] Computing full Hessian 3×3 + 161×161...
  [WARNING] Hessian computation failed: element 0 of tensors does not require grad and does not have a grad_fn
  [FALLBACK] Using gradient descent step...
  [972] Computing full Hessian 3×3 + 161×161...
  [WARNING] Hessian computation failed: element 0 of tensors does not require grad and does not have a grad_fn
  [FALLBACK] Using gradient descent step...
  [973] Computing full Hessian 3×3 + 161×161...
  [WARNING] Hessian computation failed: element 0 of tensors does not require grad and does not have a grad_fn
  [FALLBACK] Using gradient descent step...
  [974] Computing full Hessian 3×3 + 161×161...
  [WARNING] Hessian computation failed: element 0 of tensors does not require grad and does not have a grad_fn
  [FALLBACK] Using gradient descent step...
  [975] Computing full Hessian 3×3 + 161×161...
  [WARNING] Hessian computation failed: element 0 of tensors does not require grad and does not have a grad_fn
  [FALLBACK] Using gradient descent step...
  [976] Computing full Hessian 3×3 + 161×161...
  [WARNING] Hessian computation failed: element 0 of tensors does not require grad and does not have a grad_fn
  [FALLBACK] Using gradient descent step...
  [977] Computing full Hessian 3×3 + 161×161...
  [WARNING] Hessian computation failed: element 0 of tensors does not require grad and does not have a grad_fn
  [FALLBACK] Using gradient descent step...
  [978] Computing full Hessian 3×3 + 161×161...
  [WARNING] Hessian computation failed: element 0 of tensors does not require grad and does not have a grad_fn
  [FALLBACK] Using gradient descent step...
  [979] Computing full Hessian 3×3 + 161×161...
  [WARNING] Hessian computation failed: element 0 of tensors does not require grad and does not have a grad_fn
  [FALLBACK] Using gradient descent step...
 980 |    1.307e+00 |    1.307e+00 |    0.000e+00 |    0.000e+00 |  0.000e+00 |  1.092e+00
  [980] Computing full Hessian 3×3 + 161×161...
  [WARNING] Hessian computation failed: element 0 of tensors does not require grad and does not have a grad_fn
  [FALLBACK] Using gradient descent step...
  [981] Computing full Hessian 3×3 + 161×161...
  [WARNING] Hessian computation failed: element 0 of tensors does not require grad and does not have a grad_fn
  [FALLBACK] Using gradient descent step...
  [982] Computing full Hessian 3×3 + 161×161...
  [WARNING] Hessian computation failed: element 0 of tensors does not require grad and does not have a grad_fn
  [FALLBACK] Using gradient descent step...
  [983] Computing full Hessian 3×3 + 161×161...
  [WARNING] Hessian computation failed: element 0 of tensors does not require grad and does not have a grad_fn
  [FALLBACK] Using gradient descent step...
  [984] Computing full Hessian 3×3 + 161×161...
  [WARNING] Hessian computation failed: element 0 of tensors does not require grad and does not have a grad_fn
  [FALLBACK] Using gradient descent step...
  [985] Computing full Hessian 3×3 + 161×161...
  [WARNING] Hessian computation failed: element 0 of tensors does not require grad and does not have a grad_fn
  [FALLBACK] Using gradient descent step...
  [986] Computing full Hessian 3×3 + 161×161...
  [WARNING] Hessian computation failed: element 0 of tensors does not require grad and does not have a grad_fn
  [FALLBACK] Using gradient descent step...
  [987] Computing full Hessian 3×3 + 161×161...
  [WARNING] Hessian computation failed: element 0 of tensors does not require grad and does not have a grad_fn
  [FALLBACK] Using gradient descent step...
  [988] Computing full Hessian 3×3 + 161×161...
  [WARNING] Hessian computation failed: element 0 of tensors does not require grad and does not have a grad_fn
  [FALLBACK] Using gradient descent step...
  [989] Computing full Hessian 3×3 + 161×161...
  [WARNING] Hessian computation failed: element 0 of tensors does not require grad and does not have a grad_fn
  [FALLBACK] Using gradient descent step...
 990 |    1.288e+00 |    1.288e+00 |    0.000e+00 |    0.000e+00 |  0.000e+00 |  1.092e+00
  [990] Computing full Hessian 3×3 + 161×161...
  [WARNING] Hessian computation failed: element 0 of tensors does not require grad and does not have a grad_fn
  [FALLBACK] Using gradient descent step...
  [991] Computing full Hessian 3×3 + 161×161...
  [WARNING] Hessian computation failed: element 0 of tensors does not require grad and does not have a grad_fn
  [FALLBACK] Using gradient descent step...
  [992] Computing full Hessian 3×3 + 161×161...
  [WARNING] Hessian computation failed: element 0 of tensors does not require grad and does not have a grad_fn
  [FALLBACK] Using gradient descent step...
  [993] Computing full Hessian 3×3 + 161×161...
  [WARNING] Hessian computation failed: element 0 of tensors does not require grad and does not have a grad_fn
  [FALLBACK] Using gradient descent step...
  [994] Computing full Hessian 3×3 + 161×161...
  [WARNING] Hessian computation failed: element 0 of tensors does not require grad and does not have a grad_fn
  [FALLBACK] Using gradient descent step...
  [995] Computing full Hessian 3×3 + 161×161...
  [WARNING] Hessian computation failed: element 0 of tensors does not require grad and does not have a grad_fn
  [FALLBACK] Using gradient descent step...
  [996] Computing full Hessian 3×3 + 161×161...
  [WARNING] Hessian computation failed: element 0 of tensors does not require grad and does not have a grad_fn
  [FALLBACK] Using gradient descent step...
  [997] Computing full Hessian 3×3 + 161×161...
  [WARNING] Hessian computation failed: element 0 of tensors does not require grad and does not have a grad_fn
  [FALLBACK] Using gradient descent step...
  [998] Computing full Hessian 3×3 + 161×161...
  [WARNING] Hessian computation failed: element 0 of tensors does not require grad and does not have a grad_fn
  [FALLBACK] Using gradient descent step...
  [999] Computing full Hessian 3×3 + 161×161...
  [WARNING] Hessian computation failed: element 0 of tensors does not require grad and does not have a grad_fn
  [FALLBACK] Using gradient descent step...
[MAX ITER] Reached maximum iterations (1000)
  Final gradient norm: 4.21e+00
2026-02-22 23:10:33,451 [ERROR] 
[ERROR] __init__() got an unexpected keyword argument 'iterations'
2026-02-22 23:10:33,451 [ERROR] Traceback (most recent call last):
  File "generic.py", line 831, in main
    result = solve_problem(parsed_data)
  File "generic.py", line 469, in solve_problem
    result = solve(
  File "D:\documents\software\dropbox\Dropbox\GIT\ML\PINN-FEM\FEM\python\fem\solver.py", line 1131, in solve
    result = solve_full_nr(
  File "D:\documents\software\dropbox\Dropbox\GIT\ML\PINN-FEM\FEM\python\fem\solver.py", line 1010, in solve_full_nr
    return SolverResult(
TypeError: __init__() got an unexpected keyword argument 'iterations'

D:\documents\software\dropbox\Dropbox\GIT\ML\PINN-FEM\FEM\python\fem\solver.py:725: UserWarning: To copy construct from a tensor, it is recommended to use sourceTensor.clone().detach() or sourceTensor.clone().detach().requires_grad_(True), rather than torch.tensor(sourceTensor).
  f_ext_torch = torch.tensor(model.loads, dtype=torch.float32)
